Time resolution is 1 ps
 Block Memory Generator module loading initial data...
 Block Memory Generator data initialization complete.
Block Memory Generator module tb_top.cache_top.cache.way0_bank0.inst.\native_mem_module.blk_mem_gen_v8_4_6_inst  is using a behavioral model for simulation which will not precisely model memory collision behavior.
 Block Memory Generator module loading initial data...
 Block Memory Generator data initialization complete.
Block Memory Generator module tb_top.cache_top.cache.way0_bank1.inst.\native_mem_module.blk_mem_gen_v8_4_6_inst  is using a behavioral model for simulation which will not precisely model memory collision behavior.
 Block Memory Generator module loading initial data...
 Block Memory Generator data initialization complete.
Block Memory Generator module tb_top.cache_top.cache.way0_bank2.inst.\native_mem_module.blk_mem_gen_v8_4_6_inst  is using a behavioral model for simulation which will not precisely model memory collision behavior.
 Block Memory Generator module loading initial data...
 Block Memory Generator data initialization complete.
Block Memory Generator module tb_top.cache_top.cache.way0_bank3.inst.\native_mem_module.blk_mem_gen_v8_4_6_inst  is using a behavioral model for simulation which will not precisely model memory collision behavior.
 Block Memory Generator module loading initial data...
 Block Memory Generator data initialization complete.
Block Memory Generator module tb_top.cache_top.cache.way1_bank0.inst.\native_mem_module.blk_mem_gen_v8_4_6_inst  is using a behavioral model for simulation which will not precisely model memory collision behavior.
 Block Memory Generator module loading initial data...
 Block Memory Generator data initialization complete.
Block Memory Generator module tb_top.cache_top.cache.way1_bank1.inst.\native_mem_module.blk_mem_gen_v8_4_6_inst  is using a behavioral model for simulation which will not precisely model memory collision behavior.
 Block Memory Generator module loading initial data...
 Block Memory Generator data initialization complete.
Block Memory Generator module tb_top.cache_top.cache.way1_bank2.inst.\native_mem_module.blk_mem_gen_v8_4_6_inst  is using a behavioral model for simulation which will not precisely model memory collision behavior.
 Block Memory Generator module loading initial data...
 Block Memory Generator data initialization complete.
Block Memory Generator module tb_top.cache_top.cache.way1_bank3.inst.\native_mem_module.blk_mem_gen_v8_4_6_inst  is using a behavioral model for simulation which will not precisely model memory collision behavior.
 Block Memory Generator module loading initial data...
 Block Memory Generator data initialization complete.
Block Memory Generator module tb_top.cache_top.cache.way0_tagv.inst.\native_mem_module.blk_mem_gen_v8_4_6_inst  is using a behavioral model for simulation which will not precisely model memory collision behavior.
 Block Memory Generator module loading initial data...
 Block Memory Generator data initialization complete.
Block Memory Generator module tb_top.cache_top.cache.way1_tagv.inst.\native_mem_module.blk_mem_gen_v8_4_6_inst  is using a behavioral model for simulation which will not precisely model memory collision behavior.
index 00 finished
index 00 finished
index 01 finished
index 01 finished
index 02 finished
index 02 finished
index 03 finished
index 03 finished
index 04 finished
index 04 finished
index 05 finished
index 05 finished
index 06 finished
index 06 finished
index 07 finished
index 07 finished
index 08 finished
index 08 finished
index 09 finished
index 09 finished
index 0a finished
index 0a finished
index 0b finished
index 0b finished
index 0c finished
index 0c finished
index 0d finished
index 0d finished
index 0e finished
index 0e finished
index 0f finished
index 0f finished
index 10 finished
index 10 finished
index 11 finished
index 11 finished
index 12 finished
index 12 finished
index 13 finished
index 13 finished
index 14 finished
index 14 finished
index 15 finished
index 15 finished
index 16 finished
index 16 finished
index 17 finished
index 17 finished
index 18 finished
index 18 finished
index 19 finished
index 19 finished
index 1a finished
index 1a finished
index 1b finished
index 1b finished
index 1c finished
index 1c finished
index 1d finished
index 1d finished
index 1e finished
index 1e finished
index 1f finished
index 1f finished
index 20 finished
index 20 finished
index 21 finished
index 21 finished
index 22 finished
index 22 finished
index 23 finished
index 23 finished
index 24 finished
index 24 finished
index 25 finished
index 25 finished
index 26 finished
index 26 finished
index 27 finished
index 27 finished
index 28 finished
index 28 finished
index 29 finished
index 29 finished
index 2a finished
index 2a finished
index 2b finished
index 2b finished
index 2c finished
index 2c finished
index 2d finished
index 2d finished
index 2e finished
index 2e finished
index 2f finished
index 2f finished
index 30 finished
index 30 finished
index 31 finished
index 31 finished
index 32 finished
index 32 finished
index 33 finished
index 33 finished
index 34 finished
index 34 finished
index 35 finished
index 35 finished
index 36 finished
index 36 finished
index 37 finished
index 37 finished
index 38 finished
index 38 finished
index 39 finished
index 39 finished
index 3a finished
index 3a finished
index 3b finished
index 3b finished
index 3c finished
index 3c finished
index 3d finished
index 3d finished
index 3e finished
index 3e finished
index 3f finished
index 3f finished
index 40 finished
index 40 finished
index 41 finished
index 41 finished
index 42 finished
index 42 finished
index 43 finished
index 43 finished
index 44 finished
index 44 finished
index 45 finished
index 45 finished
index 46 finished
index 46 finished
index 47 finished
index 47 finished
index 48 finished
index 48 finished
index 49 finished
index 49 finished
index 4a finished
index 4a finished
index 4b finished
index 4b finished
index 4c finished
index 4c finished
index 4d finished
index 4d finished
index 4e finished
index 4e finished
index 4f finished
index 4f finished
index 50 finished
index 50 finished
index 51 finished
index 51 finished
index 52 finished
index 52 finished
index 53 finished
index 53 finished
index 54 finished
index 54 finished
index 55 finished
index 55 finished
index 56 finished
index 56 finished
index 57 finished
index 57 finished
index 58 finished
index 58 finished
index 59 finished
index 59 finished
index 5a finished
index 5a finished
index 5b finished
index 5b finished
index 5c finished
index 5c finished
index 5d finished
index 5d finished
index 5e finished
index 5e finished
index 5f finished
index 5f finished
index 60 finished
index 60 finished
index 61 finished
index 61 finished
index 62 finished
index 62 finished
index 63 finished
index 63 finished
index 64 finished
index 64 finished
index 65 finished
index 65 finished
index 66 finished
index 66 finished
index 67 finished
index 67 finished
index 68 finished
index 68 finished
index 69 finished
index 69 finished
index 6a finished
index 6a finished
index 6b finished
index 6b finished
index 6c finished
index 6c finished
index 6d finished
index 6d finished
index 6e finished
index 6e finished
index 6f finished
index 6f finished
index 70 finished
index 70 finished
index 71 finished
index 71 finished
index 72 finished
index 72 finished
index 73 finished
index 73 finished
index 74 finished
index 74 finished
index 75 finished
index 75 finished
index 76 finished
index 76 finished
index 77 finished
index 77 finished
index 78 finished
index 78 finished
index 79 finished
index 79 finished
index 7a finished
index 7a finished
index 7b finished
index 7b finished
index 7c finished
index 7c finished
index 7d finished
index 7d finished
index 7e finished
index 7e finished
index 7f finished
index 7f finished
index 80 finished
index 80 finished
index 81 finished
index 81 finished
index 82 finished
index 82 finished
index 83 finished
index 83 finished
index 84 finished
index 84 finished
index 85 finished
index 85 finished
index 86 finished
index 86 finished
index 87 finished
index 87 finished
index 88 finished
index 88 finished
index 89 finished
