
*** Running vivado
    with args -log clk_pll.vds -m64 -product Vivado -mode batch -messageDb vivado.pb -notrace -source clk_pll.tcl


****** Vivado v2023.1 (64-bit)
  **** SW Build 3865809 on Sun May  7 15:04:56 MDT 2023
  **** IP Build 3864474 on Sun May  7 20:36:21 MDT 2023
  **** SharedData Build 3865790 on Sun May 07 13:33:03 MDT 2023
    ** Copyright 1986-2022 Xilinx, Inc. All Rights Reserved.
    ** Copyright 2022-2023 Advanced Micro Devices, Inc. All Rights Reserved.

source clk_pll.tcl -notrace
create_project: Time (s): cpu = 00:00:05 ; elapsed = 00:00:05 . Memory (MB): peak = 1276.492 ; gain = 0.023 ; free physical = 1243 ; free virtual = 9721
INFO: [IP_Flow 19-6924] IPCACHE: Running cache check for IP inst: clk_pll
Command: synth_design -top clk_pll -part xc7a200tfbg676-1 -incremental_mode off -mode out_of_context
Starting synth_design
Attempting to get a license for feature 'Synthesis' and/or device 'xc7a200t'
INFO: [Common 17-349] Got license for feature 'Synthesis' and/or device 'xc7a200t'
INFO: [Device 21-403] Loading part xc7a200tfbg676-1
INFO: [Synth 8-7079] Multithreading enabled for synth_design using a maximum of 4 processes.
INFO: [Synth 8-7078] Launching helper process for spawning children vivado processes
INFO: [Synth 8-7075] Helper process launched with PID 22825
---------------------------------------------------------------------------------
Starting RTL Elaboration : Time (s): cpu = 00:00:03 ; elapsed = 00:00:03 . Memory (MB): peak = 2045.762 ; gain = 379.770 ; free physical = 261 ; free virtual = 6806
---------------------------------------------------------------------------------
INFO: [Synth 8-6157] synthesizing module 'clk_pll' [/home/ysxashore/Data_DISK/Projects/Studying/LoongArch-Learn/CPU_design/cdp_ede_local_LA_readygo/mycpu_env/soc_verify/soc_hs_bram/rtl/xilinx_ip/clk_pll/clk_pll.v:69]
INFO: [Synth 8-6157] synthesizing module 'clk_pll_clk_wiz' [/home/ysxashore/Data_DISK/Projects/Studying/LoongArch-Learn/CPU_design/cdp_ede_local_LA_readygo/mycpu_env/soc_verify/soc_hs_bram/rtl/xilinx_ip/clk_pll/clk_pll_clk_wiz.v:69]
INFO: [Synth 8-6157] synthesizing module 'IBUF' [/home/ysxashore/App/Xilinx/Vivado/2023.1/scripts/rt/data/unisim_comp.v:71768]
INFO: [Synth 8-6155] done synthesizing module 'IBUF' (0#1) [/home/ysxashore/App/Xilinx/Vivado/2023.1/scripts/rt/data/unisim_comp.v:71768]
INFO: [Synth 8-6157] synthesizing module 'PLLE2_ADV' [/home/ysxashore/App/Xilinx/Vivado/2023.1/scripts/rt/data/unisim_comp.v:109413]
	Parameter BANDWIDTH bound to: OPTIMIZED - type: string 
	Parameter CLKFBOUT_MULT bound to: 9 - type: integer 
	Parameter CLKFBOUT_PHASE bound to: 0.000000 - type: double 
	Parameter CLKIN1_PERIOD bound to: 10.000000 - type: double 
	Parameter CLKOUT0_DIVIDE bound to: 18 - type: integer 
	Parameter CLKOUT0_DUTY_CYCLE bound to: 0.500000 - type: double 
	Parameter CLKOUT0_PHASE bound to: 0.000000 - type: double 
	Parameter CLKOUT1_DIVIDE bound to: 9 - type: integer 
	Parameter CLKOUT1_DUTY_CYCLE bound to: 0.500000 - type: double 
	Parameter CLKOUT1_PHASE bound to: 0.000000 - type: double 
	Parameter COMPENSATION bound to: ZHOLD - type: string 
	Parameter DIVCLK_DIVIDE bound to: 1 - type: integer 
	Parameter STARTUP_WAIT bound to: FALSE - type: string 
INFO: [Synth 8-6155] done synthesizing module 'PLLE2_ADV' (0#1) [/home/ysxashore/App/Xilinx/Vivado/2023.1/scripts/rt/data/unisim_comp.v:109413]
INFO: [Synth 8-6157] synthesizing module 'BUFG' [/home/ysxashore/App/Xilinx/Vivado/2023.1/scripts/rt/data/unisim_comp.v:1519]
INFO: [Synth 8-6155] done synthesizing module 'BUFG' (0#1) [/home/ysxashore/App/Xilinx/Vivado/2023.1/scripts/rt/data/unisim_comp.v:1519]
INFO: [Synth 8-6155] done synthesizing module 'clk_pll_clk_wiz' (0#1) [/home/ysxashore/Data_DISK/Projects/Studying/LoongArch-Learn/CPU_design/cdp_ede_local_LA_readygo/mycpu_env/soc_verify/soc_hs_bram/rtl/xilinx_ip/clk_pll/clk_pll_clk_wiz.v:69]
INFO: [Synth 8-6155] done synthesizing module 'clk_pll' (0#1) [/home/ysxashore/Data_DISK/Projects/Studying/LoongArch-Learn/CPU_design/cdp_ede_local_LA_readygo/mycpu_env/soc_verify/soc_hs_bram/rtl/xilinx_ip/clk_pll/clk_pll.v:69]
---------------------------------------------------------------------------------
Finished RTL Elaboration : Time (s): cpu = 00:00:04 ; elapsed = 00:00:05 . Memory (MB): peak = 2111.699 ; gain = 445.707 ; free physical = 256 ; free virtual = 6705
---------------------------------------------------------------------------------
---------------------------------------------------------------------------------
Start Handling Custom Attributes
---------------------------------------------------------------------------------
---------------------------------------------------------------------------------
Finished Handling Custom Attributes : Time (s): cpu = 00:00:04 ; elapsed = 00:00:05 . Memory (MB): peak = 2129.512 ; gain = 463.520 ; free physical = 230 ; free virtual = 6679
---------------------------------------------------------------------------------
---------------------------------------------------------------------------------
Finished RTL Optimization Phase 1 : Time (s): cpu = 00:00:04 ; elapsed = 00:00:05 . Memory (MB): peak = 2129.512 ; gain = 463.520 ; free physical = 230 ; free virtual = 6679
---------------------------------------------------------------------------------
Netlist sorting complete. Time (s): cpu = 00:00:00 ; elapsed = 00:00:00 . Memory (MB): peak = 2135.449 ; gain = 0.000 ; free physical = 210 ; free virtual = 6658
INFO: [Netlist 29-17] Analyzing 1 Unisim elements for replacement
INFO: [Netlist 29-28] Unisim Transformation completed in 0 CPU seconds
INFO: [Project 1-570] Preparing netlist for logic optimization

Processing XDC Constraints
Initializing timing engine
Parsing XDC File [/home/ysxashore/Data_DISK/Projects/Studying/LoongArch-Learn/CPU_design/cdp_ede_local_LA_readygo/mycpu_env/soc_verify/soc_hs_bram/rtl/xilinx_ip/clk_pll/clk_pll_ooc.xdc] for cell 'inst'
Finished Parsing XDC File [/home/ysxashore/Data_DISK/Projects/Studying/LoongArch-Learn/CPU_design/cdp_ede_local_LA_readygo/mycpu_env/soc_verify/soc_hs_bram/rtl/xilinx_ip/clk_pll/clk_pll_ooc.xdc] for cell 'inst'
Parsing XDC File [/home/ysxashore/Data_DISK/Projects/Studying/LoongArch-Learn/CPU_design/cdp_ede_local_LA_readygo/mycpu_env/soc_verify/soc_hs_bram/rtl/xilinx_ip/clk_pll/clk_pll_board.xdc] for cell 'inst'
Finished Parsing XDC File [/home/ysxashore/Data_DISK/Projects/Studying/LoongArch-Learn/CPU_design/cdp_ede_local_LA_readygo/mycpu_env/soc_verify/soc_hs_bram/rtl/xilinx_ip/clk_pll/clk_pll_board.xdc] for cell 'inst'
Parsing XDC File [/home/ysxashore/Data_DISK/Projects/Studying/LoongArch-Learn/CPU_design/cdp_ede_local_LA_readygo/mycpu_env/soc_verify/soc_hs_bram/rtl/xilinx_ip/clk_pll/clk_pll.xdc] for cell 'inst'
Finished Parsing XDC File [/home/ysxashore/Data_DISK/Projects/Studying/LoongArch-Learn/CPU_design/cdp_ede_local_LA_readygo/mycpu_env/soc_verify/soc_hs_bram/rtl/xilinx_ip/clk_pll/clk_pll.xdc] for cell 'inst'
INFO: [Project 1-236] Implementation specific constraints were found while reading constraint file [/home/ysxashore/Data_DISK/Projects/Studying/LoongArch-Learn/CPU_design/cdp_ede_local_LA_readygo/mycpu_env/soc_verify/soc_hs_bram/rtl/xilinx_ip/clk_pll/clk_pll.xdc]. These constraints will be ignored for synthesis but will be used in implementation. Impacted constraints are listed in the file [.Xil/clk_pll_propImpl.xdc].
Resolution: To avoid this warning, move constraints listed in [.Xil/clk_pll_propImpl.xdc] to another XDC file and exclude this new file from synthesis with the used_in_synthesis property (File Properties dialog in GUI) and re-run elaboration/synthesis.
INFO: [Timing 38-2] Deriving generated clocks
Parsing XDC File [/home/ysxashore/Data_DISK/Projects/Studying/LoongArch-Learn/CPU_design/cdp_ede_local_LA_readygo/mycpu_env/soc_verify/soc_hs_bram/run_vivado/project/loongson.runs/clk_pll_synth_1/dont_touch.xdc]
Finished Parsing XDC File [/home/ysxashore/Data_DISK/Projects/Studying/LoongArch-Learn/CPU_design/cdp_ede_local_LA_readygo/mycpu_env/soc_verify/soc_hs_bram/run_vivado/project/loongson.runs/clk_pll_synth_1/dont_touch.xdc]
Completed Processing XDC Constraints

Netlist sorting complete. Time (s): cpu = 00:00:00 ; elapsed = 00:00:00 . Memory (MB): peak = 2202.449 ; gain = 0.000 ; free physical = 509 ; free virtual = 6394
INFO: [Project 1-111] Unisim Transformation Summary:
No Unisim elements were transformed.

Constraint Validation Runtime : Time (s): cpu = 00:00:00 ; elapsed = 00:00:00.01 . Memory (MB): peak = 2202.449 ; gain = 0.000 ; free physical = 508 ; free virtual = 6393
INFO: [Designutils 20-5008] Incremental synthesis strategy off
---------------------------------------------------------------------------------
Finished Constraint Validation : Time (s): cpu = 00:00:10 ; elapsed = 00:00:10 . Memory (MB): peak = 2202.449 ; gain = 536.457 ; free physical = 194 ; free virtual = 6082
---------------------------------------------------------------------------------
---------------------------------------------------------------------------------
Start Loading Part and Timing Information
---------------------------------------------------------------------------------
Loading part: xc7a200tfbg676-1
---------------------------------------------------------------------------------
Finished Loading Part and Timing Information : Time (s): cpu = 00:00:10 ; elapsed = 00:00:10 . Memory (MB): peak = 2202.449 ; gain = 536.457 ; free physical = 189 ; free virtual = 6077
---------------------------------------------------------------------------------
---------------------------------------------------------------------------------
Start Applying 'set_property' XDC Constraints
---------------------------------------------------------------------------------
Applied set_property KEEP_HIERARCHY = SOFT for inst. (constraint file  /home/ysxashore/Data_DISK/Projects/Studying/LoongArch-Learn/CPU_design/cdp_ede_local_LA_readygo/mycpu_env/soc_verify/soc_hs_bram/run_vivado/project/loongson.runs/clk_pll_synth_1/dont_touch.xdc, line 9).
---------------------------------------------------------------------------------
Finished applying 'set_property' XDC Constraints : Time (s): cpu = 00:00:10 ; elapsed = 00:00:10 . Memory (MB): peak = 2202.449 ; gain = 536.457 ; free physical = 186 ; free virtual = 6075
---------------------------------------------------------------------------------
---------------------------------------------------------------------------------
Finished RTL Optimization Phase 2 : Time (s): cpu = 00:00:10 ; elapsed = 00:00:10 . Memory (MB): peak = 2202.449 ; gain = 536.457 ; free physical = 329 ; free virtual = 6058
---------------------------------------------------------------------------------
---------------------------------------------------------------------------------
Start RTL Component Statistics 
---------------------------------------------------------------------------------
Detailed RTL Component Info : 
---------------------------------------------------------------------------------
Finished RTL Component Statistics 
---------------------------------------------------------------------------------
---------------------------------------------------------------------------------
Start Part Resource Summary
---------------------------------------------------------------------------------
Part Resources:
DSPs: 740 (col length:100)
BRAMs: 730 (col length: RAMB18 100 RAMB36 50)
---------------------------------------------------------------------------------
Finished Part Resource Summary
---------------------------------------------------------------------------------
---------------------------------------------------------------------------------
Start Cross Boundary and Area Optimization
---------------------------------------------------------------------------------
WARNING: [Synth 8-7080] Parallel synthesis criteria is not met
---------------------------------------------------------------------------------
Finished Cross Boundary and Area Optimization : Time (s): cpu = 00:00:11 ; elapsed = 00:00:11 . Memory (MB): peak = 2202.449 ; gain = 536.457 ; free physical = 281 ; free virtual = 6015
---------------------------------------------------------------------------------
---------------------------------------------------------------------------------
Start Applying XDC Timing Constraints
---------------------------------------------------------------------------------
---------------------------------------------------------------------------------
Finished Applying XDC Timing Constraints : Time (s): cpu = 00:00:14 ; elapsed = 00:00:14 . Memory (MB): peak = 2202.449 ; gain = 536.457 ; free physical = 225 ; free virtual = 5961
---------------------------------------------------------------------------------
---------------------------------------------------------------------------------
Start Timing Optimization
---------------------------------------------------------------------------------
---------------------------------------------------------------------------------
Finished Timing Optimization : Time (s): cpu = 00:00:14 ; elapsed = 00:00:14 . Memory (MB): peak = 2202.449 ; gain = 536.457 ; free physical = 225 ; free virtual = 5961
---------------------------------------------------------------------------------
---------------------------------------------------------------------------------
Start Technology Mapping
---------------------------------------------------------------------------------
---------------------------------------------------------------------------------
Finished Technology Mapping : Time (s): cpu = 00:00:14 ; elapsed = 00:00:14 . Memory (MB): peak = 2202.449 ; gain = 536.457 ; free physical = 224 ; free virtual = 5961
---------------------------------------------------------------------------------
---------------------------------------------------------------------------------
Start IO Insertion
---------------------------------------------------------------------------------
---------------------------------------------------------------------------------
Start Flattening Before IO Insertion
---------------------------------------------------------------------------------
---------------------------------------------------------------------------------
Finished Flattening Before IO Insertion
---------------------------------------------------------------------------------
---------------------------------------------------------------------------------
Start Final Netlist Cleanup
---------------------------------------------------------------------------------
---------------------------------------------------------------------------------
Finished Final Netlist Cleanup
---------------------------------------------------------------------------------
---------------------------------------------------------------------------------
Finished IO Insertion : Time (s): cpu = 00:00:16 ; elapsed = 00:00:17 . Memory (MB): peak = 2202.449 ; gain = 536.457 ; free physical = 162 ; free virtual = 5909
---------------------------------------------------------------------------------
---------------------------------------------------------------------------------
Start Renaming Generated Instances
---------------------------------------------------------------------------------
---------------------------------------------------------------------------------
Finished Renaming Generated Instances : Time (s): cpu = 00:00:16 ; elapsed = 00:00:17 . Memory (MB): peak = 2202.449 ; gain = 536.457 ; free physical = 162 ; free virtual = 5909
---------------------------------------------------------------------------------
---------------------------------------------------------------------------------
Start Rebuilding User Hierarchy
---------------------------------------------------------------------------------
---------------------------------------------------------------------------------
Finished Rebuilding User Hierarchy : Time (s): cpu = 00:00:16 ; elapsed = 00:00:17 . Memory (MB): peak = 2202.449 ; gain = 536.457 ; free physical = 162 ; free virtual = 5909
---------------------------------------------------------------------------------
---------------------------------------------------------------------------------
Start Renaming Generated Ports
---------------------------------------------------------------------------------
---------------------------------------------------------------------------------
Finished Renaming Generated Ports : Time (s): cpu = 00:00:16 ; elapsed = 00:00:17 . Memory (MB): peak = 2202.449 ; gain = 536.457 ; free physical = 162 ; free virtual = 5909
---------------------------------------------------------------------------------
---------------------------------------------------------------------------------
Start Handling Custom Attributes
---------------------------------------------------------------------------------
---------------------------------------------------------------------------------
Finished Handling Custom Attributes : Time (s): cpu = 00:00:16 ; elapsed = 00:00:17 . Memory (MB): peak = 2202.449 ; gain = 536.457 ; free physical = 162 ; free virtual = 5909
---------------------------------------------------------------------------------
---------------------------------------------------------------------------------
Start Renaming Generated Nets
---------------------------------------------------------------------------------
---------------------------------------------------------------------------------
Finished Renaming Generated Nets : Time (s): cpu = 00:00:16 ; elapsed = 00:00:17 . Memory (MB): peak = 2202.449 ; gain = 536.457 ; free physical = 162 ; free virtual = 5909
---------------------------------------------------------------------------------
---------------------------------------------------------------------------------
Start Writing Synthesis Report
---------------------------------------------------------------------------------

Report BlackBoxes: 
+-+--------------+----------+
| |BlackBox name |Instances |
+-+--------------+----------+
+-+--------------+----------+

Report Cell Usage: 
+------+----------+------+
|      |Cell      |Count |
+------+----------+------+
|1     |BUFG      |     3|
|2     |PLLE2_ADV |     1|
|3     |IBUF      |     1|
+------+----------+------+
---------------------------------------------------------------------------------
Finished Writing Synthesis Report : Time (s): cpu = 00:00:16 ; elapsed = 00:00:17 . Memory (MB): peak = 2202.449 ; gain = 536.457 ; free physical = 194 ; free virtual = 5911
---------------------------------------------------------------------------------
Synthesis finished with 0 errors, 0 critical warnings and 1 warnings.
Synthesis Optimization Runtime : Time (s): cpu = 00:00:15 ; elapsed = 00:00:15 . Memory (MB): peak = 2202.449 ; gain = 463.520 ; free physical = 260 ; free virtual = 5914
Synthesis Optimization Complete : Time (s): cpu = 00:00:16 ; elapsed = 00:00:17 . Memory (MB): peak = 2202.449 ; gain = 536.457 ; free physical = 259 ; free virtual = 5913
INFO: [Project 1-571] Translating synthesized netlist
Netlist sorting complete. Time (s): cpu = 00:00:00 ; elapsed = 00:00:00 . Memory (MB): peak = 2202.449 ; gain = 0.000 ; free physical = 545 ; free virtual = 6204
INFO: [Netlist 29-17] Analyzing 1 Unisim elements for replacement
INFO: [Netlist 29-28] Unisim Transformation completed in 0 CPU seconds
INFO: [Project 1-570] Preparing netlist for logic optimization
INFO: [Opt 31-138] Pushed 0 inverter(s) to 0 load pin(s).
Netlist sorting complete. Time (s): cpu = 00:00:00 ; elapsed = 00:00:00 . Memory (MB): peak = 2202.449 ; gain = 0.000 ; free physical = 546 ; free virtual = 6200
INFO: [Project 1-111] Unisim Transformation Summary:
No Unisim elements were transformed.

Synth Design complete | Checksum: 6f9ba226
INFO: [Common 17-83] Releasing license: Synthesis
30 Infos, 1 Warnings, 0 Critical Warnings and 0 Errors encountered.
synth_design completed successfully
synth_design: Time (s): cpu = 00:00:22 ; elapsed = 00:00:21 . Memory (MB): peak = 2202.449 ; gain = 906.145 ; free physical = 543 ; free virtual = 6197
INFO: [Common 17-2834] synth_design peak Physical Memory [PSS] (MB): overall = 1641.780; main = 1332.868; forked = 320.809
INFO: [Common 17-2834] synth_design peak Virtual Memory [VSS] (MB): overall = 3156.266; main = 2170.438; forked = 985.828
INFO: [Common 17-1381] The checkpoint '/home/ysxashore/Data_DISK/Projects/Studying/LoongArch-Learn/CPU_design/cdp_ede_local_LA_readygo/mycpu_env/soc_verify/soc_hs_bram/run_vivado/project/loongson.runs/clk_pll_synth_1/clk_pll.dcp' has been generated.
INFO: [Coretcl 2-1648] Added synthesis output to IP cache for IP clk_pll, cache-ID = f8370518168f2c65
INFO: [Common 17-1381] The checkpoint '/home/ysxashore/Data_DISK/Projects/Studying/LoongArch-Learn/CPU_design/cdp_ede_local_LA_readygo/mycpu_env/soc_verify/soc_hs_bram/run_vivado/project/loongson.runs/clk_pll_synth_1/clk_pll.dcp' has been generated.
INFO: [runtcl-4] Executing : report_utilization -file clk_pll_utilization_synth.rpt -pb clk_pll_utilization_synth.pb
INFO: [Common 17-206] Exiting Vivado at Mon Mar  4 10:44:44 2024...
