INFO: [VRFC 10-2263] Analyzing Verilog file "/home/ysxashore/Data_DISK/Projects/Studying/LoongArch-Learn/CPU_design/cdp_ede_local_LA_readygo/mycpu_env/soc_verify/soc_axi/rtl/xilinx_ip/clk_pll/clk_pll_clk_wiz.v" into library xil_defaultlib
INFO: [VRFC 10-311] analyzing module clk_pll_clk_wiz
INFO: [VRFC 10-2263] Analyzing Verilog file "/home/ysxashore/Data_DISK/Projects/Studying/LoongArch-Learn/CPU_design/cdp_ede_local_LA_readygo/mycpu_env/soc_verify/soc_axi/rtl/xilinx_ip/clk_pll/clk_pll.v" into library xil_defaultlib
INFO: [VRFC 10-311] analyzing module clk_pll
INFO: [VRFC 10-2263] Analyzing Verilog file "/home/ysxashore/Data_DISK/Projects/Studying/LoongArch-Learn/CPU_design/cdp_ede_local_LA_readygo/mycpu_env/soc_verify/soc_axi/rtl/xilinx_ip/axi_ram/sim/axi_ram.v" into library xil_defaultlib
INFO: [VRFC 10-311] analyzing module axi_ram
INFO: [VRFC 10-2263] Analyzing Verilog file "/home/ysxashore/Data_DISK/Projects/Studying/LoongArch-Learn/CPU_design/cdp_ede_local_LA_readygo/mycpu_env/soc_verify/soc_axi/rtl/xilinx_ip/axi_crossbar_1x2/sim/axi_crossbar_1x2.v" into library xil_defaultlib
INFO: [VRFC 10-311] analyzing module axi_crossbar_1x2
INFO: [VRFC 10-2263] Analyzing Verilog file "/home/ysxashore/Data_DISK/Projects/Studying/LoongArch-Learn/CPU_design/cdp_ede_local_LA_readygo/mycpu_env/soc_verify/soc_axi/run_vivado/project/loongson.srcs/sources_1/new/alu.v" into library xil_defaultlib
INFO: [VRFC 10-311] analyzing module alu
INFO: [VRFC 10-2263] Analyzing Verilog file "/home/ysxashore/Data_DISK/Projects/Studying/LoongArch-Learn/CPU_design/cdp_ede_local_LA_readygo/mycpu_env/soc_verify/soc_axi/run_vivado/project/loongson.srcs/sources_1/new/axi_bridge.v" into library xil_defaultlib
INFO: [VRFC 10-311] analyzing module axi_bridge
INFO: [VRFC 10-2263] Analyzing Verilog file "/home/ysxashore/Data_DISK/Projects/Studying/LoongArch-Learn/CPU_design/cdp_ede_local_LA_readygo/mycpu_env/soc_verify/soc_axi/rtl/axi_wrap/axi_wrap.v" into library xil_defaultlib
INFO: [VRFC 10-311] analyzing module axi_wrap
INFO: [VRFC 10-2263] Analyzing Verilog file "/home/ysxashore/Data_DISK/Projects/Studying/LoongArch-Learn/CPU_design/cdp_ede_local_LA_readygo/mycpu_env/soc_verify/soc_axi/rtl/ram_wrap/axi_wrap_ram.v" into library xil_defaultlib
INFO: [VRFC 10-311] analyzing module axi_wrap_ram
INFO: [VRFC 10-2263] Analyzing Verilog file "/home/ysxashore/Data_DISK/Projects/Studying/LoongArch-Learn/CPU_design/cdp_ede_local_LA_readygo/mycpu_env/soc_verify/soc_axi/rtl/CONFREG/confreg.v" into library xil_defaultlib
INFO: [VRFC 10-311] analyzing module confreg
INFO: [VRFC 10-2263] Analyzing Verilog file "/home/ysxashore/Data_DISK/Projects/Studying/LoongArch-Learn/CPU_design/cdp_ede_local_LA_readygo/mycpu_env/soc_verify/soc_axi/run_vivado/project/loongson.srcs/sources_1/new/csr.v" into library xil_defaultlib
INFO: [VRFC 10-311] analyzing module csr
INFO: [VRFC 10-2263] Analyzing Verilog file "/home/ysxashore/Data_DISK/Projects/Studying/LoongArch-Learn/CPU_design/cdp_ede_local_LA_readygo/mycpu_env/soc_verify/soc_axi/run_vivado/project/loongson.srcs/sources_1/new/div.v" into library xil_defaultlib
INFO: [VRFC 10-311] analyzing module div
INFO: [VRFC 10-2263] Analyzing Verilog file "/home/ysxashore/Data_DISK/Projects/Studying/LoongArch-Learn/CPU_design/cdp_ede_local_LA_readygo/mycpu_env/soc_verify/soc_axi/run_vivado/project/loongson.srcs/sources_1/new/exe_stage.v" into library xil_defaultlib
INFO: [VRFC 10-311] analyzing module exe_stage
WARNING: [VRFC 10-3380] identifier 'exe_excp' is used before its declaration [/home/ysxashore/Data_DISK/Projects/Studying/LoongArch-Learn/CPU_design/cdp_ede_local_LA_readygo/mycpu_env/soc_verify/soc_axi/run_vivado/project/loongson.srcs/sources_1/new/exe_stage.v:146]
WARNING: [VRFC 10-3380] identifier 'dmw_select' is used before its declaration [/home/ysxashore/Data_DISK/Projects/Studying/LoongArch-Learn/CPU_design/cdp_ede_local_LA_readygo/mycpu_env/soc_verify/soc_axi/run_vivado/project/loongson.srcs/sources_1/new/exe_stage.v:162]
WARNING: [VRFC 10-3380] identifier 'dmw_select' is used before its declaration [/home/ysxashore/Data_DISK/Projects/Studying/LoongArch-Learn/CPU_design/cdp_ede_local_LA_readygo/mycpu_env/soc_verify/soc_axi/run_vivado/project/loongson.srcs/sources_1/new/exe_stage.v:163]
WARNING: [VRFC 10-3380] identifier 'dmw_select' is used before its declaration [/home/ysxashore/Data_DISK/Projects/Studying/LoongArch-Learn/CPU_design/cdp_ede_local_LA_readygo/mycpu_env/soc_verify/soc_axi/run_vivado/project/loongson.srcs/sources_1/new/exe_stage.v:164]
WARNING: [VRFC 10-3380] identifier 'dmw_select' is used before its declaration [/home/ysxashore/Data_DISK/Projects/Studying/LoongArch-Learn/CPU_design/cdp_ede_local_LA_readygo/mycpu_env/soc_verify/soc_axi/run_vivado/project/loongson.srcs/sources_1/new/exe_stage.v:165]
WARNING: [VRFC 10-3380] identifier 'dmw_select' is used before its declaration [/home/ysxashore/Data_DISK/Projects/Studying/LoongArch-Learn/CPU_design/cdp_ede_local_LA_readygo/mycpu_env/soc_verify/soc_axi/run_vivado/project/loongson.srcs/sources_1/new/exe_stage.v:166]
INFO: [VRFC 10-2263] Analyzing Verilog file "/home/ysxashore/Data_DISK/Projects/Studying/LoongArch-Learn/CPU_design/cdp_ede_local_LA_readygo/mycpu_env/soc_verify/soc_axi/run_vivado/project/loongson.srcs/sources_1/new/id_stage.v" into library xil_defaultlib
INFO: [VRFC 10-311] analyzing module id_stage
WARNING: [VRFC 10-3380] identifier 'inst_ine' is used before its declaration [/home/ysxashore/Data_DISK/Projects/Studying/LoongArch-Learn/CPU_design/cdp_ede_local_LA_readygo/mycpu_env/soc_verify/soc_axi/run_vivado/project/loongson.srcs/sources_1/new/id_stage.v:282]
WARNING: [VRFC 10-3380] identifier 'inst_ine' is used before its declaration [/home/ysxashore/Data_DISK/Projects/Studying/LoongArch-Learn/CPU_design/cdp_ede_local_LA_readygo/mycpu_env/soc_verify/soc_axi/run_vivado/project/loongson.srcs/sources_1/new/id_stage.v:283]
INFO: [VRFC 10-2263] Analyzing Verilog file "/home/ysxashore/Data_DISK/Projects/Studying/LoongArch-Learn/CPU_design/cdp_ede_local_LA_readygo/mycpu_env/soc_verify/soc_axi/run_vivado/project/loongson.srcs/sources_1/new/if_stage.v" into library xil_defaultlib
INFO: [VRFC 10-311] analyzing module if_stage
WARNING: [VRFC 10-3380] identifier 'id_to_if_bus_r_valid' is used before its declaration [/home/ysxashore/Data_DISK/Projects/Studying/LoongArch-Learn/CPU_design/cdp_ede_local_LA_readygo/mycpu_env/soc_verify/soc_axi/run_vivado/project/loongson.srcs/sources_1/new/if_stage.v:55]
WARNING: [VRFC 10-3380] identifier 'mem_to_if_bus_r_valid' is used before its declaration [/home/ysxashore/Data_DISK/Projects/Studying/LoongArch-Learn/CPU_design/cdp_ede_local_LA_readygo/mycpu_env/soc_verify/soc_axi/run_vivado/project/loongson.srcs/sources_1/new/if_stage.v:63]
WARNING: [VRFC 10-3380] identifier 'bd_done' is used before its declaration [/home/ysxashore/Data_DISK/Projects/Studying/LoongArch-Learn/CPU_design/cdp_ede_local_LA_readygo/mycpu_env/soc_verify/soc_axi/run_vivado/project/loongson.srcs/sources_1/new/if_stage.v:114]
WARNING: [VRFC 10-3380] identifier 'inst_sram_rdata_r_valid' is used before its declaration [/home/ysxashore/Data_DISK/Projects/Studying/LoongArch-Learn/CPU_design/cdp_ede_local_LA_readygo/mycpu_env/soc_verify/soc_axi/run_vivado/project/loongson.srcs/sources_1/new/if_stage.v:117]
INFO: [VRFC 10-2263] Analyzing Verilog file "/home/ysxashore/Data_DISK/Projects/Studying/LoongArch-Learn/CPU_design/cdp_ede_local_LA_readygo/mycpu_env/soc_verify/soc_axi/run_vivado/project/loongson.srcs/sources_1/new/mem_stage.v" into library xil_defaultlib
INFO: [VRFC 10-311] analyzing module mem_stage
WARNING: [VRFC 10-3380] identifier 'mem_memW' is used before its declaration [/home/ysxashore/Data_DISK/Projects/Studying/LoongArch-Learn/CPU_design/cdp_ede_local_LA_readygo/mycpu_env/soc_verify/soc_axi/run_vivado/project/loongson.srcs/sources_1/new/mem_stage.v:55]
INFO: [VRFC 10-2263] Analyzing Verilog file "/home/ysxashore/Data_DISK/Projects/Studying/LoongArch-Learn/CPU_design/cdp_ede_local_LA_readygo/mycpu_env/soc_verify/soc_axi/run_vivado/project/loongson.srcs/sources_1/new/mul.v" into library xil_defaultlib
INFO: [VRFC 10-311] analyzing module YDecoder
INFO: [VRFC 10-311] analyzing module BoothBase
INFO: [VRFC 10-311] analyzing module BoothInterBase
INFO: [VRFC 10-311] analyzing module add64
INFO: [VRFC 10-311] analyzing module mul
INFO: [VRFC 10-2263] Analyzing Verilog file "/home/ysxashore/Data_DISK/Projects/Studying/LoongArch-Learn/CPU_design/cdp_ede_local_LA_readygo/mycpu_env/soc_verify/soc_axi/run_vivado/project/loongson.srcs/sources_1/new/mycpu_top.v" into library xil_defaultlib
INFO: [VRFC 10-311] analyzing module mycpu_top
WARNING: [VRFC 10-3248] data object 'vppn_out' is already declared [/home/ysxashore/Data_DISK/Projects/Studying/LoongArch-Learn/CPU_design/cdp_ede_local_LA_readygo/mycpu_env/soc_verify/soc_axi/run_vivado/project/loongson.srcs/sources_1/new/mycpu_top.v:262]
WARNING: [VRFC 10-9364] second declaration of 'vppn_out' is ignored [/home/ysxashore/Data_DISK/Projects/Studying/LoongArch-Learn/CPU_design/cdp_ede_local_LA_readygo/mycpu_env/soc_verify/soc_axi/run_vivado/project/loongson.srcs/sources_1/new/mycpu_top.v:262]
WARNING: [VRFC 10-3248] data object 'asid_out' is already declared [/home/ysxashore/Data_DISK/Projects/Studying/LoongArch-Learn/CPU_design/cdp_ede_local_LA_readygo/mycpu_env/soc_verify/soc_axi/run_vivado/project/loongson.srcs/sources_1/new/mycpu_top.v:263]
WARNING: [VRFC 10-9364] second declaration of 'asid_out' is ignored [/home/ysxashore/Data_DISK/Projects/Studying/LoongArch-Learn/CPU_design/cdp_ede_local_LA_readygo/mycpu_env/soc_verify/soc_axi/run_vivado/project/loongson.srcs/sources_1/new/mycpu_top.v:263]
WARNING: [VRFC 10-3248] data object 'asid_out' is already declared [/home/ysxashore/Data_DISK/Projects/Studying/LoongArch-Learn/CPU_design/cdp_ede_local_LA_readygo/mycpu_env/soc_verify/soc_axi/run_vivado/project/loongson.srcs/sources_1/new/mycpu_top.v:294]
WARNING: [VRFC 10-9364] second declaration of 'asid_out' is ignored [/home/ysxashore/Data_DISK/Projects/Studying/LoongArch-Learn/CPU_design/cdp_ede_local_LA_readygo/mycpu_env/soc_verify/soc_axi/run_vivado/project/loongson.srcs/sources_1/new/mycpu_top.v:294]
WARNING: [VRFC 10-3248] data object 'crmd_da' is already declared [/home/ysxashore/Data_DISK/Projects/Studying/LoongArch-Learn/CPU_design/cdp_ede_local_LA_readygo/mycpu_env/soc_verify/soc_axi/run_vivado/project/loongson.srcs/sources_1/new/mycpu_top.v:295]
WARNING: [VRFC 10-9364] second declaration of 'crmd_da' is ignored [/home/ysxashore/Data_DISK/Projects/Studying/LoongArch-Learn/CPU_design/cdp_ede_local_LA_readygo/mycpu_env/soc_verify/soc_axi/run_vivado/project/loongson.srcs/sources_1/new/mycpu_top.v:295]
WARNING: [VRFC 10-3248] data object 'crmd_pg' is already declared [/home/ysxashore/Data_DISK/Projects/Studying/LoongArch-Learn/CPU_design/cdp_ede_local_LA_readygo/mycpu_env/soc_verify/soc_axi/run_vivado/project/loongson.srcs/sources_1/new/mycpu_top.v:296]
WARNING: [VRFC 10-9364] second declaration of 'crmd_pg' is ignored [/home/ysxashore/Data_DISK/Projects/Studying/LoongArch-Learn/CPU_design/cdp_ede_local_LA_readygo/mycpu_env/soc_verify/soc_axi/run_vivado/project/loongson.srcs/sources_1/new/mycpu_top.v:296]
WARNING: [VRFC 10-3248] data object 'dmw0_vseg' is already declared [/home/ysxashore/Data_DISK/Projects/Studying/LoongArch-Learn/CPU_design/cdp_ede_local_LA_readygo/mycpu_env/soc_verify/soc_axi/run_vivado/project/loongson.srcs/sources_1/new/mycpu_top.v:297]
WARNING: [VRFC 10-9364] second declaration of 'dmw0_vseg' is ignored [/home/ysxashore/Data_DISK/Projects/Studying/LoongArch-Learn/CPU_design/cdp_ede_local_LA_readygo/mycpu_env/soc_verify/soc_axi/run_vivado/project/loongson.srcs/sources_1/new/mycpu_top.v:297]
WARNING: [VRFC 10-3248] data object 'dmw0_plv0' is already declared [/home/ysxashore/Data_DISK/Projects/Studying/LoongArch-Learn/CPU_design/cdp_ede_local_LA_readygo/mycpu_env/soc_verify/soc_axi/run_vivado/project/loongson.srcs/sources_1/new/mycpu_top.v:298]
WARNING: [VRFC 10-9364] second declaration of 'dmw0_plv0' is ignored [/home/ysxashore/Data_DISK/Projects/Studying/LoongArch-Learn/CPU_design/cdp_ede_local_LA_readygo/mycpu_env/soc_verify/soc_axi/run_vivado/project/loongson.srcs/sources_1/new/mycpu_top.v:298]
WARNING: [VRFC 10-3248] data object 'cur_plv' is already declared [/home/ysxashore/Data_DISK/Projects/Studying/LoongArch-Learn/CPU_design/cdp_ede_local_LA_readygo/mycpu_env/soc_verify/soc_axi/run_vivado/project/loongson.srcs/sources_1/new/mycpu_top.v:299]
WARNING: [VRFC 10-9364] second declaration of 'cur_plv' is ignored [/home/ysxashore/Data_DISK/Projects/Studying/LoongArch-Learn/CPU_design/cdp_ede_local_LA_readygo/mycpu_env/soc_verify/soc_axi/run_vivado/project/loongson.srcs/sources_1/new/mycpu_top.v:299]
WARNING: [VRFC 10-3248] data object 's1_found' is already declared [/home/ysxashore/Data_DISK/Projects/Studying/LoongArch-Learn/CPU_design/cdp_ede_local_LA_readygo/mycpu_env/soc_verify/soc_axi/run_vivado/project/loongson.srcs/sources_1/new/mycpu_top.v:477]
WARNING: [VRFC 10-9364] second declaration of 's1_found' is ignored [/home/ysxashore/Data_DISK/Projects/Studying/LoongArch-Learn/CPU_design/cdp_ede_local_LA_readygo/mycpu_env/soc_verify/soc_axi/run_vivado/project/loongson.srcs/sources_1/new/mycpu_top.v:477]
WARNING: [VRFC 10-3248] data object 's1_findex' is already declared [/home/ysxashore/Data_DISK/Projects/Studying/LoongArch-Learn/CPU_design/cdp_ede_local_LA_readygo/mycpu_env/soc_verify/soc_axi/run_vivado/project/loongson.srcs/sources_1/new/mycpu_top.v:484]
WARNING: [VRFC 10-9364] second declaration of 's1_findex' is ignored [/home/ysxashore/Data_DISK/Projects/Studying/LoongArch-Learn/CPU_design/cdp_ede_local_LA_readygo/mycpu_env/soc_verify/soc_axi/run_vivado/project/loongson.srcs/sources_1/new/mycpu_top.v:484]
INFO: [VRFC 10-2263] Analyzing Verilog file "/home/ysxashore/Data_DISK/Projects/Studying/LoongArch-Learn/CPU_design/cdp_ede_local_LA_readygo/mycpu_env/soc_verify/soc_axi/run_vivado/project/loongson.srcs/sources_1/new/regfile.v" into library xil_defaultlib
INFO: [VRFC 10-311] analyzing module regfile
INFO: [VRFC 10-2263] Analyzing Verilog file "/home/ysxashore/Data_DISK/Projects/Studying/LoongArch-Learn/CPU_design/cdp_ede_local_LA_readygo/mycpu_env/soc_verify/soc_axi/rtl/soc_lite_top.v" into library xil_defaultlib
INFO: [VRFC 10-311] analyzing module soc_lite_top
INFO: [VRFC 10-2263] Analyzing Verilog file "/home/ysxashore/Data_DISK/Projects/Studying/LoongArch-Learn/CPU_design/cdp_ede_local_LA_readygo/mycpu_env/soc_verify/soc_axi/run_vivado/project/loongson.srcs/sources_1/new/tlb.v" into library xil_defaultlib
INFO: [VRFC 10-311] analyzing module tlb
INFO: [VRFC 10-2263] Analyzing Verilog file "/home/ysxashore/Data_DISK/Projects/Studying/LoongArch-Learn/CPU_design/cdp_ede_local_LA_readygo/mycpu_env/soc_verify/soc_axi/run_vivado/project/loongson.srcs/sources_1/new/tools.v" into library xil_defaultlib
INFO: [VRFC 10-311] analyzing module decoder_2_4
INFO: [VRFC 10-311] analyzing module decoder_4_16
INFO: [VRFC 10-311] analyzing module decoder_5_32
INFO: [VRFC 10-311] analyzing module decoder_6_64
INFO: [VRFC 10-2263] Analyzing Verilog file "/home/ysxashore/Data_DISK/Projects/Studying/LoongArch-Learn/CPU_design/cdp_ede_local_LA_readygo/mycpu_env/soc_verify/soc_axi/run_vivado/project/loongson.srcs/sources_1/new/wb_stage.v" into library xil_defaultlib
INFO: [VRFC 10-311] analyzing module wb_stage
INFO: [VRFC 10-2263] Analyzing Verilog file "/home/ysxashore/Data_DISK/Projects/Studying/LoongArch-Learn/CPU_design/cdp_ede_local_LA_readygo/mycpu_env/soc_verify/soc_axi/testbench/mycpu_tb.v" into library xil_defaultlib
INFO: [VRFC 10-311] analyzing module tb_top
WARNING: [VRFC 10-2096] empty statement in sequential block [/home/ysxashore/Data_DISK/Projects/Studying/LoongArch-Learn/CPU_design/cdp_ede_local_LA_readygo/mycpu_env/soc_verify/soc_axi/testbench/mycpu_tb.v:234]
