Time resolution is 1 ps
 Block Memory Generator module loading initial data...
 Block Memory Generator data initialization complete.
Block Memory Generator module tb_top.soc_lite.u_axi_ram.ram.inst.\axi_mem_module.blk_mem_gen_v8_4_6_inst  is using a behavioral model for simulation which will not precisely model memory collision behavior.
==============================================================
Test begin!
        [  22000 ns] Test is running, debug_wb_pc = 0x1c033ec0
        [  32000 ns] Test is running, debug_wb_pc = 0x1c0341e0
        [  42000 ns] Test is running, debug_wb_pc = 0x1c034500
        [  52000 ns] Test is running, debug_wb_pc = 0x1c034820
----[  52375 ns] Number 8'd01 Functional Test Point PASS!!!
        [  62000 ns] Test is running, debug_wb_pc = 0x1c04b614
        [  72000 ns] Test is running, debug_wb_pc = 0x1c04b934
        [  82000 ns] Test is running, debug_wb_pc = 0x1c04bc54
        [  92000 ns] Test is running, debug_wb_pc = 0x1c04bf74
        [ 102000 ns] Test is running, debug_wb_pc = 0x1c04c294
        [ 112000 ns] Test is running, debug_wb_pc = 0x1c04c5b4
        [ 122000 ns] Test is running, debug_wb_pc = 0x1c04c8d4
        [ 132000 ns] Test is running, debug_wb_pc = 0x1c04cbf4
        [ 142000 ns] Test is running, debug_wb_pc = 0x1c04cf14
        [ 152000 ns] Test is running, debug_wb_pc = 0x1c04d234
        [ 162000 ns] Test is running, debug_wb_pc = 0x1c04d554
        [ 172000 ns] Test is running, debug_wb_pc = 0x1c04d874
----[ 174365 ns] Number 8'd02 Functional Test Point PASS!!!
        [ 182000 ns] Test is running, debug_wb_pc = 0x1c0615e4
        [ 192000 ns] Test is running, debug_wb_pc = 0x1c061904
        [ 202000 ns] Test is running, debug_wb_pc = 0x1c061c24
        [ 212000 ns] Test is running, debug_wb_pc = 0x1c061f44
        [ 222000 ns] Test is running, debug_wb_pc = 0x1c062264
        [ 232000 ns] Test is running, debug_wb_pc = 0x1c062584
        [ 242000 ns] Test is running, debug_wb_pc = 0x1c0628a4
        [ 252000 ns] Test is running, debug_wb_pc = 0x1c062bc4
        [ 262000 ns] Test is running, debug_wb_pc = 0x1c062ee4
----[ 266255 ns] Number 8'd03 Functional Test Point PASS!!!
        [ 272000 ns] Test is running, debug_wb_pc = 0x1c0726ac
        [ 282000 ns] Test is running, debug_wb_pc = 0x1c0729cc
        [ 292000 ns] Test is running, debug_wb_pc = 0x1c072cec
        [ 302000 ns] Test is running, debug_wb_pc = 0x1c07300c
        [ 312000 ns] Test is running, debug_wb_pc = 0x1c07332c
        [ 322000 ns] Test is running, debug_wb_pc = 0x1c07364c
        [ 332000 ns] Test is running, debug_wb_pc = 0x1c07396c
        [ 342000 ns] Test is running, debug_wb_pc = 0x1c073c8c
        [ 352000 ns] Test is running, debug_wb_pc = 0x1c073fac
        [ 362000 ns] Test is running, debug_wb_pc = 0x1c0742cc
        [ 372000 ns] Test is running, debug_wb_pc = 0x1c0745ec
        [ 382000 ns] Test is running, debug_wb_pc = 0x1c07490c
----[ 388245 ns] Number 8'd04 Functional Test Point PASS!!!
        [ 392000 ns] Test is running, debug_wb_pc = 0x1c07654c
        [ 402000 ns] Test is running, debug_wb_pc = 0x1c07686c
        [ 412000 ns] Test is running, debug_wb_pc = 0x1c076b8c
        [ 422000 ns] Test is running, debug_wb_pc = 0x1c076eac
        [ 432000 ns] Test is running, debug_wb_pc = 0x1c0771cc
        [ 442000 ns] Test is running, debug_wb_pc = 0x1c0774ec
        [ 452000 ns] Test is running, debug_wb_pc = 0x1c07780c
        [ 462000 ns] Test is running, debug_wb_pc = 0x1c077b2c
        [ 472000 ns] Test is running, debug_wb_pc = 0x1c077e4c
        [ 482000 ns] Test is running, debug_wb_pc = 0x1c07816c
        [ 492000 ns] Test is running, debug_wb_pc = 0x1c07848c
        [ 502000 ns] Test is running, debug_wb_pc = 0x1c0787ac
----[ 510235 ns] Number 8'd05 Functional Test Point PASS!!!
        [ 512000 ns] Test is running, debug_wb_pc = 0x1c0791b0
        [ 522000 ns] Test is running, debug_wb_pc = 0x1c0794d0
        [ 532000 ns] Test is running, debug_wb_pc = 0x1c0797f0
        [ 542000 ns] Test is running, debug_wb_pc = 0x1c079b10
        [ 552000 ns] Test is running, debug_wb_pc = 0x1c079e30
        [ 562000 ns] Test is running, debug_wb_pc = 0x1c07a150
        [ 572000 ns] Test is running, debug_wb_pc = 0x1c07a470
        [ 582000 ns] Test is running, debug_wb_pc = 0x1c07a790
        [ 592000 ns] Test is running, debug_wb_pc = 0x1c07aab0
        [ 602000 ns] Test is running, debug_wb_pc = 0x1c07add0
        [ 612000 ns] Test is running, debug_wb_pc = 0x1c07b0f0
        [ 622000 ns] Test is running, debug_wb_pc = 0x1c07b410
        [ 632000 ns] Test is running, debug_wb_pc = 0x1c07b730
----[ 632225 ns] Number 8'd06 Functional Test Point PASS!!!
        [ 642000 ns] Test is running, debug_wb_pc = 0x1c07c608
        [ 652000 ns] Test is running, debug_wb_pc = 0x1c07c928
        [ 662000 ns] Test is running, debug_wb_pc = 0x1c07cc48
        [ 672000 ns] Test is running, debug_wb_pc = 0x1c07cf68
        [ 682000 ns] Test is running, debug_wb_pc = 0x1c07d288
        [ 692000 ns] Test is running, debug_wb_pc = 0x1c07d5a8
        [ 702000 ns] Test is running, debug_wb_pc = 0x1c07d8c8
        [ 712000 ns] Test is running, debug_wb_pc = 0x1c07dbe8
        [ 722000 ns] Test is running, debug_wb_pc = 0x1c07df08
        [ 732000 ns] Test is running, debug_wb_pc = 0x1c07e228
        [ 742000 ns] Test is running, debug_wb_pc = 0x1c07e548
        [ 752000 ns] Test is running, debug_wb_pc = 0x1c07e868
----[ 754215 ns] Number 8'd07 Functional Test Point PASS!!!
        [ 762000 ns] Test is running, debug_wb_pc = 0x1c07eb28
        [ 772000 ns] Test is running, debug_wb_pc = 0x1c07ee48
        [ 782000 ns] Test is running, debug_wb_pc = 0x1c07f168
        [ 792000 ns] Test is running, debug_wb_pc = 0x1c07f488
        [ 802000 ns] Test is running, debug_wb_pc = 0x1c07f7a8
        [ 812000 ns] Test is running, debug_wb_pc = 0x1c07fac8
        [ 822000 ns] Test is running, debug_wb_pc = 0x1c07fde8
        [ 832000 ns] Test is running, debug_wb_pc = 0x1c080108
        [ 842000 ns] Test is running, debug_wb_pc = 0x1c080428
        [ 852000 ns] Test is running, debug_wb_pc = 0x1c080748
        [ 862000 ns] Test is running, debug_wb_pc = 0x1c080a68
        [ 872000 ns] Test is running, debug_wb_pc = 0x1c080d88
----[ 876205 ns] Number 8'd08 Functional Test Point PASS!!!
        [ 882000 ns] Test is running, debug_wb_pc = 0x1c081048
        [ 892000 ns] Test is running, debug_wb_pc = 0x1c081368
        [ 902000 ns] Test is running, debug_wb_pc = 0x1c081688
        [ 912000 ns] Test is running, debug_wb_pc = 0x1c0819a8
        [ 922000 ns] Test is running, debug_wb_pc = 0x1c081cc8
        [ 932000 ns] Test is running, debug_wb_pc = 0x1c081fe8
        [ 942000 ns] Test is running, debug_wb_pc = 0x1c082308
        [ 952000 ns] Test is running, debug_wb_pc = 0x1c082628
        [ 962000 ns] Test is running, debug_wb_pc = 0x1c082948
        [ 972000 ns] Test is running, debug_wb_pc = 0x1c082c68
        [ 982000 ns] Test is running, debug_wb_pc = 0x1c082f88
        [ 992000 ns] Test is running, debug_wb_pc = 0x1c0832a8
----[ 998195 ns] Number 8'd09 Functional Test Point PASS!!!
        [1002000 ns] Test is running, debug_wb_pc = 0x1c010900
        [1012000 ns] Test is running, debug_wb_pc = 0x1c010c20
        [1022000 ns] Test is running, debug_wb_pc = 0x1c010f40
        [1032000 ns] Test is running, debug_wb_pc = 0x1c011260
        [1042000 ns] Test is running, debug_wb_pc = 0x1c011580
        [1052000 ns] Test is running, debug_wb_pc = 0x1c0118a0
        [1062000 ns] Test is running, debug_wb_pc = 0x1c011bc0
        [1072000 ns] Test is running, debug_wb_pc = 0x1c011ee0
        [1082000 ns] Test is running, debug_wb_pc = 0x1c012200
        [1092000 ns] Test is running, debug_wb_pc = 0x1c012520
        [1102000 ns] Test is running, debug_wb_pc = 0x1c012840
        [1112000 ns] Test is running, debug_wb_pc = 0x1c012b60
----[1120185 ns] Number 8'd10 Functional Test Point PASS!!!
        [1122000 ns] Test is running, debug_wb_pc = 0x1c012e24
        [1132000 ns] Test is running, debug_wb_pc = 0x1c013144
        [1142000 ns] Test is running, debug_wb_pc = 0x1c013464
        [1152000 ns] Test is running, debug_wb_pc = 0x1c013784
        [1162000 ns] Test is running, debug_wb_pc = 0x1c013aa4
        [1172000 ns] Test is running, debug_wb_pc = 0x1c013dc4
        [1182000 ns] Test is running, debug_wb_pc = 0x1c0140e4
        [1192000 ns] Test is running, debug_wb_pc = 0x1c014404
        [1202000 ns] Test is running, debug_wb_pc = 0x1c014724
        [1212000 ns] Test is running, debug_wb_pc = 0x1c014a44
----[1212075 ns] Number 8'd11 Functional Test Point PASS!!!
        [1222000 ns] Test is running, debug_wb_pc = 0x1c014d04
        [1232000 ns] Test is running, debug_wb_pc = 0x1c015024
        [1242000 ns] Test is running, debug_wb_pc = 0x1c015344
        [1252000 ns] Test is running, debug_wb_pc = 0x1c015664
        [1262000 ns] Test is running, debug_wb_pc = 0x1c015984
        [1272000 ns] Test is running, debug_wb_pc = 0x1c015ca4
        [1282000 ns] Test is running, debug_wb_pc = 0x1c015fc4
        [1292000 ns] Test is running, debug_wb_pc = 0x1c0162e4
        [1302000 ns] Test is running, debug_wb_pc = 0x1c016604
----[1303965 ns] Number 8'd12 Functional Test Point PASS!!!
        [1312000 ns] Test is running, debug_wb_pc = 0x1c0168c4
        [1322000 ns] Test is running, debug_wb_pc = 0x1c016be4
        [1332000 ns] Test is running, debug_wb_pc = 0x1c016f04
        [1342000 ns] Test is running, debug_wb_pc = 0x1c017224
        [1352000 ns] Test is running, debug_wb_pc = 0x1c017544
        [1362000 ns] Test is running, debug_wb_pc = 0x1c017864
        [1372000 ns] Test is running, debug_wb_pc = 0x1c017b84
        [1382000 ns] Test is running, debug_wb_pc = 0x1c017ea4
        [1392000 ns] Test is running, debug_wb_pc = 0x1c0181c4
----[1395855 ns] Number 8'd13 Functional Test Point PASS!!!
        [1402000 ns] Test is running, debug_wb_pc = 0x1c018470
        [1412000 ns] Test is running, debug_wb_pc = 0x1c01876c
        [1422000 ns] Test is running, debug_wb_pc = 0x1c018a68
        [1432000 ns] Test is running, debug_wb_pc = 0x1c018d5c
        [1442000 ns] Test is running, debug_wb_pc = 0x1c01905c
----[1451205 ns] Number 8'd14 Functional Test Point PASS!!!
        [1452000 ns] Test is running, debug_wb_pc = 0x1c01035c
        [1462000 ns] Test is running, debug_wb_pc = 0x1c0195f4
        [1472000 ns] Test is running, debug_wb_pc = 0x1c0198f0
        [1482000 ns] Test is running, debug_wb_pc = 0x1c019be8
        [1492000 ns] Test is running, debug_wb_pc = 0x1c019ee4
        [1502000 ns] Test is running, debug_wb_pc = 0x1c01a1d8
----[1510755 ns] Number 8'd15 Functional Test Point PASS!!!
        [1512000 ns] Test is running, debug_wb_pc = 0x1c0100c8
        [1522000 ns] Test is running, debug_wb_pc = 0x1c01a838
        [1532000 ns] Test is running, debug_wb_pc = 0x1c01abec
        [1542000 ns] Test is running, debug_wb_pc = 0x1c01afa8
        [1552000 ns] Test is running, debug_wb_pc = 0x1c01b35c
        [1562000 ns] Test is running, debug_wb_pc = 0x1c01b718
        [1572000 ns] Test is running, debug_wb_pc = 0x1c01bacc
        [1582000 ns] Test is running, debug_wb_pc = 0x1c01be88
        [1592000 ns] Test is running, debug_wb_pc = 0x1c01c23c
        [1602000 ns] Test is running, debug_wb_pc = 0x1c01c5f8
        [1612000 ns] Test is running, debug_wb_pc = 0x1c01c9ac
        [1622000 ns] Test is running, debug_wb_pc = 0x1c01cd0c
        [1632000 ns] Test is running, debug_wb_pc = 0x1c01d01c
        [1642000 ns] Test is running, debug_wb_pc = 0x1c01d310
        [1652000 ns] Test is running, debug_wb_pc = 0x1c01d610
        [1662000 ns] Test is running, debug_wb_pc = 0x1c01d91c
        [1672000 ns] Test is running, debug_wb_pc = 0x1c01dc14
        [1682000 ns] Test is running, debug_wb_pc = 0x1c01df14
        [1692000 ns] Test is running, debug_wb_pc = 0x1c01e1fc
        [1702000 ns] Test is running, debug_wb_pc = 0x1c01e514
        [1712000 ns] Test is running, debug_wb_pc = 0x1c01e818
        [1722000 ns] Test is running, debug_wb_pc = 0x1c01eafc
        [1732000 ns] Test is running, debug_wb_pc = 0x1c01ee28
        [1742000 ns] Test is running, debug_wb_pc = 0x1c01f11c
        [1752000 ns] Test is running, debug_wb_pc = 0x1c01f478
        [1762000 ns] Test is running, debug_wb_pc = 0x1c01f82c
        [1772000 ns] Test is running, debug_wb_pc = 0x1c01fbe4
        [1782000 ns] Test is running, debug_wb_pc = 0x1c01ff9c
        [1792000 ns] Test is running, debug_wb_pc = 0x1c02035c
        [1802000 ns] Test is running, debug_wb_pc = 0x1c02070c
        [1812000 ns] Test is running, debug_wb_pc = 0x1c020acc
        [1822000 ns] Test is running, debug_wb_pc = 0x1c020e7c
        [1832000 ns] Test is running, debug_wb_pc = 0x1c02123c
        [1842000 ns] Test is running, debug_wb_pc = 0x1c0215e8
        [1852000 ns] Test is running, debug_wb_pc = 0x1c0219ac
----[1853645 ns] Number 8'd16 Functional Test Point PASS!!!
        [1862000 ns] Test is running, debug_wb_pc = 0x1c021c64
        [1872000 ns] Test is running, debug_wb_pc = 0x1c021f58
        [1882000 ns] Test is running, debug_wb_pc = 0x1c022258
        [1892000 ns] Test is running, debug_wb_pc = 0x1c022568
        [1902000 ns] Test is running, debug_wb_pc = 0x1c02285c
        [1912000 ns] Test is running, debug_wb_pc = 0x1c022b5c
        [1922000 ns] Test is running, debug_wb_pc = 0x1c022e68
        [1932000 ns] Test is running, debug_wb_pc = 0x1c023160
        [1942000 ns] Test is running, debug_wb_pc = 0x1c023460
        [1952000 ns] Test is running, debug_wb_pc = 0x1c023748
        [1962000 ns] Test is running, debug_wb_pc = 0x1c023a60
        [1972000 ns] Test is running, debug_wb_pc = 0x1c023d64
        [1982000 ns] Test is running, debug_wb_pc = 0x1c024048
        [1992000 ns] Test is running, debug_wb_pc = 0x1c0243e8
        [2002000 ns] Test is running, debug_wb_pc = 0x1c02479c
        [2012000 ns] Test is running, debug_wb_pc = 0x1c024b54
        [2022000 ns] Test is running, debug_wb_pc = 0x1c024f0c
        [2032000 ns] Test is running, debug_wb_pc = 0x1c0252cc
        [2042000 ns] Test is running, debug_wb_pc = 0x1c02567c
        [2052000 ns] Test is running, debug_wb_pc = 0x1c025a3c
        [2062000 ns] Test is running, debug_wb_pc = 0x1c025dec
        [2072000 ns] Test is running, debug_wb_pc = 0x1c0261ac
        [2082000 ns] Test is running, debug_wb_pc = 0x1c026558
        [2092000 ns] Test is running, debug_wb_pc = 0x1c026900
        [2102000 ns] Test is running, debug_wb_pc = 0x1c026bf8
        [2112000 ns] Test is running, debug_wb_pc = 0x1c026ef8
        [2122000 ns] Test is running, debug_wb_pc = 0x1c0271e0
        [2132000 ns] Test is running, debug_wb_pc = 0x1c0274f8
        [2142000 ns] Test is running, debug_wb_pc = 0x1c0277fc
        [2152000 ns] Test is running, debug_wb_pc = 0x1c027ae0
        [2162000 ns] Test is running, debug_wb_pc = 0x1c027e0c
        [2172000 ns] Test is running, debug_wb_pc = 0x1c028100
        [2182000 ns] Test is running, debug_wb_pc = 0x1c028400
        [2192000 ns] Test is running, debug_wb_pc = 0x1c028710
        [2202000 ns] Test is running, debug_wb_pc = 0x1c028a04
        [2212000 ns] Test is running, debug_wb_pc = 0x1c028d04
----[2221285 ns] Number 8'd17 Functional Test Point PASS!!!
        [2222000 ns] Test is running, debug_wb_pc = 0x1c010354
        [2232000 ns] Test is running, debug_wb_pc = 0x1c0292bc
        [2242000 ns] Test is running, debug_wb_pc = 0x1c0295e0
        [2252000 ns] Test is running, debug_wb_pc = 0x1c0298d4
        [2262000 ns] Test is running, debug_wb_pc = 0x1c029bd8
        [2272000 ns] Test is running, debug_wb_pc = 0x1c029edc
        [2282000 ns] Test is running, debug_wb_pc = 0x1c02a1e0
        [2292000 ns] Test is running, debug_wb_pc = 0x1c02a4e4
        [2302000 ns] Test is running, debug_wb_pc = 0x1c02a7e8
        [2312000 ns] Test is running, debug_wb_pc = 0x1c02aaec
        [2322000 ns] Test is running, debug_wb_pc = 0x1c02ade4
        [2332000 ns] Test is running, debug_wb_pc = 0x1c02b0e8
        [2342000 ns] Test is running, debug_wb_pc = 0x1c02b40c
        [2352000 ns] Test is running, debug_wb_pc = 0x1c02b700
        [2362000 ns] Test is running, debug_wb_pc = 0x1c02ba04
        [2372000 ns] Test is running, debug_wb_pc = 0x1c02bd08
        [2382000 ns] Test is running, debug_wb_pc = 0x1c02c00c
        [2392000 ns] Test is running, debug_wb_pc = 0x1c02c310
        [2402000 ns] Test is running, debug_wb_pc = 0x1c02c614
        [2412000 ns] Test is running, debug_wb_pc = 0x1c02c918
        [2422000 ns] Test is running, debug_wb_pc = 0x1c02cc10
        [2432000 ns] Test is running, debug_wb_pc = 0x1c02cf30
        [2442000 ns] Test is running, debug_wb_pc = 0x1c02d224
        [2452000 ns] Test is running, debug_wb_pc = 0x1c02d52c
        [2462000 ns] Test is running, debug_wb_pc = 0x1c02d830
        [2472000 ns] Test is running, debug_wb_pc = 0x1c02db34
        [2482000 ns] Test is running, debug_wb_pc = 0x1c02de38
        [2492000 ns] Test is running, debug_wb_pc = 0x1c02e13c
        [2502000 ns] Test is running, debug_wb_pc = 0x1c02e440
        [2512000 ns] Test is running, debug_wb_pc = 0x1c02e734
----[2512875 ns] Number 8'd18 Functional Test Point PASS!!!
        [2522000 ns] Test is running, debug_wb_pc = 0x1c02e9cc
        [2532000 ns] Test is running, debug_wb_pc = 0x1c02ecbc
        [2542000 ns] Test is running, debug_wb_pc = 0x1c02efa4
        [2552000 ns] Test is running, debug_wb_pc = 0x1c02f28c
        [2562000 ns] Test is running, debug_wb_pc = 0x1c02f574
        [2572000 ns] Test is running, debug_wb_pc = 0x1c02f85c
        [2582000 ns] Test is running, debug_wb_pc = 0x1c02fb40
        [2592000 ns] Test is running, debug_wb_pc = 0x1c02fe1c
        [2602000 ns] Test is running, debug_wb_pc = 0x1c03010c
        [2612000 ns] Test is running, debug_wb_pc = 0x1c0303f4
        [2622000 ns] Test is running, debug_wb_pc = 0x1c0306dc
        [2632000 ns] Test is running, debug_wb_pc = 0x1c0309c4
        [2642000 ns] Test is running, debug_wb_pc = 0x1c030cac
        [2652000 ns] Test is running, debug_wb_pc = 0x1c030f90
        [2662000 ns] Test is running, debug_wb_pc = 0x1c03126c
        [2672000 ns] Test is running, debug_wb_pc = 0x1c03155c
        [2682000 ns] Test is running, debug_wb_pc = 0x1c031844
        [2692000 ns] Test is running, debug_wb_pc = 0x1c031b2c
        [2702000 ns] Test is running, debug_wb_pc = 0x1c031e14
        [2712000 ns] Test is running, debug_wb_pc = 0x1c0320fc
        [2722000 ns] Test is running, debug_wb_pc = 0x1c0323e0
        [2732000 ns] Test is running, debug_wb_pc = 0x1c0326bc
        [2742000 ns] Test is running, debug_wb_pc = 0x1c0329ac
        [2752000 ns] Test is running, debug_wb_pc = 0x1c032c94
        [2762000 ns] Test is running, debug_wb_pc = 0x1c032f7c
        [2772000 ns] Test is running, debug_wb_pc = 0x1c033264
        [2782000 ns] Test is running, debug_wb_pc = 0x1c03354c
        [2792000 ns] Test is running, debug_wb_pc = 0x1c033830
----[2794465 ns] Number 8'd19 Functional Test Point PASS!!!
        [2802000 ns] Test is running, debug_wb_pc = 0x1c034a18
        [2812000 ns] Test is running, debug_wb_pc = 0x1c034d20
        [2822000 ns] Test is running, debug_wb_pc = 0x1c03501c
        [2832000 ns] Test is running, debug_wb_pc = 0x1c035318
        [2842000 ns] Test is running, debug_wb_pc = 0x1c035614
        [2852000 ns] Test is running, debug_wb_pc = 0x1c035910
        [2862000 ns] Test is running, debug_wb_pc = 0x1c035c0c
        [2872000 ns] Test is running, debug_wb_pc = 0x1c035f08
        [2882000 ns] Test is running, debug_wb_pc = 0x1c036200
        [2892000 ns] Test is running, debug_wb_pc = 0x1c036508
        [2902000 ns] Test is running, debug_wb_pc = 0x1c0367f0
        [2912000 ns] Test is running, debug_wb_pc = 0x1c036ae8
        [2922000 ns] Test is running, debug_wb_pc = 0x1c036df0
        [2932000 ns] Test is running, debug_wb_pc = 0x1c0370ec
        [2942000 ns] Test is running, debug_wb_pc = 0x1c0373e8
        [2952000 ns] Test is running, debug_wb_pc = 0x1c0376e4
        [2962000 ns] Test is running, debug_wb_pc = 0x1c0379e0
        [2972000 ns] Test is running, debug_wb_pc = 0x1c037cdc
        [2982000 ns] Test is running, debug_wb_pc = 0x1c037fd8
        [2992000 ns] Test is running, debug_wb_pc = 0x1c0382d0
        [3002000 ns] Test is running, debug_wb_pc = 0x1c0385d8
        [3012000 ns] Test is running, debug_wb_pc = 0x1c0388c0
----[3016055 ns] Number 8'd20 Functional Test Point PASS!!!
        [3022000 ns] Test is running, debug_wb_pc = 0x1c038b18
        [3032000 ns] Test is running, debug_wb_pc = 0x1c038d78
        [3042000 ns] Test is running, debug_wb_pc = 0x1c038fd0
        [3052000 ns] Test is running, debug_wb_pc = 0x1c039220
        [3062000 ns] Test is running, debug_wb_pc = 0x1c039480
        [3072000 ns] Test is running, debug_wb_pc = 0x1c0396d8
        [3082000 ns] Test is running, debug_wb_pc = 0x1c039928
        [3092000 ns] Test is running, debug_wb_pc = 0x1c039b88
        [3102000 ns] Test is running, debug_wb_pc = 0x1c039de0
        [3112000 ns] Test is running, debug_wb_pc = 0x1c03a030
        [3122000 ns] Test is running, debug_wb_pc = 0x1c03a290
        [3132000 ns] Test is running, debug_wb_pc = 0x1c03a4e8
        [3142000 ns] Test is running, debug_wb_pc = 0x1c03a738
        [3152000 ns] Test is running, debug_wb_pc = 0x1c03a998
        [3162000 ns] Test is running, debug_wb_pc = 0x1c03abf0
        [3172000 ns] Test is running, debug_wb_pc = 0x1c03ae40
        [3182000 ns] Test is running, debug_wb_pc = 0x1c03b0a0
        [3192000 ns] Test is running, debug_wb_pc = 0x1c03b2f8
----[3198245 ns] Number 8'd21 Functional Test Point PASS!!!
        [3202000 ns] Test is running, debug_wb_pc = 0x1c03b544
        [3212000 ns] Test is running, debug_wb_pc = 0x1c03b864
        [3222000 ns] Test is running, debug_wb_pc = 0x1c03bb84
        [3232000 ns] Test is running, debug_wb_pc = 0x1c03bea4
        [3242000 ns] Test is running, debug_wb_pc = 0x1c03c1c4
        [3252000 ns] Test is running, debug_wb_pc = 0x1c03c4e4
        [3262000 ns] Test is running, debug_wb_pc = 0x1c03c804
        [3272000 ns] Test is running, debug_wb_pc = 0x1c03cb24
        [3282000 ns] Test is running, debug_wb_pc = 0x1c03ce44
----[3290135 ns] Number 8'd22 Functional Test Point PASS!!!
        [3292000 ns] Test is running, debug_wb_pc = 0x1c03d108
        [3302000 ns] Test is running, debug_wb_pc = 0x1c03d428
        [3312000 ns] Test is running, debug_wb_pc = 0x1c03d748
        [3322000 ns] Test is running, debug_wb_pc = 0x1c03da68
        [3332000 ns] Test is running, debug_wb_pc = 0x1c03dd88
        [3342000 ns] Test is running, debug_wb_pc = 0x1c03e0a8
        [3352000 ns] Test is running, debug_wb_pc = 0x1c03e3c8
        [3362000 ns] Test is running, debug_wb_pc = 0x1c03e6e8
        [3372000 ns] Test is running, debug_wb_pc = 0x1c03ea08
        [3382000 ns] Test is running, debug_wb_pc = 0x1c03ed24
----[3382025 ns] Number 8'd23 Functional Test Point PASS!!!
        [3392000 ns] Test is running, debug_wb_pc = 0x1c03efe8
        [3402000 ns] Test is running, debug_wb_pc = 0x1c03f308
        [3412000 ns] Test is running, debug_wb_pc = 0x1c03f628
        [3422000 ns] Test is running, debug_wb_pc = 0x1c03f948
        [3432000 ns] Test is running, debug_wb_pc = 0x1c03fc68
        [3442000 ns] Test is running, debug_wb_pc = 0x1c03ff88
        [3452000 ns] Test is running, debug_wb_pc = 0x1c0402a8
        [3462000 ns] Test is running, debug_wb_pc = 0x1c0405c8
        [3472000 ns] Test is running, debug_wb_pc = 0x1c0408e8
----[3473915 ns] Number 8'd24 Functional Test Point PASS!!!
        [3482000 ns] Test is running, debug_wb_pc = 0x1c040ba8
        [3492000 ns] Test is running, debug_wb_pc = 0x1c040ec8
        [3502000 ns] Test is running, debug_wb_pc = 0x1c0411e8
        [3512000 ns] Test is running, debug_wb_pc = 0x1c041508
        [3522000 ns] Test is running, debug_wb_pc = 0x1c041828
        [3532000 ns] Test is running, debug_wb_pc = 0x1c041b48
        [3542000 ns] Test is running, debug_wb_pc = 0x1c041e68
        [3552000 ns] Test is running, debug_wb_pc = 0x1c042188
        [3562000 ns] Test is running, debug_wb_pc = 0x1c0424a8
----[3565805 ns] Number 8'd25 Functional Test Point PASS!!!
        [3572000 ns] Test is running, debug_wb_pc = 0x1c042768
        [3582000 ns] Test is running, debug_wb_pc = 0x1c042a88
        [3592000 ns] Test is running, debug_wb_pc = 0x1c042da8
        [3602000 ns] Test is running, debug_wb_pc = 0x1c0430c8
        [3612000 ns] Test is running, debug_wb_pc = 0x1c0433e8
        [3622000 ns] Test is running, debug_wb_pc = 0x1c043708
        [3632000 ns] Test is running, debug_wb_pc = 0x1c043a28
        [3642000 ns] Test is running, debug_wb_pc = 0x1c043d48
        [3652000 ns] Test is running, debug_wb_pc = 0x1c044068
----[3657695 ns] Number 8'd26 Functional Test Point PASS!!!
        [3662000 ns] Test is running, debug_wb_pc = 0x1c044328
        [3672000 ns] Test is running, debug_wb_pc = 0x1c044648
        [3682000 ns] Test is running, debug_wb_pc = 0x1c044968
        [3692000 ns] Test is running, debug_wb_pc = 0x1c044c88
        [3702000 ns] Test is running, debug_wb_pc = 0x1c044fa8
        [3712000 ns] Test is running, debug_wb_pc = 0x1c0452c8
        [3722000 ns] Test is running, debug_wb_pc = 0x1c0455e8
        [3732000 ns] Test is running, debug_wb_pc = 0x1c045908
        [3742000 ns] Test is running, debug_wb_pc = 0x1c045c28
        [3752000 ns] Test is running, debug_wb_pc = 0x1c045f48
        [3762000 ns] Test is running, debug_wb_pc = 0x1c046268
        [3772000 ns] Test is running, debug_wb_pc = 0x1c046588
----[3779685 ns] Number 8'd27 Functional Test Point PASS!!!
        [3782000 ns] Test is running, debug_wb_pc = 0x1c04684c
        [3792000 ns] Test is running, debug_wb_pc = 0x1c046b6c
        [3802000 ns] Test is running, debug_wb_pc = 0x1c046e8c
        [3812000 ns] Test is running, debug_wb_pc = 0x1c0471ac
        [3822000 ns] Test is running, debug_wb_pc = 0x1c0474cc
        [3832000 ns] Test is running, debug_wb_pc = 0x1c0477ec
        [3842000 ns] Test is running, debug_wb_pc = 0x1c047b0c
        [3852000 ns] Test is running, debug_wb_pc = 0x1c047e2c
        [3862000 ns] Test is running, debug_wb_pc = 0x1c04814c
        [3872000 ns] Test is running, debug_wb_pc = 0x1c04846c
        [3882000 ns] Test is running, debug_wb_pc = 0x1c04878c
        [3892000 ns] Test is running, debug_wb_pc = 0x1c048aac
----[3901675 ns] Number 8'd28 Functional Test Point PASS!!!
        [3902000 ns] Test is running, debug_wb_pc = 0x1c01033c
        [3912000 ns] Test is running, debug_wb_pc = 0x1c04908c
        [3922000 ns] Test is running, debug_wb_pc = 0x1c0493ac
        [3932000 ns] Test is running, debug_wb_pc = 0x1c0496cc
        [3942000 ns] Test is running, debug_wb_pc = 0x1c0499ec
        [3952000 ns] Test is running, debug_wb_pc = 0x1c049d0c
        [3962000 ns] Test is running, debug_wb_pc = 0x1c04a02c
        [3972000 ns] Test is running, debug_wb_pc = 0x1c04a34c
        [3982000 ns] Test is running, debug_wb_pc = 0x1c04a66c
        [3992000 ns] Test is running, debug_wb_pc = 0x1c04a98c
        [4002000 ns] Test is running, debug_wb_pc = 0x1c04acac
        [4012000 ns] Test is running, debug_wb_pc = 0x1c04afcc
        [4022000 ns] Test is running, debug_wb_pc = 0x1c04b2ec
----[4023665 ns] Number 8'd29 Functional Test Point PASS!!!
        [4032000 ns] Test is running, debug_wb_pc = 0x1c04da80
        [4042000 ns] Test is running, debug_wb_pc = 0x1c04dc5c
        [4052000 ns] Test is running, debug_wb_pc = 0x1c04de28
        [4062000 ns] Test is running, debug_wb_pc = 0x1c04dff8
        [4072000 ns] Test is running, debug_wb_pc = 0x1c04e1d0
        [4082000 ns] Test is running, debug_wb_pc = 0x1c04e3a0
        [4092000 ns] Test is running, debug_wb_pc = 0x1c04e56c
----[4098255 ns] Number 8'd30 Functional Test Point PASS!!!
        [4102000 ns] Test is running, debug_wb_pc = 0x1c04e714
        [4112000 ns] Test is running, debug_wb_pc = 0x1c04e8e4
        [4122000 ns] Test is running, debug_wb_pc = 0x1c04eac0
        [4132000 ns] Test is running, debug_wb_pc = 0x1c04ec8c
        [4142000 ns] Test is running, debug_wb_pc = 0x1c04ee5c
        [4152000 ns] Test is running, debug_wb_pc = 0x1c04f034
        [4162000 ns] Test is running, debug_wb_pc = 0x1c04f204
        [4172000 ns] Test is running, debug_wb_pc = 0x1c04f3cc
        [4182000 ns] Test is running, debug_wb_pc = 0x1c04f5a8
        [4192000 ns] Test is running, debug_wb_pc = 0x1c04f77c
        [4202000 ns] Test is running, debug_wb_pc = 0x1c04f944
----[4206195 ns] Number 8'd31 Functional Test Point PASS!!!
        [4212000 ns] Test is running, debug_wb_pc = 0x1c04fb80
        [4222000 ns] Test is running, debug_wb_pc = 0x1c04fea0
        [4232000 ns] Test is running, debug_wb_pc = 0x1c0501c0
        [4242000 ns] Test is running, debug_wb_pc = 0x1c0504e0
        [4252000 ns] Test is running, debug_wb_pc = 0x1c050800
        [4262000 ns] Test is running, debug_wb_pc = 0x1c050b20
----[4268385 ns] Number 8'd32 Functional Test Point PASS!!!
        [4272000 ns] Test is running, debug_wb_pc = 0x1c050de4
        [4282000 ns] Test is running, debug_wb_pc = 0x1c051104
        [4292000 ns] Test is running, debug_wb_pc = 0x1c051424
        [4302000 ns] Test is running, debug_wb_pc = 0x1c051744
        [4312000 ns] Test is running, debug_wb_pc = 0x1c051a64
        [4322000 ns] Test is running, debug_wb_pc = 0x1c051d84
----[4331275 ns] Number 8'd33 Functional Test Point PASS!!!
        [4332000 ns] Test is running, debug_wb_pc = 0x1c010354
        [4342000 ns] Test is running, debug_wb_pc = 0x1c052364
        [4352000 ns] Test is running, debug_wb_pc = 0x1c052684
        [4362000 ns] Test is running, debug_wb_pc = 0x1c0529a4
        [4372000 ns] Test is running, debug_wb_pc = 0x1c052cc4
        [4382000 ns] Test is running, debug_wb_pc = 0x1c052fe4
----[4388365 ns] Number 8'd34 Functional Test Point PASS!!!
        [4392000 ns] Test is running, debug_wb_pc = 0x1c05325c
        [4402000 ns] Test is running, debug_wb_pc = 0x1c053448
        [4412000 ns] Test is running, debug_wb_pc = 0x1c05363c
        [4422000 ns] Test is running, debug_wb_pc = 0x1c05381c
        [4432000 ns] Test is running, debug_wb_pc = 0x1c053a10
        [4442000 ns] Test is running, debug_wb_pc = 0x1c053bf8
        [4452000 ns] Test is running, debug_wb_pc = 0x1c053de4
        [4462000 ns] Test is running, debug_wb_pc = 0x1c053fd8
----[4468905 ns] Number 8'd35 Functional Test Point PASS!!!
        [4472000 ns] Test is running, debug_wb_pc = 0x1c054184
        [4482000 ns] Test is running, debug_wb_pc = 0x1c054378
        [4492000 ns] Test is running, debug_wb_pc = 0x1c054564
        [4502000 ns] Test is running, debug_wb_pc = 0x1c054744
        [4512000 ns] Test is running, debug_wb_pc = 0x1c054940
        [4522000 ns] Test is running, debug_wb_pc = 0x1c054b20
        [4532000 ns] Test is running, debug_wb_pc = 0x1c054d14
        [4542000 ns] Test is running, debug_wb_pc = 0x1c054ef8
        [4552000 ns] Test is running, debug_wb_pc = 0x1c0550e8
        [4562000 ns] Test is running, debug_wb_pc = 0x1c0552d8
        [4572000 ns] Test is running, debug_wb_pc = 0x1c0554b8
        [4582000 ns] Test is running, debug_wb_pc = 0x1c0556ac
----[4585345 ns] Number 8'd36 Functional Test Point PASS!!!
        [4592000 ns] Test is running, debug_wb_pc = 0x1c055918
        [4602000 ns] Test is running, debug_wb_pc = 0x1c055cc0
        [4612000 ns] Test is running, debug_wb_pc = 0x1c05602c
        [4622000 ns] Test is running, debug_wb_pc = 0x1c056378
        [4632000 ns] Test is running, debug_wb_pc = 0x1c0566d0
        [4642000 ns] Test is running, debug_wb_pc = 0x1c056a04
        [4652000 ns] Test is running, debug_wb_pc = 0x1c056d70
        [4662000 ns] Test is running, debug_wb_pc = 0x1c0570dc
        [4672000 ns] Test is running, debug_wb_pc = 0x1c057458
        [4682000 ns] Test is running, debug_wb_pc = 0x1c057788
        [4692000 ns] Test is running, debug_wb_pc = 0x1c057ae8
        [4702000 ns] Test is running, debug_wb_pc = 0x1c057e60
        [4712000 ns] Test is running, debug_wb_pc = 0x1c0581f8
        [4722000 ns] Test is running, debug_wb_pc = 0x1c058594
        [4732000 ns] Test is running, debug_wb_pc = 0x1c0588e0
        [4742000 ns] Test is running, debug_wb_pc = 0x1c058c4c
        [4752000 ns] Test is running, debug_wb_pc = 0x1c058f7c
        [4762000 ns] Test is running, debug_wb_pc = 0x1c0592fc
----[4771235 ns] Number 8'd37 Functional Test Point PASS!!!
        [4772000 ns] Test is running, debug_wb_pc = 0x1c010358
        [4782000 ns] Test is running, debug_wb_pc = 0x1c0599a0
        [4792000 ns] Test is running, debug_wb_pc = 0x1c059cdc
        [4802000 ns] Test is running, debug_wb_pc = 0x1c05a020
        [4812000 ns] Test is running, debug_wb_pc = 0x1c05a3ec
        [4822000 ns] Test is running, debug_wb_pc = 0x1c05a734
        [4832000 ns] Test is running, debug_wb_pc = 0x1c05aabc
        [4842000 ns] Test is running, debug_wb_pc = 0x1c05adf8
        [4852000 ns] Test is running, debug_wb_pc = 0x1c05b15c
        [4862000 ns] Test is running, debug_wb_pc = 0x1c05b504
        [4872000 ns] Test is running, debug_wb_pc = 0x1c05b874
        [4882000 ns] Test is running, debug_wb_pc = 0x1c05bbbc
        [4892000 ns] Test is running, debug_wb_pc = 0x1c05bf44
        [4902000 ns] Test is running, debug_wb_pc = 0x1c05c2b0
        [4912000 ns] Test is running, debug_wb_pc = 0x1c05c600
        [4922000 ns] Test is running, debug_wb_pc = 0x1c05c990
        [4932000 ns] Test is running, debug_wb_pc = 0x1c05cc98
        [4942000 ns] Test is running, debug_wb_pc = 0x1c05cfcc
        [4952000 ns] Test is running, debug_wb_pc = 0x1c05d364
----[4956125 ns] Number 8'd38 Functional Test Point PASS!!!
        [4962000 ns] Test is running, debug_wb_pc = 0x1c05d650
        [4972000 ns] Test is running, debug_wb_pc = 0x1c05d99c
        [4982000 ns] Test is running, debug_wb_pc = 0x1c05dd08
        [4992000 ns] Test is running, debug_wb_pc = 0x1c05e060
        [5002000 ns] Test is running, debug_wb_pc = 0x1c05e400
        [5012000 ns] Test is running, debug_wb_pc = 0x1c05e76c
        [5022000 ns] Test is running, debug_wb_pc = 0x1c05ead4
        [5032000 ns] Test is running, debug_wb_pc = 0x1c05ee48
        [5042000 ns] Test is running, debug_wb_pc = 0x1c05f17c
        [5052000 ns] Test is running, debug_wb_pc = 0x1c05f4e8
        [5062000 ns] Test is running, debug_wb_pc = 0x1c05f82c
        [5072000 ns] Test is running, debug_wb_pc = 0x1c05fb5c
        [5082000 ns] Test is running, debug_wb_pc = 0x1c05fea4
        [5092000 ns] Test is running, debug_wb_pc = 0x1c060210
        [5102000 ns] Test is running, debug_wb_pc = 0x1c06055c
        [5112000 ns] Test is running, debug_wb_pc = 0x1c0608d4
        [5122000 ns] Test is running, debug_wb_pc = 0x1c060bfc
        [5132000 ns] Test is running, debug_wb_pc = 0x1c060f50
        [5142000 ns] Test is running, debug_wb_pc = 0x1c0612d4
----[5145215 ns] Number 8'd39 Functional Test Point PASS!!!
        [5152000 ns] Test is running, debug_wb_pc = 0x1c06321c
        [5162000 ns] Test is running, debug_wb_pc = 0x1c0635a8
        [5172000 ns] Test is running, debug_wb_pc = 0x1c0638dc
        [5182000 ns] Test is running, debug_wb_pc = 0x1c063c28
        [5192000 ns] Test is running, debug_wb_pc = 0x1c063f94
        [5202000 ns] Test is running, debug_wb_pc = 0x1c06430c
        [5212000 ns] Test is running, debug_wb_pc = 0x1c064654
        [5222000 ns] Test is running, debug_wb_pc = 0x1c0649c0
        [5232000 ns] Test is running, debug_wb_pc = 0x1c064d2c
        [5242000 ns] Test is running, debug_wb_pc = 0x1c065098
        [5252000 ns] Test is running, debug_wb_pc = 0x1c06541c
        [5262000 ns] Test is running, debug_wb_pc = 0x1c065788
        [5272000 ns] Test is running, debug_wb_pc = 0x1c065abc
        [5282000 ns] Test is running, debug_wb_pc = 0x1c065e48
        [5292000 ns] Test is running, debug_wb_pc = 0x1c066180
        [5302000 ns] Test is running, debug_wb_pc = 0x1c0664e8
        [5312000 ns] Test is running, debug_wb_pc = 0x1c0668c4
        [5322000 ns] Test is running, debug_wb_pc = 0x1c066be0
----[5330455 ns] Number 8'd40 Functional Test Point PASS!!!
        [5332000 ns] Test is running, debug_wb_pc = 0x1c066f14
        [5342000 ns] Test is running, debug_wb_pc = 0x1c067210
        [5352000 ns] Test is running, debug_wb_pc = 0x1c067508
        [5362000 ns] Test is running, debug_wb_pc = 0x1c067800
        [5372000 ns] Test is running, debug_wb_pc = 0x1c067af8
        [5382000 ns] Test is running, debug_wb_pc = 0x1c067df4
        [5392000 ns] Test is running, debug_wb_pc = 0x1c0680ec
        [5402000 ns] Test is running, debug_wb_pc = 0x1c0683e8
        [5412000 ns] Test is running, debug_wb_pc = 0x1c0686e4
        [5422000 ns] Test is running, debug_wb_pc = 0x1c0689dc
----[5430325 ns] Number 8'd41 Functional Test Point PASS!!!
        [5432000 ns] Test is running, debug_wb_pc = 0x1c068c7c
        [5442000 ns] Test is running, debug_wb_pc = 0x1c068f78
        [5452000 ns] Test is running, debug_wb_pc = 0x1c069274
        [5462000 ns] Test is running, debug_wb_pc = 0x1c06956c
        [5472000 ns] Test is running, debug_wb_pc = 0x1c069864
        [5482000 ns] Test is running, debug_wb_pc = 0x1c069b5c
        [5492000 ns] Test is running, debug_wb_pc = 0x1c069e58
        [5502000 ns] Test is running, debug_wb_pc = 0x1c06a150
----[5504155 ns] Number 8'd42 Functional Test Point PASS!!!
        [5512000 ns] Test is running, debug_wb_pc = 0x1c06a3f4
        [5522000 ns] Test is running, debug_wb_pc = 0x1c06a6ec
        [5532000 ns] Test is running, debug_wb_pc = 0x1c06a9e8
        [5542000 ns] Test is running, debug_wb_pc = 0x1c06ace4
        [5552000 ns] Test is running, debug_wb_pc = 0x1c06afdc
        [5562000 ns] Test is running, debug_wb_pc = 0x1c06b2d8
        [5572000 ns] Test is running, debug_wb_pc = 0x1c06b5d0
        [5582000 ns] Test is running, debug_wb_pc = 0x1c06b8c8
        [5592000 ns] Test is running, debug_wb_pc = 0x1c06bbc4
        [5602000 ns] Test is running, debug_wb_pc = 0x1c06bebc
----[5611585 ns] Number 8'd43 Functional Test Point PASS!!!
        [5612000 ns] Test is running, debug_wb_pc = 0x1c010340
        [5622000 ns] Test is running, debug_wb_pc = 0x1c06c454
        [5632000 ns] Test is running, debug_wb_pc = 0x1c06c750
        [5642000 ns] Test is running, debug_wb_pc = 0x1c06ca48
        [5652000 ns] Test is running, debug_wb_pc = 0x1c06cd48
        [5662000 ns] Test is running, debug_wb_pc = 0x1c06d03c
        [5672000 ns] Test is running, debug_wb_pc = 0x1c06d33c
        [5682000 ns] Test is running, debug_wb_pc = 0x1c06d634
        [5692000 ns] Test is running, debug_wb_pc = 0x1c06d92c
        [5702000 ns] Test is running, debug_wb_pc = 0x1c06dc28
----[5705575 ns] Number 8'd44 Functional Test Point PASS!!!
        [5712000 ns] Test is running, debug_wb_pc = 0x1c06decc
        [5722000 ns] Test is running, debug_wb_pc = 0x1c06e1cc
        [5732000 ns] Test is running, debug_wb_pc = 0x1c06e4cc
        [5742000 ns] Test is running, debug_wb_pc = 0x1c06e7c8
        [5752000 ns] Test is running, debug_wb_pc = 0x1c06eac8
        [5762000 ns] Test is running, debug_wb_pc = 0x1c06edc8
        [5772000 ns] Test is running, debug_wb_pc = 0x1c06f0c8
        [5782000 ns] Test is running, debug_wb_pc = 0x1c06f3c8
        [5792000 ns] Test is running, debug_wb_pc = 0x1c06f6c4
        [5802000 ns] Test is running, debug_wb_pc = 0x1c06f9c8
        [5812000 ns] Test is running, debug_wb_pc = 0x1c06fcc8
----[5819035 ns] Number 8'd45 Functional Test Point PASS!!!
        [5822000 ns] Test is running, debug_wb_pc = 0x1c06ff70
        [5832000 ns] Test is running, debug_wb_pc = 0x1c070270
        [5842000 ns] Test is running, debug_wb_pc = 0x1c070570
        [5852000 ns] Test is running, debug_wb_pc = 0x1c07086c
        [5862000 ns] Test is running, debug_wb_pc = 0x1c070b70
        [5872000 ns] Test is running, debug_wb_pc = 0x1c070e70
        [5882000 ns] Test is running, debug_wb_pc = 0x1c071170
        [5892000 ns] Test is running, debug_wb_pc = 0x1c071470
        [5902000 ns] Test is running, debug_wb_pc = 0x1c07176c
        [5912000 ns] Test is running, debug_wb_pc = 0x1c071a70
        [5922000 ns] Test is running, debug_wb_pc = 0x1c071d6c
----[5922595 ns] Number 8'd46 Functional Test Point PASS!!!
        [5932000 ns] Test is running, debug_wb_pc = 0x1c071e44
        [5942000 ns] Test is running, debug_wb_pc = 0x1c008088
----[5943975 ns] Number 8'd47 Functional Test Point PASS!!!
        [5952000 ns] Test is running, debug_wb_pc = 0x1c00800c
        [5962000 ns] Test is running, debug_wb_pc = 0x1c008014
----[5966305 ns] Number 8'd48 Functional Test Point PASS!!!
        [5972000 ns] Test is running, debug_wb_pc = 0x1c00800c
        [5982000 ns] Test is running, debug_wb_pc = 0x1c072108
        [5992000 ns] Test is running, debug_wb_pc = 0x1c072108
        [6002000 ns] Test is running, debug_wb_pc = 0x1c072108
        [6012000 ns] Test is running, debug_wb_pc = 0x1c008018
        [6022000 ns] Test is running, debug_wb_pc = 0x1c072114
        [6032000 ns] Test is running, debug_wb_pc = 0x1c072114
        [6042000 ns] Test is running, debug_wb_pc = 0x1c072114
        [6052000 ns] Test is running, debug_wb_pc = 0x1c07216c
        [6062000 ns] Test is running, debug_wb_pc = 0x1c0721c0
        [6072000 ns] Test is running, debug_wb_pc = 0x1c0721c0
        [6082000 ns] Test is running, debug_wb_pc = 0x1c0721c0
        [6092000 ns] Test is running, debug_wb_pc = 0x1c0721c0
        [6102000 ns] Test is running, debug_wb_pc = 0x1c0721cc
        [6112000 ns] Test is running, debug_wb_pc = 0x1c0721cc
        [6122000 ns] Test is running, debug_wb_pc = 0x1c0721cc
        [6132000 ns] Test is running, debug_wb_pc = 0x1c0081b0
        [6142000 ns] Test is running, debug_wb_pc = 0x1c072274
        [6152000 ns] Test is running, debug_wb_pc = 0x1c072274
        [6162000 ns] Test is running, debug_wb_pc = 0x1c072274
        [6172000 ns] Test is running, debug_wb_pc = 0x1c072274
        [6182000 ns] Test is running, debug_wb_pc = 0x1c072280
        [6192000 ns] Test is running, debug_wb_pc = 0x1c072280
        [6202000 ns] Test is running, debug_wb_pc = 0x1c072280
        [6212000 ns] Test is running, debug_wb_pc = 0x1c072280
        [6222000 ns] Test is running, debug_wb_pc = 0x1c072300
        [6232000 ns] Test is running, debug_wb_pc = 0x1c072300
        [6242000 ns] Test is running, debug_wb_pc = 0x1c072300
        [6252000 ns] Test is running, debug_wb_pc = 0x1c072300
        [6262000 ns] Test is running, debug_wb_pc = 0x1c07230c
        [6272000 ns] Test is running, debug_wb_pc = 0x1c07230c
        [6282000 ns] Test is running, debug_wb_pc = 0x1c07230c
        [6292000 ns] Test is running, debug_wb_pc = 0x1c07230c
        [6302000 ns] Test is running, debug_wb_pc = 0x1c0723a4
        [6312000 ns] Test is running, debug_wb_pc = 0x1c0723a4
        [6322000 ns] Test is running, debug_wb_pc = 0x1c0723a4
        [6332000 ns] Test is running, debug_wb_pc = 0x1c0723a4
        [6342000 ns] Test is running, debug_wb_pc = 0x1c0723b0
        [6352000 ns] Test is running, debug_wb_pc = 0x1c0723b0
        [6362000 ns] Test is running, debug_wb_pc = 0x1c0723b0
        [6372000 ns] Test is running, debug_wb_pc = 0x1c0723b0
        [6382000 ns] Test is running, debug_wb_pc = 0x1c072430
        [6392000 ns] Test is running, debug_wb_pc = 0x1c072430
        [6402000 ns] Test is running, debug_wb_pc = 0x1c072430
        [6412000 ns] Test is running, debug_wb_pc = 0x1c072430
        [6422000 ns] Test is running, debug_wb_pc = 0x1c07243c
        [6432000 ns] Test is running, debug_wb_pc = 0x1c07243c
        [6442000 ns] Test is running, debug_wb_pc = 0x1c07243c
        [6452000 ns] Test is running, debug_wb_pc = 0x1c07243c
        [6462000 ns] Test is running, debug_wb_pc = 0x1c00f078
        [6472000 ns] Test is running, debug_wb_pc = 0x1c0724c4
        [6482000 ns] Test is running, debug_wb_pc = 0x1c0724c4
        [6492000 ns] Test is running, debug_wb_pc = 0x1c0724c4
        [6502000 ns] Test is running, debug_wb_pc = 0x1c0081d4
        [6512000 ns] Test is running, debug_wb_pc = 0x1c0724d0
        [6522000 ns] Test is running, debug_wb_pc = 0x1c0724d0
        [6532000 ns] Test is running, debug_wb_pc = 0x1c0724d0
        [6542000 ns] Test is running, debug_wb_pc = 0x1c072524
        [6552000 ns] Test is running, debug_wb_pc = 0x1c072524
----[6560525 ns] Number 8'd49 Functional Test Point PASS!!!
        [6562000 ns] Test is running, debug_wb_pc = 0x1c074b14
        [6572000 ns] Test is running, debug_wb_pc = 0x1c008164
        [6582000 ns] Test is running, debug_wb_pc = 0x1c00f060
----[6582855 ns] Number 8'd50 Functional Test Point PASS!!!
        [6592000 ns] Test is running, debug_wb_pc = 0x1c074d24
        [6602000 ns] Test is running, debug_wb_pc = 0x1c008194
        [6612000 ns] Test is running, debug_wb_pc = 0x1c074ed8
        [6622000 ns] Test is running, debug_wb_pc = 0x1c074edc
----[6631175 ns] Number 8'd51 Functional Test Point PASS!!!
        [6632000 ns] Test is running, debug_wb_pc = 0x1c010360
        [6642000 ns] Test is running, debug_wb_pc = 0x1c00f078
        [6652000 ns] Test is running, debug_wb_pc = 0x1c00823c
----[6659805 ns] Number 8'd52 Functional Test Point PASS!!!
        [6662000 ns] Test is running, debug_wb_pc = 0x1c07518c
        [6672000 ns] Test is running, debug_wb_pc = 0x1c075294
        [6682000 ns] Test is running, debug_wb_pc = 0x1c075360
----[6688985 ns] Number 8'd53 Functional Test Point PASS!!!
        [6692000 ns] Test is running, debug_wb_pc = 0x1c00801c
        [6702000 ns] Test is running, debug_wb_pc = 0x1c008010
        [6712000 ns] Test is running, debug_wb_pc = 0x1c008000
----[6718165 ns] Number 8'd54 Functional Test Point PASS!!!
        [6722000 ns] Test is running, debug_wb_pc = 0x1c00827c
        [6732000 ns] Test is running, debug_wb_pc = 0x1c008268
        [6742000 ns] Test is running, debug_wb_pc = 0x1c008258
----[6747395 ns] Number 8'd55 Functional Test Point PASS!!!
        [6752000 ns] Test is running, debug_wb_pc = 0x1c00f068
        [6762000 ns] Test is running, debug_wb_pc = 0x1c00829c
        [6772000 ns] Test is running, debug_wb_pc = 0x1c008280
----[6777045 ns] Number 8'd56 Functional Test Point PASS!!!
        [6782000 ns] Test is running, debug_wb_pc = 0x1c075d34
        [6792000 ns] Test is running, debug_wb_pc = 0x1c00f068
        [6802000 ns] Test is running, debug_wb_pc = 0x1c00829c
----[6806695 ns] Number 8'd57 Functional Test Point PASS!!!
        [6812000 ns] Test is running, debug_wb_pc = 0x1c0760f0
----[6820035 ns] Number 8'd58 Functional Test Point PASS!!!
        [6822000 ns] Test is running, debug_wb_pc = 0x1c0103ec
        [6832000 ns] Test is running, debug_wb_pc = 0x1c010690
        [6842000 ns] Test is running, debug_wb_pc = 0x1c0763e0
----[6844225 ns] Number 8'd59 Functional Test Point PASS!!!
        [6852000 ns] Test is running, debug_wb_pc = 0x1c0105f8
        [6862000 ns] Test is running, debug_wb_pc = 0x1c01023c
        [6872000 ns] Test is running, debug_wb_pc = 0x1c078adc
----[6877345 ns] Number 8'd60 Functional Test Point PASS!!!
        [6882000 ns] Test is running, debug_wb_pc = 0x1c01053c
        [6892000 ns] Test is running, debug_wb_pc = 0x1c010788
----[6898435 ns] Number 8'd61 Functional Test Point PASS!!!
        [6902000 ns] Test is running, debug_wb_pc = 0x1c0104fc
        [6912000 ns] Test is running, debug_wb_pc = 0x1c010748
        [6922000 ns] Test is running, debug_wb_pc = 0x1c078c88
        [6932000 ns] Test is running, debug_wb_pc = 0x1c078c64
----[6933925 ns] Number 8'd62 Functional Test Point PASS!!!
        [6942000 ns] Test is running, debug_wb_pc = 0x1c010604
        [6952000 ns] Test is running, debug_wb_pc = 0x1c078cc0
        [6962000 ns] Test is running, debug_wb_pc = 0x1c078d00
----[6968465 ns] Number 8'd63 Functional Test Point PASS!!!
        [6972000 ns] Test is running, debug_wb_pc = 0x1c0104f8
        [6982000 ns] Test is running, debug_wb_pc = 0x1c010744
        [6992000 ns] Test is running, debug_wb_pc = 0x1c078dc0
----[6998605 ns] Number 8'd64 Functional Test Point PASS!!!
        [7002000 ns] Test is running, debug_wb_pc = 0x1c0104ec
        [7012000 ns] Test is running, debug_wb_pc = 0x1c01073c
        [7022000 ns] Test is running, debug_wb_pc = 0x1c078e5c
----[7031745 ns] Number 8'd65 Functional Test Point PASS!!!
        [7032000 ns] Test is running, debug_wb_pc = 0x1c010334
        [7042000 ns] Test is running, debug_wb_pc = 0x1c010680
        [7052000 ns] Test is running, debug_wb_pc = 0x1c078f0c
----[7061685 ns] Number 8'd66 Functional Test Point PASS!!!
        [7062000 ns] Test is running, debug_wb_pc = 0x1c010338
        [7072000 ns] Test is running, debug_wb_pc = 0x1c010684
        [7082000 ns] Test is running, debug_wb_pc = 0x1c078fec
----[7090525 ns] Number 8'd67 Functional Test Point PASS!!!
        [7092000 ns] Test is running, debug_wb_pc = 0x1c010480
        [7102000 ns] Test is running, debug_wb_pc = 0x1c0106cc
        [7112000 ns] Test is running, debug_wb_pc = 0x1c0790d0
----[7119515 ns] Number 8'd68 Functional Test Point PASS!!!
        [7122000 ns] Test is running, debug_wb_pc = 0x1c0104b8
        [7132000 ns] Test is running, debug_wb_pc = 0x1c010708
        [7142000 ns] Test is running, debug_wb_pc = 0x1c00f068
----[7147195 ns] Number 8'd69 Functional Test Point PASS!!!
        [7152000 ns] Test is running, debug_wb_pc = 0x1c07b818
----[7157335 ns] Number 8'd70 Functional Test Point PASS!!!
        [7162000 ns] Test is running, debug_wb_pc = 0x1c07b9e0
        [7172000 ns] Test is running, debug_wb_pc = 0x1c07bc60
        [7182000 ns] Test is running, debug_wb_pc = 0x1c008044
        [7192000 ns] Test is running, debug_wb_pc = 0x1c008010
        [7202000 ns] Test is running, debug_wb_pc = 0x1c07bfd4
        [7212000 ns] Test is running, debug_wb_pc = 0x1c008058
        [7222000 ns] Test is running, debug_wb_pc = 0x1c008010
----[7224335 ns] Number 8'd71 Functional Test Point PASS!!!
        [7232000 ns] Test is running, debug_wb_pc = 0x1c07c314
----[7234915 ns] Number 8'd72 Functional Test Point PASS!!!
==============================================================
Test end!
----PASS!!!
$finish called at time : 7236875 ns : File "/home/ysxashore/Data_DISK/Projects/Studying/LoongArch-Learn/CPU_design/cdp_ede_local_LA_readygo/mycpu_env/soc_verify/soc_axi/testbench/mycpu_tb.v" Line 267
INFO: xsimkernel Simulation Memory Usage: 131864 KB (Peak: 172108 KB), Simulation CPU Usage: 181890 ms
