Time resolution is 1 ps
 Block Memory Generator module loading initial data...
 Block Memory Generator data initialization complete.
Block Memory Generator module tb_top.soc_lite.inst_ram.inst.\native_mem_module.blk_mem_gen_v8_4_6_inst  is using a behavioral model for simulation which will not precisely model memory collision behavior.
Block Memory Generator module tb_top.soc_lite.data_ram.inst.\native_mem_module.blk_mem_gen_v8_4_6_inst  is using a behavioral model for simulation which will not precisely model memory collision behavior.
==============================================================
Test begin!
        [  22000 ns] Test is running, debug_wb_pc = 0x1c033d04
        [  32000 ns] Test is running, debug_wb_pc = 0x1c033fa0
        [  42000 ns] Test is running, debug_wb_pc = 0x1c034294
        [  52000 ns] Test is running, debug_wb_pc = 0x1c034580
----[  59885 ns] Number 8'd01 Functional Test Point PASS!!!
        [  62000 ns] Test is running, debug_wb_pc = 0x1c04b318
        [  72000 ns] Test is running, debug_wb_pc = 0x1c04b5f4
        [  82000 ns] Test is running, debug_wb_pc = 0x1c04b8b0
        [  92000 ns] Test is running, debug_wb_pc = 0x1c04bb40
        [ 102000 ns] Test is running, debug_wb_pc = 0x1c04be18
        [ 112000 ns] Test is running, debug_wb_pc = 0x1c04c0a0
        [ 122000 ns] Test is running, debug_wb_pc = 0x1c04c300
        [ 132000 ns] Test is running, debug_wb_pc = 0x1c04c5a4
        [ 142000 ns] Test is running, debug_wb_pc = 0x1c04c820
        [ 152000 ns] Test is running, debug_wb_pc = 0x1c04cb10
        [ 162000 ns] Test is running, debug_wb_pc = 0x1c04cdb4
        [ 172000 ns] Test is running, debug_wb_pc = 0x1c04d068
        [ 182000 ns] Test is running, debug_wb_pc = 0x1c04d340
        [ 192000 ns] Test is running, debug_wb_pc = 0x1c04d5cc
        [ 202000 ns] Test is running, debug_wb_pc = 0x1c04d888
----[ 202165 ns] Number 8'd02 Functional Test Point PASS!!!
        [ 212000 ns] Test is running, debug_wb_pc = 0x1c0615a0
        [ 222000 ns] Test is running, debug_wb_pc = 0x1c061838
        [ 232000 ns] Test is running, debug_wb_pc = 0x1c061b0c
        [ 242000 ns] Test is running, debug_wb_pc = 0x1c061dcc
        [ 252000 ns] Test is running, debug_wb_pc = 0x1c0620a4
        [ 262000 ns] Test is running, debug_wb_pc = 0x1c062324
        [ 272000 ns] Test is running, debug_wb_pc = 0x1c0625ec
        [ 282000 ns] Test is running, debug_wb_pc = 0x1c062898
        [ 292000 ns] Test is running, debug_wb_pc = 0x1c062b60
        [ 302000 ns] Test is running, debug_wb_pc = 0x1c062e84
----[ 307895 ns] Number 8'd03 Functional Test Point PASS!!!
        [ 312000 ns] Test is running, debug_wb_pc = 0x1c07255c
        [ 322000 ns] Test is running, debug_wb_pc = 0x1c07282c
        [ 332000 ns] Test is running, debug_wb_pc = 0x1c072b50
        [ 342000 ns] Test is running, debug_wb_pc = 0x1c072df4
        [ 352000 ns] Test is running, debug_wb_pc = 0x1c073084
        [ 362000 ns] Test is running, debug_wb_pc = 0x1c073340
        [ 372000 ns] Test is running, debug_wb_pc = 0x1c073648
        [ 382000 ns] Test is running, debug_wb_pc = 0x1c0738c4
        [ 392000 ns] Test is running, debug_wb_pc = 0x1c073b60
        [ 402000 ns] Test is running, debug_wb_pc = 0x1c073e24
        [ 412000 ns] Test is running, debug_wb_pc = 0x1c0740d0
        [ 422000 ns] Test is running, debug_wb_pc = 0x1c074398
        [ 432000 ns] Test is running, debug_wb_pc = 0x1c07467c
        [ 442000 ns] Test is running, debug_wb_pc = 0x1c07493c
----[ 445975 ns] Number 8'd04 Functional Test Point PASS!!!
        [ 452000 ns] Test is running, debug_wb_pc = 0x1c0763d4
        [ 462000 ns] Test is running, debug_wb_pc = 0x1c07669c
        [ 472000 ns] Test is running, debug_wb_pc = 0x1c076934
        [ 482000 ns] Test is running, debug_wb_pc = 0x1c076bdc
        [ 492000 ns] Test is running, debug_wb_pc = 0x1c076e6c
        [ 502000 ns] Test is running, debug_wb_pc = 0x1c07711c
        [ 512000 ns] Test is running, debug_wb_pc = 0x1c0773d4
        [ 522000 ns] Test is running, debug_wb_pc = 0x1c0776ac
        [ 532000 ns] Test is running, debug_wb_pc = 0x1c07798c
        [ 542000 ns] Test is running, debug_wb_pc = 0x1c077c48
        [ 552000 ns] Test is running, debug_wb_pc = 0x1c077f3c
        [ 562000 ns] Test is running, debug_wb_pc = 0x1c0781bc
        [ 572000 ns] Test is running, debug_wb_pc = 0x1c07848c
        [ 582000 ns] Test is running, debug_wb_pc = 0x1c078790
----[ 584865 ns] Number 8'd05 Functional Test Point PASS!!!
        [ 592000 ns] Test is running, debug_wb_pc = 0x1c0789c8
        [ 602000 ns] Test is running, debug_wb_pc = 0x1c078c70
        [ 612000 ns] Test is running, debug_wb_pc = 0x1c078f20
        [ 622000 ns] Test is running, debug_wb_pc = 0x1c0791e8
        [ 632000 ns] Test is running, debug_wb_pc = 0x1c079464
        [ 642000 ns] Test is running, debug_wb_pc = 0x1c0796c4
        [ 652000 ns] Test is running, debug_wb_pc = 0x1c0799bc
        [ 662000 ns] Test is running, debug_wb_pc = 0x1c079c34
        [ 672000 ns] Test is running, debug_wb_pc = 0x1c079ee8
        [ 682000 ns] Test is running, debug_wb_pc = 0x1c07a1c8
        [ 692000 ns] Test is running, debug_wb_pc = 0x1c07a518
        [ 702000 ns] Test is running, debug_wb_pc = 0x1c07a7c4
        [ 712000 ns] Test is running, debug_wb_pc = 0x1c07aa70
        [ 722000 ns] Test is running, debug_wb_pc = 0x1c07ad08
----[ 726495 ns] Number 8'd06 Functional Test Point PASS!!!
        [ 732000 ns] Test is running, debug_wb_pc = 0x1c07af48
        [ 742000 ns] Test is running, debug_wb_pc = 0x1c07b214
        [ 752000 ns] Test is running, debug_wb_pc = 0x1c07b4c4
        [ 762000 ns] Test is running, debug_wb_pc = 0x1c07b770
        [ 772000 ns] Test is running, debug_wb_pc = 0x1c07ba30
        [ 782000 ns] Test is running, debug_wb_pc = 0x1c07bcec
        [ 792000 ns] Test is running, debug_wb_pc = 0x1c07bf78
        [ 802000 ns] Test is running, debug_wb_pc = 0x1c07c228
        [ 812000 ns] Test is running, debug_wb_pc = 0x1c07c4d4
        [ 822000 ns] Test is running, debug_wb_pc = 0x1c07c79c
        [ 832000 ns] Test is running, debug_wb_pc = 0x1c07ca28
        [ 842000 ns] Test is running, debug_wb_pc = 0x1c07cd08
        [ 852000 ns] Test is running, debug_wb_pc = 0x1c07cfe4
        [ 862000 ns] Test is running, debug_wb_pc = 0x1c07d288
----[ 866755 ns] Number 8'd07 Functional Test Point PASS!!!
        [ 872000 ns] Test is running, debug_wb_pc = 0x1c07d4ec
        [ 882000 ns] Test is running, debug_wb_pc = 0x1c07d7d8
        [ 892000 ns] Test is running, debug_wb_pc = 0x1c07da94
        [ 902000 ns] Test is running, debug_wb_pc = 0x1c07dd54
        [ 912000 ns] Test is running, debug_wb_pc = 0x1c07dfe4
        [ 922000 ns] Test is running, debug_wb_pc = 0x1c07e254
        [ 932000 ns] Test is running, debug_wb_pc = 0x1c07e514
        [ 942000 ns] Test is running, debug_wb_pc = 0x1c07e7ec
        [ 952000 ns] Test is running, debug_wb_pc = 0x1c07ea64
        [ 962000 ns] Test is running, debug_wb_pc = 0x1c07ece0
        [ 972000 ns] Test is running, debug_wb_pc = 0x1c07ef3c
        [ 982000 ns] Test is running, debug_wb_pc = 0x1c07f1c4
        [ 992000 ns] Test is running, debug_wb_pc = 0x1c07f478
        [1002000 ns] Test is running, debug_wb_pc = 0x1c07f724
----[1011305 ns] Number 8'd08 Functional Test Point PASS!!!
        [1012000 ns] Test is running, debug_wb_pc = 0x1c0102a0
        [1022000 ns] Test is running, debug_wb_pc = 0x1c07fc0c
        [1032000 ns] Test is running, debug_wb_pc = 0x1c07fea8
        [1042000 ns] Test is running, debug_wb_pc = 0x1c080170
        [1052000 ns] Test is running, debug_wb_pc = 0x1c080450
        [1062000 ns] Test is running, debug_wb_pc = 0x1c080734
        [1072000 ns] Test is running, debug_wb_pc = 0x1c080a00
        [1082000 ns] Test is running, debug_wb_pc = 0x1c080c98
        [1092000 ns] Test is running, debug_wb_pc = 0x1c080f7c
        [1102000 ns] Test is running, debug_wb_pc = 0x1c081220
        [1112000 ns] Test is running, debug_wb_pc = 0x1c08150c
        [1122000 ns] Test is running, debug_wb_pc = 0x1c0817b8
        [1132000 ns] Test is running, debug_wb_pc = 0x1c081a18
        [1142000 ns] Test is running, debug_wb_pc = 0x1c081cd8
----[1151405 ns] Number 8'd09 Functional Test Point PASS!!!
        [1152000 ns] Test is running, debug_wb_pc = 0x1c0102ac
        [1162000 ns] Test is running, debug_wb_pc = 0x1c0109f4
        [1172000 ns] Test is running, debug_wb_pc = 0x1c010cc0
        [1182000 ns] Test is running, debug_wb_pc = 0x1c010fac
        [1192000 ns] Test is running, debug_wb_pc = 0x1c011234
        [1202000 ns] Test is running, debug_wb_pc = 0x1c0114dc
        [1212000 ns] Test is running, debug_wb_pc = 0x1c011764
        [1222000 ns] Test is running, debug_wb_pc = 0x1c01198c
        [1232000 ns] Test is running, debug_wb_pc = 0x1c011c24
        [1242000 ns] Test is running, debug_wb_pc = 0x1c011eb8
        [1252000 ns] Test is running, debug_wb_pc = 0x1c012164
        [1262000 ns] Test is running, debug_wb_pc = 0x1c01240c
        [1272000 ns] Test is running, debug_wb_pc = 0x1c0126ac
        [1282000 ns] Test is running, debug_wb_pc = 0x1c01297c
        [1292000 ns] Test is running, debug_wb_pc = 0x1c012c04
----[1297095 ns] Number 8'd10 Functional Test Point PASS!!!
        [1302000 ns] Test is running, debug_wb_pc = 0x1c012e74
        [1312000 ns] Test is running, debug_wb_pc = 0x1c013114
        [1322000 ns] Test is running, debug_wb_pc = 0x1c013380
        [1332000 ns] Test is running, debug_wb_pc = 0x1c013634
        [1342000 ns] Test is running, debug_wb_pc = 0x1c0138f4
        [1352000 ns] Test is running, debug_wb_pc = 0x1c013bc0
        [1362000 ns] Test is running, debug_wb_pc = 0x1c013e64
        [1372000 ns] Test is running, debug_wb_pc = 0x1c0140f4
        [1382000 ns] Test is running, debug_wb_pc = 0x1c0143a0
        [1392000 ns] Test is running, debug_wb_pc = 0x1c014650
        [1402000 ns] Test is running, debug_wb_pc = 0x1c0148e4
----[1404755 ns] Number 8'd11 Functional Test Point PASS!!!
        [1412000 ns] Test is running, debug_wb_pc = 0x1c014b20
        [1422000 ns] Test is running, debug_wb_pc = 0x1c014dbc
        [1432000 ns] Test is running, debug_wb_pc = 0x1c0150b4
        [1442000 ns] Test is running, debug_wb_pc = 0x1c015370
        [1452000 ns] Test is running, debug_wb_pc = 0x1c015618
        [1462000 ns] Test is running, debug_wb_pc = 0x1c0158e4
        [1472000 ns] Test is running, debug_wb_pc = 0x1c015b70
        [1482000 ns] Test is running, debug_wb_pc = 0x1c015e4c
        [1492000 ns] Test is running, debug_wb_pc = 0x1c016108
        [1502000 ns] Test is running, debug_wb_pc = 0x1c016388
----[1511635 ns] Number 8'd12 Functional Test Point PASS!!!
        [1512000 ns] Test is running, debug_wb_pc = 0x1c01029c
        [1522000 ns] Test is running, debug_wb_pc = 0x1c016884
        [1532000 ns] Test is running, debug_wb_pc = 0x1c016b68
        [1542000 ns] Test is running, debug_wb_pc = 0x1c016e20
        [1552000 ns] Test is running, debug_wb_pc = 0x1c0170c0
        [1562000 ns] Test is running, debug_wb_pc = 0x1c017338
        [1572000 ns] Test is running, debug_wb_pc = 0x1c0175e4
        [1582000 ns] Test is running, debug_wb_pc = 0x1c017890
        [1592000 ns] Test is running, debug_wb_pc = 0x1c017b98
        [1602000 ns] Test is running, debug_wb_pc = 0x1c017e44
        [1612000 ns] Test is running, debug_wb_pc = 0x1c018144
----[1616505 ns] Number 8'd13 Functional Test Point PASS!!!
        [1622000 ns] Test is running, debug_wb_pc = 0x1c01834c
        [1632000 ns] Test is running, debug_wb_pc = 0x1c0185c8
        [1642000 ns] Test is running, debug_wb_pc = 0x1c018888
        [1652000 ns] Test is running, debug_wb_pc = 0x1c018b04
        [1662000 ns] Test is running, debug_wb_pc = 0x1c018da4
        [1672000 ns] Test is running, debug_wb_pc = 0x1c019024
----[1680265 ns] Number 8'd14 Functional Test Point PASS!!!
        [1682000 ns] Test is running, debug_wb_pc = 0x1c0100c0
        [1692000 ns] Test is running, debug_wb_pc = 0x1c019510
        [1702000 ns] Test is running, debug_wb_pc = 0x1c0197f4
        [1712000 ns] Test is running, debug_wb_pc = 0x1c019a8c
        [1722000 ns] Test is running, debug_wb_pc = 0x1c019d2c
        [1732000 ns] Test is running, debug_wb_pc = 0x1c019fac
        [1742000 ns] Test is running, debug_wb_pc = 0x1c01a25c
----[1747655 ns] Number 8'd15 Functional Test Point PASS!!!
        [1752000 ns] Test is running, debug_wb_pc = 0x1c01a504
        [1762000 ns] Test is running, debug_wb_pc = 0x1c01a824
        [1772000 ns] Test is running, debug_wb_pc = 0x1c01ab4c
        [1782000 ns] Test is running, debug_wb_pc = 0x1c01ae70
        [1792000 ns] Test is running, debug_wb_pc = 0x1c01b1a8
        [1802000 ns] Test is running, debug_wb_pc = 0x1c01b4cc
        [1812000 ns] Test is running, debug_wb_pc = 0x1c01b7ec
        [1822000 ns] Test is running, debug_wb_pc = 0x1c01bb30
        [1832000 ns] Test is running, debug_wb_pc = 0x1c01be54
        [1842000 ns] Test is running, debug_wb_pc = 0x1c01c180
        [1852000 ns] Test is running, debug_wb_pc = 0x1c01c4c0
        [1862000 ns] Test is running, debug_wb_pc = 0x1c01c808
        [1872000 ns] Test is running, debug_wb_pc = 0x1c01cae0
        [1882000 ns] Test is running, debug_wb_pc = 0x1c01cdbc
        [1892000 ns] Test is running, debug_wb_pc = 0x1c01d068
        [1902000 ns] Test is running, debug_wb_pc = 0x1c01d314
        [1912000 ns] Test is running, debug_wb_pc = 0x1c01d588
        [1922000 ns] Test is running, debug_wb_pc = 0x1c01d82c
        [1932000 ns] Test is running, debug_wb_pc = 0x1c01daf0
        [1942000 ns] Test is running, debug_wb_pc = 0x1c01dd88
        [1952000 ns] Test is running, debug_wb_pc = 0x1c01e014
        [1962000 ns] Test is running, debug_wb_pc = 0x1c01e2dc
        [1972000 ns] Test is running, debug_wb_pc = 0x1c01e544
        [1982000 ns] Test is running, debug_wb_pc = 0x1c01e828
        [1992000 ns] Test is running, debug_wb_pc = 0x1c01eab4
        [2002000 ns] Test is running, debug_wb_pc = 0x1c01ed50
        [2012000 ns] Test is running, debug_wb_pc = 0x1c01f000
        [2022000 ns] Test is running, debug_wb_pc = 0x1c01f2e0
        [2032000 ns] Test is running, debug_wb_pc = 0x1c01f660
        [2042000 ns] Test is running, debug_wb_pc = 0x1c01f9d8
        [2052000 ns] Test is running, debug_wb_pc = 0x1c01fca8
        [2062000 ns] Test is running, debug_wb_pc = 0x1c01ff84
        [2072000 ns] Test is running, debug_wb_pc = 0x1c020244
        [2082000 ns] Test is running, debug_wb_pc = 0x1c0205c8
        [2092000 ns] Test is running, debug_wb_pc = 0x1c0208e4
        [2102000 ns] Test is running, debug_wb_pc = 0x1c020c0c
        [2112000 ns] Test is running, debug_wb_pc = 0x1c020f28
        [2122000 ns] Test is running, debug_wb_pc = 0x1c0212a4
        [2132000 ns] Test is running, debug_wb_pc = 0x1c0215e8
        [2142000 ns] Test is running, debug_wb_pc = 0x1c021918
----[2143695 ns] Number 8'd16 Functional Test Point PASS!!!
        [2152000 ns] Test is running, debug_wb_pc = 0x1c021b4c
        [2162000 ns] Test is running, debug_wb_pc = 0x1c021de0
        [2172000 ns] Test is running, debug_wb_pc = 0x1c022090
        [2182000 ns] Test is running, debug_wb_pc = 0x1c022320
        [2192000 ns] Test is running, debug_wb_pc = 0x1c022610
        [2202000 ns] Test is running, debug_wb_pc = 0x1c02289c
        [2212000 ns] Test is running, debug_wb_pc = 0x1c022b7c
        [2222000 ns] Test is running, debug_wb_pc = 0x1c022e20
        [2232000 ns] Test is running, debug_wb_pc = 0x1c02306c
        [2242000 ns] Test is running, debug_wb_pc = 0x1c023334
        [2252000 ns] Test is running, debug_wb_pc = 0x1c023604
        [2262000 ns] Test is running, debug_wb_pc = 0x1c023880
        [2272000 ns] Test is running, debug_wb_pc = 0x1c023aec
        [2282000 ns] Test is running, debug_wb_pc = 0x1c023dbc
        [2292000 ns] Test is running, debug_wb_pc = 0x1c024078
        [2302000 ns] Test is running, debug_wb_pc = 0x1c0243a0
        [2312000 ns] Test is running, debug_wb_pc = 0x1c024728
        [2322000 ns] Test is running, debug_wb_pc = 0x1c024a24
        [2332000 ns] Test is running, debug_wb_pc = 0x1c024d30
        [2342000 ns] Test is running, debug_wb_pc = 0x1c025090
        [2352000 ns] Test is running, debug_wb_pc = 0x1c02539c
        [2362000 ns] Test is running, debug_wb_pc = 0x1c025678
        [2372000 ns] Test is running, debug_wb_pc = 0x1c0259b8
        [2382000 ns] Test is running, debug_wb_pc = 0x1c025cdc
        [2392000 ns] Test is running, debug_wb_pc = 0x1c025fb8
        [2402000 ns] Test is running, debug_wb_pc = 0x1c0262dc
        [2412000 ns] Test is running, debug_wb_pc = 0x1c026604
        [2422000 ns] Test is running, debug_wb_pc = 0x1c0268e4
        [2432000 ns] Test is running, debug_wb_pc = 0x1c026bc0
        [2442000 ns] Test is running, debug_wb_pc = 0x1c026e0c
        [2452000 ns] Test is running, debug_wb_pc = 0x1c0270d4
        [2462000 ns] Test is running, debug_wb_pc = 0x1c0273c4
        [2472000 ns] Test is running, debug_wb_pc = 0x1c027654
        [2482000 ns] Test is running, debug_wb_pc = 0x1c0278d8
        [2492000 ns] Test is running, debug_wb_pc = 0x1c027af8
        [2502000 ns] Test is running, debug_wb_pc = 0x1c027d60
        [2512000 ns] Test is running, debug_wb_pc = 0x1c027fa8
        [2522000 ns] Test is running, debug_wb_pc = 0x1c02823c
        [2532000 ns] Test is running, debug_wb_pc = 0x1c0284f4
        [2542000 ns] Test is running, debug_wb_pc = 0x1c028784
        [2552000 ns] Test is running, debug_wb_pc = 0x1c0289e8
        [2562000 ns] Test is running, debug_wb_pc = 0x1c028c38
        [2572000 ns] Test is running, debug_wb_pc = 0x1c028eb4
----[2573785 ns] Number 8'd17 Functional Test Point PASS!!!
        [2582000 ns] Test is running, debug_wb_pc = 0x1c029114
        [2592000 ns] Test is running, debug_wb_pc = 0x1c029398
        [2602000 ns] Test is running, debug_wb_pc = 0x1c029654
        [2612000 ns] Test is running, debug_wb_pc = 0x1c029884
        [2622000 ns] Test is running, debug_wb_pc = 0x1c029b54
        [2632000 ns] Test is running, debug_wb_pc = 0x1c029df4
        [2642000 ns] Test is running, debug_wb_pc = 0x1c02a03c
        [2652000 ns] Test is running, debug_wb_pc = 0x1c02a304
        [2662000 ns] Test is running, debug_wb_pc = 0x1c02a588
        [2672000 ns] Test is running, debug_wb_pc = 0x1c02a830
        [2682000 ns] Test is running, debug_wb_pc = 0x1c02aaac
        [2692000 ns] Test is running, debug_wb_pc = 0x1c02ad3c
        [2702000 ns] Test is running, debug_wb_pc = 0x1c02afa4
        [2712000 ns] Test is running, debug_wb_pc = 0x1c02b244
        [2722000 ns] Test is running, debug_wb_pc = 0x1c02b530
        [2732000 ns] Test is running, debug_wb_pc = 0x1c02b7ac
        [2742000 ns] Test is running, debug_wb_pc = 0x1c02ba50
        [2752000 ns] Test is running, debug_wb_pc = 0x1c02bcc0
        [2762000 ns] Test is running, debug_wb_pc = 0x1c02bf68
        [2772000 ns] Test is running, debug_wb_pc = 0x1c02c220
        [2782000 ns] Test is running, debug_wb_pc = 0x1c02c4c4
        [2792000 ns] Test is running, debug_wb_pc = 0x1c02c764
        [2802000 ns] Test is running, debug_wb_pc = 0x1c02c9dc
        [2812000 ns] Test is running, debug_wb_pc = 0x1c02cca0
        [2822000 ns] Test is running, debug_wb_pc = 0x1c02cf44
        [2832000 ns] Test is running, debug_wb_pc = 0x1c02d1f4
        [2842000 ns] Test is running, debug_wb_pc = 0x1c02d464
        [2852000 ns] Test is running, debug_wb_pc = 0x1c02d720
        [2862000 ns] Test is running, debug_wb_pc = 0x1c02d9e4
        [2872000 ns] Test is running, debug_wb_pc = 0x1c02dca4
        [2882000 ns] Test is running, debug_wb_pc = 0x1c02df14
        [2892000 ns] Test is running, debug_wb_pc = 0x1c02e1a4
        [2902000 ns] Test is running, debug_wb_pc = 0x1c02e440
----[2911635 ns] Number 8'd18 Functional Test Point PASS!!!
        [2912000 ns] Test is running, debug_wb_pc = 0x1c010290
        [2922000 ns] Test is running, debug_wb_pc = 0x1c02e974
        [2932000 ns] Test is running, debug_wb_pc = 0x1c02ebc4
        [2942000 ns] Test is running, debug_wb_pc = 0x1c02ee48
        [2952000 ns] Test is running, debug_wb_pc = 0x1c02f0d4
        [2962000 ns] Test is running, debug_wb_pc = 0x1c02f354
        [2972000 ns] Test is running, debug_wb_pc = 0x1c02f5f4
        [2982000 ns] Test is running, debug_wb_pc = 0x1c02f888
        [2992000 ns] Test is running, debug_wb_pc = 0x1c02fb14
        [3002000 ns] Test is running, debug_wb_pc = 0x1c02fdc0
        [3012000 ns] Test is running, debug_wb_pc = 0x1c030040
        [3022000 ns] Test is running, debug_wb_pc = 0x1c0302c8
        [3032000 ns] Test is running, debug_wb_pc = 0x1c030520
        [3042000 ns] Test is running, debug_wb_pc = 0x1c03077c
        [3052000 ns] Test is running, debug_wb_pc = 0x1c030a10
        [3062000 ns] Test is running, debug_wb_pc = 0x1c030cdc
        [3072000 ns] Test is running, debug_wb_pc = 0x1c030f30
        [3082000 ns] Test is running, debug_wb_pc = 0x1c0311e4
        [3092000 ns] Test is running, debug_wb_pc = 0x1c031458
        [3102000 ns] Test is running, debug_wb_pc = 0x1c031718
        [3112000 ns] Test is running, debug_wb_pc = 0x1c0319b0
        [3122000 ns] Test is running, debug_wb_pc = 0x1c031c14
        [3132000 ns] Test is running, debug_wb_pc = 0x1c031ec0
        [3142000 ns] Test is running, debug_wb_pc = 0x1c0320d4
        [3152000 ns] Test is running, debug_wb_pc = 0x1c03239c
        [3162000 ns] Test is running, debug_wb_pc = 0x1c03263c
        [3172000 ns] Test is running, debug_wb_pc = 0x1c032894
        [3182000 ns] Test is running, debug_wb_pc = 0x1c032b3c
        [3192000 ns] Test is running, debug_wb_pc = 0x1c032d84
        [3202000 ns] Test is running, debug_wb_pc = 0x1c033020
        [3212000 ns] Test is running, debug_wb_pc = 0x1c0332b0
        [3222000 ns] Test is running, debug_wb_pc = 0x1c033514
        [3232000 ns] Test is running, debug_wb_pc = 0x1c0337b8
----[3233775 ns] Number 8'd19 Functional Test Point PASS!!!
        [3242000 ns] Test is running, debug_wb_pc = 0x1c034978
        [3252000 ns] Test is running, debug_wb_pc = 0x1c034c0c
        [3262000 ns] Test is running, debug_wb_pc = 0x1c034e9c
        [3272000 ns] Test is running, debug_wb_pc = 0x1c035120
        [3282000 ns] Test is running, debug_wb_pc = 0x1c035400
        [3292000 ns] Test is running, debug_wb_pc = 0x1c0356c8
        [3302000 ns] Test is running, debug_wb_pc = 0x1c035964
        [3312000 ns] Test is running, debug_wb_pc = 0x1c035bd4
        [3322000 ns] Test is running, debug_wb_pc = 0x1c035e94
        [3332000 ns] Test is running, debug_wb_pc = 0x1c036174
        [3342000 ns] Test is running, debug_wb_pc = 0x1c036404
        [3352000 ns] Test is running, debug_wb_pc = 0x1c0366a0
        [3362000 ns] Test is running, debug_wb_pc = 0x1c036954
        [3372000 ns] Test is running, debug_wb_pc = 0x1c036bd0
        [3382000 ns] Test is running, debug_wb_pc = 0x1c036e5c
        [3392000 ns] Test is running, debug_wb_pc = 0x1c037124
        [3402000 ns] Test is running, debug_wb_pc = 0x1c037380
        [3412000 ns] Test is running, debug_wb_pc = 0x1c03762c
        [3422000 ns] Test is running, debug_wb_pc = 0x1c0378c0
        [3432000 ns] Test is running, debug_wb_pc = 0x1c037b6c
        [3442000 ns] Test is running, debug_wb_pc = 0x1c037dec
        [3452000 ns] Test is running, debug_wb_pc = 0x1c038098
        [3462000 ns] Test is running, debug_wb_pc = 0x1c038324
        [3472000 ns] Test is running, debug_wb_pc = 0x1c0385b8
        [3482000 ns] Test is running, debug_wb_pc = 0x1c038880
----[3485155 ns] Number 8'd20 Functional Test Point PASS!!!
        [3492000 ns] Test is running, debug_wb_pc = 0x1c038a88
        [3502000 ns] Test is running, debug_wb_pc = 0x1c038ca0
        [3512000 ns] Test is running, debug_wb_pc = 0x1c038eec
        [3522000 ns] Test is running, debug_wb_pc = 0x1c0390f4
        [3532000 ns] Test is running, debug_wb_pc = 0x1c0392c0
        [3542000 ns] Test is running, debug_wb_pc = 0x1c0394d0
        [3552000 ns] Test is running, debug_wb_pc = 0x1c0396f0
        [3562000 ns] Test is running, debug_wb_pc = 0x1c0398d4
        [3572000 ns] Test is running, debug_wb_pc = 0x1c039ae8
        [3582000 ns] Test is running, debug_wb_pc = 0x1c039d08
        [3592000 ns] Test is running, debug_wb_pc = 0x1c039f04
        [3602000 ns] Test is running, debug_wb_pc = 0x1c03a118
        [3612000 ns] Test is running, debug_wb_pc = 0x1c03a2d0
        [3622000 ns] Test is running, debug_wb_pc = 0x1c03a4a0
        [3632000 ns] Test is running, debug_wb_pc = 0x1c03a6c4
        [3642000 ns] Test is running, debug_wb_pc = 0x1c03a8a0
        [3652000 ns] Test is running, debug_wb_pc = 0x1c03aad0
        [3662000 ns] Test is running, debug_wb_pc = 0x1c03acf4
        [3672000 ns] Test is running, debug_wb_pc = 0x1c03af00
        [3682000 ns] Test is running, debug_wb_pc = 0x1c03b0d8
        [3692000 ns] Test is running, debug_wb_pc = 0x1c03b2f4
----[3696395 ns] Number 8'd21 Functional Test Point PASS!!!
        [3702000 ns] Test is running, debug_wb_pc = 0x1c03b4f8
        [3712000 ns] Test is running, debug_wb_pc = 0x1c03b794
        [3722000 ns] Test is running, debug_wb_pc = 0x1c03ba20
        [3732000 ns] Test is running, debug_wb_pc = 0x1c03bcf8
        [3742000 ns] Test is running, debug_wb_pc = 0x1c03bf78
        [3752000 ns] Test is running, debug_wb_pc = 0x1c03c1c0
        [3762000 ns] Test is running, debug_wb_pc = 0x1c03c450
        [3772000 ns] Test is running, debug_wb_pc = 0x1c03c6d8
        [3782000 ns] Test is running, debug_wb_pc = 0x1c03c974
        [3792000 ns] Test is running, debug_wb_pc = 0x1c03cc54
        [3802000 ns] Test is running, debug_wb_pc = 0x1c03cf18
----[3806215 ns] Number 8'd22 Functional Test Point PASS!!!
        [3812000 ns] Test is running, debug_wb_pc = 0x1c03d18c
        [3822000 ns] Test is running, debug_wb_pc = 0x1c03d45c
        [3832000 ns] Test is running, debug_wb_pc = 0x1c03d6c8
        [3842000 ns] Test is running, debug_wb_pc = 0x1c03d950
        [3852000 ns] Test is running, debug_wb_pc = 0x1c03dc2c
        [3862000 ns] Test is running, debug_wb_pc = 0x1c03dee4
        [3872000 ns] Test is running, debug_wb_pc = 0x1c03e188
        [3882000 ns] Test is running, debug_wb_pc = 0x1c03e438
        [3892000 ns] Test is running, debug_wb_pc = 0x1c03e6e8
        [3902000 ns] Test is running, debug_wb_pc = 0x1c03e9a8
----[3911385 ns] Number 8'd23 Functional Test Point PASS!!!
        [3912000 ns] Test is running, debug_wb_pc = 0x1c010104
        [3922000 ns] Test is running, debug_wb_pc = 0x1c03eed4
        [3932000 ns] Test is running, debug_wb_pc = 0x1c03f14c
        [3942000 ns] Test is running, debug_wb_pc = 0x1c03f424
        [3952000 ns] Test is running, debug_wb_pc = 0x1c03f744
        [3962000 ns] Test is running, debug_wb_pc = 0x1c03f9ec
        [3972000 ns] Test is running, debug_wb_pc = 0x1c03fc5c
        [3982000 ns] Test is running, debug_wb_pc = 0x1c03ff1c
        [3992000 ns] Test is running, debug_wb_pc = 0x1c0401a4
        [4002000 ns] Test is running, debug_wb_pc = 0x1c04045c
        [4012000 ns] Test is running, debug_wb_pc = 0x1c0406d4
----[4019255 ns] Number 8'd24 Functional Test Point PASS!!!
        [4022000 ns] Test is running, debug_wb_pc = 0x1c040948
        [4032000 ns] Test is running, debug_wb_pc = 0x1c040c08
        [4042000 ns] Test is running, debug_wb_pc = 0x1c040eac
        [4052000 ns] Test is running, debug_wb_pc = 0x1c041124
        [4062000 ns] Test is running, debug_wb_pc = 0x1c0413e0
        [4072000 ns] Test is running, debug_wb_pc = 0x1c04169c
        [4082000 ns] Test is running, debug_wb_pc = 0x1c041968
        [4092000 ns] Test is running, debug_wb_pc = 0x1c041c04
        [4102000 ns] Test is running, debug_wb_pc = 0x1c041ec8
        [4112000 ns] Test is running, debug_wb_pc = 0x1c04219c
        [4122000 ns] Test is running, debug_wb_pc = 0x1c04242c
----[4125415 ns] Number 8'd25 Functional Test Point PASS!!!
        [4132000 ns] Test is running, debug_wb_pc = 0x1c0426cc
        [4142000 ns] Test is running, debug_wb_pc = 0x1c042960
        [4152000 ns] Test is running, debug_wb_pc = 0x1c042bf8
        [4162000 ns] Test is running, debug_wb_pc = 0x1c042e9c
        [4172000 ns] Test is running, debug_wb_pc = 0x1c043180
        [4182000 ns] Test is running, debug_wb_pc = 0x1c04345c
        [4192000 ns] Test is running, debug_wb_pc = 0x1c0436f8
        [4202000 ns] Test is running, debug_wb_pc = 0x1c0439a4
        [4212000 ns] Test is running, debug_wb_pc = 0x1c043c70
        [4222000 ns] Test is running, debug_wb_pc = 0x1c043f44
----[4230135 ns] Number 8'd26 Functional Test Point PASS!!!
        [4232000 ns] Test is running, debug_wb_pc = 0x1c04419c
        [4242000 ns] Test is running, debug_wb_pc = 0x1c044464
        [4252000 ns] Test is running, debug_wb_pc = 0x1c04472c
        [4262000 ns] Test is running, debug_wb_pc = 0x1c0449dc
        [4272000 ns] Test is running, debug_wb_pc = 0x1c044cc8
        [4282000 ns] Test is running, debug_wb_pc = 0x1c044f60
        [4292000 ns] Test is running, debug_wb_pc = 0x1c045248
        [4302000 ns] Test is running, debug_wb_pc = 0x1c0454b4
        [4312000 ns] Test is running, debug_wb_pc = 0x1c045728
        [4322000 ns] Test is running, debug_wb_pc = 0x1c0459dc
        [4332000 ns] Test is running, debug_wb_pc = 0x1c045c60
        [4342000 ns] Test is running, debug_wb_pc = 0x1c045f2c
        [4352000 ns] Test is running, debug_wb_pc = 0x1c0461b4
        [4362000 ns] Test is running, debug_wb_pc = 0x1c046450
        [4372000 ns] Test is running, debug_wb_pc = 0x1c046724
----[4372515 ns] Number 8'd27 Functional Test Point PASS!!!
        [4382000 ns] Test is running, debug_wb_pc = 0x1c046970
        [4392000 ns] Test is running, debug_wb_pc = 0x1c046c08
        [4402000 ns] Test is running, debug_wb_pc = 0x1c046ebc
        [4412000 ns] Test is running, debug_wb_pc = 0x1c047144
        [4422000 ns] Test is running, debug_wb_pc = 0x1c04741c
        [4432000 ns] Test is running, debug_wb_pc = 0x1c047704
        [4442000 ns] Test is running, debug_wb_pc = 0x1c0479bc
        [4452000 ns] Test is running, debug_wb_pc = 0x1c047c58
        [4462000 ns] Test is running, debug_wb_pc = 0x1c047f18
        [4472000 ns] Test is running, debug_wb_pc = 0x1c04818c
        [4482000 ns] Test is running, debug_wb_pc = 0x1c0483f0
        [4492000 ns] Test is running, debug_wb_pc = 0x1c04868c
        [4502000 ns] Test is running, debug_wb_pc = 0x1c04893c
        [4512000 ns] Test is running, debug_wb_pc = 0x1c048bd4
----[4516085 ns] Number 8'd28 Functional Test Point PASS!!!
        [4522000 ns] Test is running, debug_wb_pc = 0x1c048e44
        [4532000 ns] Test is running, debug_wb_pc = 0x1c049118
        [4542000 ns] Test is running, debug_wb_pc = 0x1c049410
        [4552000 ns] Test is running, debug_wb_pc = 0x1c0496f0
        [4562000 ns] Test is running, debug_wb_pc = 0x1c049948
        [4572000 ns] Test is running, debug_wb_pc = 0x1c049c28
        [4582000 ns] Test is running, debug_wb_pc = 0x1c049f6c
        [4592000 ns] Test is running, debug_wb_pc = 0x1c04a22c
        [4602000 ns] Test is running, debug_wb_pc = 0x1c04a4e8
        [4612000 ns] Test is running, debug_wb_pc = 0x1c04a7ac
        [4622000 ns] Test is running, debug_wb_pc = 0x1c04aa68
        [4632000 ns] Test is running, debug_wb_pc = 0x1c04acdc
        [4642000 ns] Test is running, debug_wb_pc = 0x1c04afb8
        [4652000 ns] Test is running, debug_wb_pc = 0x1c04b2cc
----[4652035 ns] Number 8'd29 Functional Test Point PASS!!!
        [4662000 ns] Test is running, debug_wb_pc = 0x1c04da10
        [4672000 ns] Test is running, debug_wb_pc = 0x1c04dbc8
        [4682000 ns] Test is running, debug_wb_pc = 0x1c04dd7c
        [4692000 ns] Test is running, debug_wb_pc = 0x1c04df2c
        [4702000 ns] Test is running, debug_wb_pc = 0x1c04e0c0
        [4712000 ns] Test is running, debug_wb_pc = 0x1c04e248
        [4722000 ns] Test is running, debug_wb_pc = 0x1c04e3e4
        [4732000 ns] Test is running, debug_wb_pc = 0x1c04e590
----[4734755 ns] Number 8'd30 Functional Test Point PASS!!!
        [4742000 ns] Test is running, debug_wb_pc = 0x1c04e6f4
        [4752000 ns] Test is running, debug_wb_pc = 0x1c04e898
        [4762000 ns] Test is running, debug_wb_pc = 0x1c04ea2c
        [4772000 ns] Test is running, debug_wb_pc = 0x1c04ebb8
        [4782000 ns] Test is running, debug_wb_pc = 0x1c04ed48
        [4792000 ns] Test is running, debug_wb_pc = 0x1c04eeec
        [4802000 ns] Test is running, debug_wb_pc = 0x1c04f064
        [4812000 ns] Test is running, debug_wb_pc = 0x1c04f1f8
        [4822000 ns] Test is running, debug_wb_pc = 0x1c04f39c
        [4832000 ns] Test is running, debug_wb_pc = 0x1c04f56c
        [4842000 ns] Test is running, debug_wb_pc = 0x1c04f70c
        [4852000 ns] Test is running, debug_wb_pc = 0x1c04f898
----[4857475 ns] Number 8'd31 Functional Test Point PASS!!!
        [4862000 ns] Test is running, debug_wb_pc = 0x1c04fa58
        [4872000 ns] Test is running, debug_wb_pc = 0x1c04fd38
        [4882000 ns] Test is running, debug_wb_pc = 0x1c04ffcc
        [4892000 ns] Test is running, debug_wb_pc = 0x1c05024c
        [4902000 ns] Test is running, debug_wb_pc = 0x1c05051c
        [4912000 ns] Test is running, debug_wb_pc = 0x1c0507ac
        [4922000 ns] Test is running, debug_wb_pc = 0x1c050a94
----[4929095 ns] Number 8'd32 Functional Test Point PASS!!!
        [4932000 ns] Test is running, debug_wb_pc = 0x1c050ce4
        [4942000 ns] Test is running, debug_wb_pc = 0x1c050fc4
        [4952000 ns] Test is running, debug_wb_pc = 0x1c051268
        [4962000 ns] Test is running, debug_wb_pc = 0x1c051508
        [4972000 ns] Test is running, debug_wb_pc = 0x1c051748
        [4982000 ns] Test is running, debug_wb_pc = 0x1c051a0c
        [4992000 ns] Test is running, debug_wb_pc = 0x1c051c9c
        [5002000 ns] Test is running, debug_wb_pc = 0x1c051f5c
----[5003505 ns] Number 8'd33 Functional Test Point PASS!!!
        [5012000 ns] Test is running, debug_wb_pc = 0x1c052134
        [5022000 ns] Test is running, debug_wb_pc = 0x1c05238c
        [5032000 ns] Test is running, debug_wb_pc = 0x1c052658
        [5042000 ns] Test is running, debug_wb_pc = 0x1c052910
        [5052000 ns] Test is running, debug_wb_pc = 0x1c052bb0
        [5062000 ns] Test is running, debug_wb_pc = 0x1c052e74
        [5072000 ns] Test is running, debug_wb_pc = 0x1c053114
----[5072685 ns] Number 8'd34 Functional Test Point PASS!!!
        [5082000 ns] Test is running, debug_wb_pc = 0x1c0532a8
        [5092000 ns] Test is running, debug_wb_pc = 0x1c053454
        [5102000 ns] Test is running, debug_wb_pc = 0x1c0535fc
        [5112000 ns] Test is running, debug_wb_pc = 0x1c0537bc
        [5122000 ns] Test is running, debug_wb_pc = 0x1c05398c
        [5132000 ns] Test is running, debug_wb_pc = 0x1c053b38
        [5142000 ns] Test is running, debug_wb_pc = 0x1c053cc8
        [5152000 ns] Test is running, debug_wb_pc = 0x1c053e78
        [5162000 ns] Test is running, debug_wb_pc = 0x1c054018
----[5164065 ns] Number 8'd35 Functional Test Point PASS!!!
        [5172000 ns] Test is running, debug_wb_pc = 0x1c0541a4
        [5182000 ns] Test is running, debug_wb_pc = 0x1c054358
        [5192000 ns] Test is running, debug_wb_pc = 0x1c054504
        [5202000 ns] Test is running, debug_wb_pc = 0x1c0546d8
        [5212000 ns] Test is running, debug_wb_pc = 0x1c0548a0
        [5222000 ns] Test is running, debug_wb_pc = 0x1c054a44
        [5232000 ns] Test is running, debug_wb_pc = 0x1c054bdc
        [5242000 ns] Test is running, debug_wb_pc = 0x1c054d74
        [5252000 ns] Test is running, debug_wb_pc = 0x1c054f24
        [5262000 ns] Test is running, debug_wb_pc = 0x1c0550c4
        [5272000 ns] Test is running, debug_wb_pc = 0x1c055258
        [5282000 ns] Test is running, debug_wb_pc = 0x1c055408
        [5292000 ns] Test is running, debug_wb_pc = 0x1c0555cc
----[5296665 ns] Number 8'd36 Functional Test Point PASS!!!
        [5302000 ns] Test is running, debug_wb_pc = 0x1c0557c8
        [5312000 ns] Test is running, debug_wb_pc = 0x1c055a78
        [5322000 ns] Test is running, debug_wb_pc = 0x1c055dac
        [5332000 ns] Test is running, debug_wb_pc = 0x1c056094
        [5342000 ns] Test is running, debug_wb_pc = 0x1c0563a4
        [5352000 ns] Test is running, debug_wb_pc = 0x1c056670
        [5362000 ns] Test is running, debug_wb_pc = 0x1c056918
        [5372000 ns] Test is running, debug_wb_pc = 0x1c056c1c
        [5382000 ns] Test is running, debug_wb_pc = 0x1c056f3c
        [5392000 ns] Test is running, debug_wb_pc = 0x1c057218
        [5402000 ns] Test is running, debug_wb_pc = 0x1c057570
        [5412000 ns] Test is running, debug_wb_pc = 0x1c05788c
        [5422000 ns] Test is running, debug_wb_pc = 0x1c057bb4
        [5432000 ns] Test is running, debug_wb_pc = 0x1c057e94
        [5442000 ns] Test is running, debug_wb_pc = 0x1c058170
        [5452000 ns] Test is running, debug_wb_pc = 0x1c0584a8
        [5462000 ns] Test is running, debug_wb_pc = 0x1c0587b0
        [5472000 ns] Test is running, debug_wb_pc = 0x1c058a74
        [5482000 ns] Test is running, debug_wb_pc = 0x1c058d44
        [5492000 ns] Test is running, debug_wb_pc = 0x1c059044
        [5502000 ns] Test is running, debug_wb_pc = 0x1c05935c
----[5509335 ns] Number 8'd37 Functional Test Point PASS!!!
        [5512000 ns] Test is running, debug_wb_pc = 0x1c0595b4
        [5522000 ns] Test is running, debug_wb_pc = 0x1c0598c8
        [5532000 ns] Test is running, debug_wb_pc = 0x1c059bc4
        [5542000 ns] Test is running, debug_wb_pc = 0x1c059e68
        [5552000 ns] Test is running, debug_wb_pc = 0x1c05a1bc
        [5562000 ns] Test is running, debug_wb_pc = 0x1c05a4d0
        [5572000 ns] Test is running, debug_wb_pc = 0x1c05a7d0
        [5582000 ns] Test is running, debug_wb_pc = 0x1c05aac4
        [5592000 ns] Test is running, debug_wb_pc = 0x1c05ad94
        [5602000 ns] Test is running, debug_wb_pc = 0x1c05b068
        [5612000 ns] Test is running, debug_wb_pc = 0x1c05b3dc
        [5622000 ns] Test is running, debug_wb_pc = 0x1c05b668
        [5632000 ns] Test is running, debug_wb_pc = 0x1c05b9ac
        [5642000 ns] Test is running, debug_wb_pc = 0x1c05bc84
        [5652000 ns] Test is running, debug_wb_pc = 0x1c05bf68
        [5662000 ns] Test is running, debug_wb_pc = 0x1c05c258
        [5672000 ns] Test is running, debug_wb_pc = 0x1c05c57c
        [5682000 ns] Test is running, debug_wb_pc = 0x1c05c85c
        [5692000 ns] Test is running, debug_wb_pc = 0x1c05cafc
        [5702000 ns] Test is running, debug_wb_pc = 0x1c05cdb4
        [5712000 ns] Test is running, debug_wb_pc = 0x1c05d0ac
        [5722000 ns] Test is running, debug_wb_pc = 0x1c05d3a0
----[5723745 ns] Number 8'd38 Functional Test Point PASS!!!
        [5732000 ns] Test is running, debug_wb_pc = 0x1c05d5e0
        [5742000 ns] Test is running, debug_wb_pc = 0x1c05d8d8
        [5752000 ns] Test is running, debug_wb_pc = 0x1c05dba0
        [5762000 ns] Test is running, debug_wb_pc = 0x1c05dec8
        [5772000 ns] Test is running, debug_wb_pc = 0x1c05e1f8
        [5782000 ns] Test is running, debug_wb_pc = 0x1c05e4c8
        [5792000 ns] Test is running, debug_wb_pc = 0x1c05e800
        [5802000 ns] Test is running, debug_wb_pc = 0x1c05eab8
        [5812000 ns] Test is running, debug_wb_pc = 0x1c05edf8
        [5822000 ns] Test is running, debug_wb_pc = 0x1c05f0e4
        [5832000 ns] Test is running, debug_wb_pc = 0x1c05f3b8
        [5842000 ns] Test is running, debug_wb_pc = 0x1c05f6ac
        [5852000 ns] Test is running, debug_wb_pc = 0x1c05f97c
        [5862000 ns] Test is running, debug_wb_pc = 0x1c05fc6c
        [5872000 ns] Test is running, debug_wb_pc = 0x1c05fefc
        [5882000 ns] Test is running, debug_wb_pc = 0x1c0601fc
        [5892000 ns] Test is running, debug_wb_pc = 0x1c0604f4
        [5902000 ns] Test is running, debug_wb_pc = 0x1c060844
        [5912000 ns] Test is running, debug_wb_pc = 0x1c060aa4
        [5922000 ns] Test is running, debug_wb_pc = 0x1c060d1c
        [5932000 ns] Test is running, debug_wb_pc = 0x1c061054
----[5941985 ns] Number 8'd39 Functional Test Point PASS!!!
        [5942000 ns] Test is running, debug_wb_pc = 0x1c06133c
        [5952000 ns] Test is running, debug_wb_pc = 0x1c063274
        [5962000 ns] Test is running, debug_wb_pc = 0x1c06356c
        [5972000 ns] Test is running, debug_wb_pc = 0x1c06380c
        [5982000 ns] Test is running, debug_wb_pc = 0x1c063b1c
        [5992000 ns] Test is running, debug_wb_pc = 0x1c063df0
        [6002000 ns] Test is running, debug_wb_pc = 0x1c0640dc
        [6012000 ns] Test is running, debug_wb_pc = 0x1c0643f4
        [6022000 ns] Test is running, debug_wb_pc = 0x1c0646d4
        [6032000 ns] Test is running, debug_wb_pc = 0x1c0649c8
        [6042000 ns] Test is running, debug_wb_pc = 0x1c064d00
        [6052000 ns] Test is running, debug_wb_pc = 0x1c064ffc
        [6062000 ns] Test is running, debug_wb_pc = 0x1c0652ec
        [6072000 ns] Test is running, debug_wb_pc = 0x1c065640
        [6082000 ns] Test is running, debug_wb_pc = 0x1c0658f4
        [6092000 ns] Test is running, debug_wb_pc = 0x1c065ba0
        [6102000 ns] Test is running, debug_wb_pc = 0x1c065ed8
        [6112000 ns] Test is running, debug_wb_pc = 0x1c0661a0
        [6122000 ns] Test is running, debug_wb_pc = 0x1c06648c
        [6132000 ns] Test is running, debug_wb_pc = 0x1c0667ac
        [6142000 ns] Test is running, debug_wb_pc = 0x1c066acc
        [6152000 ns] Test is running, debug_wb_pc = 0x1c066dd0
----[6153345 ns] Number 8'd40 Functional Test Point PASS!!!
        [6162000 ns] Test is running, debug_wb_pc = 0x1c067064
        [6172000 ns] Test is running, debug_wb_pc = 0x1c0672e0
        [6182000 ns] Test is running, debug_wb_pc = 0x1c06757c
        [6192000 ns] Test is running, debug_wb_pc = 0x1c067828
        [6202000 ns] Test is running, debug_wb_pc = 0x1c067ac4
        [6212000 ns] Test is running, debug_wb_pc = 0x1c067d14
        [6222000 ns] Test is running, debug_wb_pc = 0x1c067fc4
        [6232000 ns] Test is running, debug_wb_pc = 0x1c068254
        [6242000 ns] Test is running, debug_wb_pc = 0x1c0684ec
        [6252000 ns] Test is running, debug_wb_pc = 0x1c068788
        [6262000 ns] Test is running, debug_wb_pc = 0x1c0689fc
----[6269125 ns] Number 8'd41 Functional Test Point PASS!!!
        [6272000 ns] Test is running, debug_wb_pc = 0x1c068c28
        [6282000 ns] Test is running, debug_wb_pc = 0x1c068ecc
        [6292000 ns] Test is running, debug_wb_pc = 0x1c069144
        [6302000 ns] Test is running, debug_wb_pc = 0x1c069428
        [6312000 ns] Test is running, debug_wb_pc = 0x1c0696dc
        [6322000 ns] Test is running, debug_wb_pc = 0x1c069964
        [6332000 ns] Test is running, debug_wb_pc = 0x1c069bfc
        [6342000 ns] Test is running, debug_wb_pc = 0x1c069e68
        [6352000 ns] Test is running, debug_wb_pc = 0x1c06a0e8
----[6353275 ns] Number 8'd42 Functional Test Point PASS!!!
        [6362000 ns] Test is running, debug_wb_pc = 0x1c06a334
        [6372000 ns] Test is running, debug_wb_pc = 0x1c06a5d0
        [6382000 ns] Test is running, debug_wb_pc = 0x1c06a898
        [6392000 ns] Test is running, debug_wb_pc = 0x1c06ab0c
        [6402000 ns] Test is running, debug_wb_pc = 0x1c06ad84
        [6412000 ns] Test is running, debug_wb_pc = 0x1c06b00c
        [6422000 ns] Test is running, debug_wb_pc = 0x1c06b298
        [6432000 ns] Test is running, debug_wb_pc = 0x1c06b50c
        [6442000 ns] Test is running, debug_wb_pc = 0x1c06b774
        [6452000 ns] Test is running, debug_wb_pc = 0x1c06b9e4
        [6462000 ns] Test is running, debug_wb_pc = 0x1c06bc98
        [6472000 ns] Test is running, debug_wb_pc = 0x1c06bf1c
----[6478465 ns] Number 8'd43 Functional Test Point PASS!!!
        [6482000 ns] Test is running, debug_wb_pc = 0x1c06c180
        [6492000 ns] Test is running, debug_wb_pc = 0x1c06c41c
        [6502000 ns] Test is running, debug_wb_pc = 0x1c06c684
        [6512000 ns] Test is running, debug_wb_pc = 0x1c06c93c
        [6522000 ns] Test is running, debug_wb_pc = 0x1c06cbe8
        [6532000 ns] Test is running, debug_wb_pc = 0x1c06cea8
        [6542000 ns] Test is running, debug_wb_pc = 0x1c06d144
        [6552000 ns] Test is running, debug_wb_pc = 0x1c06d3c4
        [6562000 ns] Test is running, debug_wb_pc = 0x1c06d61c
        [6572000 ns] Test is running, debug_wb_pc = 0x1c06d884
        [6582000 ns] Test is running, debug_wb_pc = 0x1c06db28
----[6587105 ns] Number 8'd44 Functional Test Point PASS!!!
        [6592000 ns] Test is running, debug_wb_pc = 0x1c06dd98
        [6602000 ns] Test is running, debug_wb_pc = 0x1c06e008
        [6612000 ns] Test is running, debug_wb_pc = 0x1c06e29c
        [6622000 ns] Test is running, debug_wb_pc = 0x1c06e564
        [6632000 ns] Test is running, debug_wb_pc = 0x1c06e7f0
        [6642000 ns] Test is running, debug_wb_pc = 0x1c06ea58
        [6652000 ns] Test is running, debug_wb_pc = 0x1c06ecf8
        [6662000 ns] Test is running, debug_wb_pc = 0x1c06ef74
        [6672000 ns] Test is running, debug_wb_pc = 0x1c06f224
        [6682000 ns] Test is running, debug_wb_pc = 0x1c06f4cc
        [6692000 ns] Test is running, debug_wb_pc = 0x1c06f7e0
        [6702000 ns] Test is running, debug_wb_pc = 0x1c06fa30
        [6712000 ns] Test is running, debug_wb_pc = 0x1c06fce8
----[6717505 ns] Number 8'd45 Functional Test Point PASS!!!
        [6722000 ns] Test is running, debug_wb_pc = 0x1c06ff1c
        [6732000 ns] Test is running, debug_wb_pc = 0x1c0701c8
        [6742000 ns] Test is running, debug_wb_pc = 0x1c070438
        [6752000 ns] Test is running, debug_wb_pc = 0x1c0706ec
        [6762000 ns] Test is running, debug_wb_pc = 0x1c070934
        [6772000 ns] Test is running, debug_wb_pc = 0x1c070b78
        [6782000 ns] Test is running, debug_wb_pc = 0x1c070e04
        [6792000 ns] Test is running, debug_wb_pc = 0x1c071060
        [6802000 ns] Test is running, debug_wb_pc = 0x1c0712d0
        [6812000 ns] Test is running, debug_wb_pc = 0x1c07155c
        [6822000 ns] Test is running, debug_wb_pc = 0x1c0717f0
        [6832000 ns] Test is running, debug_wb_pc = 0x1c071a48
----[6841615 ns] Number 8'd46 Functional Test Point PASS!!!
        [6842000 ns] Test is running, debug_wb_pc = 0x1c010290
        [6852000 ns] Test is running, debug_wb_pc = 0x1c0080d0
        [6862000 ns] Test is running, debug_wb_pc = 0x1c00808c
----[6866715 ns] Number 8'd47 Functional Test Point PASS!!!
        [6872000 ns] Test is running, debug_wb_pc = 0x1c008028
        [6882000 ns] Test is running, debug_wb_pc = 0x1c00810c
----[6891745 ns] Number 8'd48 Functional Test Point PASS!!!
        [6892000 ns] Test is running, debug_wb_pc = 0x1c0102a8
        [6902000 ns] Test is running, debug_wb_pc = 0x1c072068
        [6912000 ns] Test is running, debug_wb_pc = 0x1c072068
        [6922000 ns] Test is running, debug_wb_pc = 0x1c072068
        [6932000 ns] Test is running, debug_wb_pc = 0x1c072068
        [6942000 ns] Test is running, debug_wb_pc = 0x1c072074
        [6952000 ns] Test is running, debug_wb_pc = 0x1c072074
        [6962000 ns] Test is running, debug_wb_pc = 0x1c072074
        [6972000 ns] Test is running, debug_wb_pc = 0x1c072074
        [6982000 ns] Test is running, debug_wb_pc = 0x1c0081e0
        [6992000 ns] Test is running, debug_wb_pc = 0x1c072120
        [7002000 ns] Test is running, debug_wb_pc = 0x1c072120
        [7012000 ns] Test is running, debug_wb_pc = 0x1c072120
        [7022000 ns] Test is running, debug_wb_pc = 0x1c0081b8
        [7032000 ns] Test is running, debug_wb_pc = 0x1c07212c
        [7042000 ns] Test is running, debug_wb_pc = 0x1c07212c
        [7052000 ns] Test is running, debug_wb_pc = 0x1c07212c
        [7062000 ns] Test is running, debug_wb_pc = 0x1c008000
        [7072000 ns] Test is running, debug_wb_pc = 0x1c0721d4
        [7082000 ns] Test is running, debug_wb_pc = 0x1c0721d4
        [7092000 ns] Test is running, debug_wb_pc = 0x1c0721d4
        [7102000 ns] Test is running, debug_wb_pc = 0x1c0721d4
        [7112000 ns] Test is running, debug_wb_pc = 0x1c0721e0
        [7122000 ns] Test is running, debug_wb_pc = 0x1c0721e0
        [7132000 ns] Test is running, debug_wb_pc = 0x1c0721e0
        [7142000 ns] Test is running, debug_wb_pc = 0x1c0081e0
        [7152000 ns] Test is running, debug_wb_pc = 0x1c072260
        [7162000 ns] Test is running, debug_wb_pc = 0x1c072260
        [7172000 ns] Test is running, debug_wb_pc = 0x1c072260
        [7182000 ns] Test is running, debug_wb_pc = 0x1c072260
        [7192000 ns] Test is running, debug_wb_pc = 0x1c07226c
        [7202000 ns] Test is running, debug_wb_pc = 0x1c07226c
        [7212000 ns] Test is running, debug_wb_pc = 0x1c07226c
        [7222000 ns] Test is running, debug_wb_pc = 0x1c008020
        [7232000 ns] Test is running, debug_wb_pc = 0x1c072304
        [7242000 ns] Test is running, debug_wb_pc = 0x1c072304
        [7252000 ns] Test is running, debug_wb_pc = 0x1c072304
        [7262000 ns] Test is running, debug_wb_pc = 0x1c072304
        [7272000 ns] Test is running, debug_wb_pc = 0x1c072310
        [7282000 ns] Test is running, debug_wb_pc = 0x1c072310
        [7292000 ns] Test is running, debug_wb_pc = 0x1c072310
        [7302000 ns] Test is running, debug_wb_pc = 0x1c072310
        [7312000 ns] Test is running, debug_wb_pc = 0x1c072390
        [7322000 ns] Test is running, debug_wb_pc = 0x1c072390
        [7332000 ns] Test is running, debug_wb_pc = 0x1c072390
        [7342000 ns] Test is running, debug_wb_pc = 0x1c072390
        [7352000 ns] Test is running, debug_wb_pc = 0x1c07239c
        [7362000 ns] Test is running, debug_wb_pc = 0x1c07239c
        [7372000 ns] Test is running, debug_wb_pc = 0x1c07239c
        [7382000 ns] Test is running, debug_wb_pc = 0x1c07239c
        [7392000 ns] Test is running, debug_wb_pc = 0x1c0081dc
        [7402000 ns] Test is running, debug_wb_pc = 0x1c072424
        [7412000 ns] Test is running, debug_wb_pc = 0x1c072424
        [7422000 ns] Test is running, debug_wb_pc = 0x1c072424
        [7432000 ns] Test is running, debug_wb_pc = 0x1c0081b0
        [7442000 ns] Test is running, debug_wb_pc = 0x1c072430
        [7452000 ns] Test is running, debug_wb_pc = 0x1c072430
        [7462000 ns] Test is running, debug_wb_pc = 0x1c072430
        [7472000 ns] Test is running, debug_wb_pc = 0x1c072484
        [7482000 ns] Test is running, debug_wb_pc = 0x1c072484
        [7492000 ns] Test is running, debug_wb_pc = 0x1c072484
----[7493395 ns] Number 8'd49 Functional Test Point PASS!!!
        [7502000 ns] Test is running, debug_wb_pc = 0x1c00813c
        [7512000 ns] Test is running, debug_wb_pc = 0x1c008140
----[7518535 ns] Number 8'd50 Functional Test Point PASS!!!
        [7522000 ns] Test is running, debug_wb_pc = 0x1c074c20
        [7532000 ns] Test is running, debug_wb_pc = 0x1c008174
        [7542000 ns] Test is running, debug_wb_pc = 0x1c0081dc
        [7552000 ns] Test is running, debug_wb_pc = 0x1c074e38
        [7562000 ns] Test is running, debug_wb_pc = 0x1c074e3c
        [7572000 ns] Test is running, debug_wb_pc = 0x1c074e38
----[7574165 ns] Number 8'd51 Functional Test Point PASS!!!
        [7582000 ns] Test is running, debug_wb_pc = 0x1c074ecc
        [7592000 ns] Test is running, debug_wb_pc = 0x1c008018
        [7602000 ns] Test is running, debug_wb_pc = 0x1c008250
----[7607295 ns] Number 8'd52 Functional Test Point PASS!!!
        [7612000 ns] Test is running, debug_wb_pc = 0x1c008260
        [7622000 ns] Test is running, debug_wb_pc = 0x1c0751c0
        [7632000 ns] Test is running, debug_wb_pc = 0x1c008034
        [7642000 ns] Test is running, debug_wb_pc = 0x1c075364
----[7642185 ns] Number 8'd53 Functional Test Point PASS!!!
        [7652000 ns] Test is running, debug_wb_pc = 0x1c008014
        [7662000 ns] Test is running, debug_wb_pc = 0x1c00829c
        [7672000 ns] Test is running, debug_wb_pc = 0x1c00801c
----[7674905 ns] Number 8'd54 Functional Test Point PASS!!!
        [7682000 ns] Test is running, debug_wb_pc = 0x1c008040
        [7692000 ns] Test is running, debug_wb_pc = 0x1c0082a0
        [7702000 ns] Test is running, debug_wb_pc = 0x1c0758a8
----[7709025 ns] Number 8'd55 Functional Test Point PASS!!!
        [7712000 ns] Test is running, debug_wb_pc = 0x1c075988
        [7722000 ns] Test is running, debug_wb_pc = 0x1c075a34
        [7732000 ns] Test is running, debug_wb_pc = 0x1c075b20
        [7742000 ns] Test is running, debug_wb_pc = 0x1c00f078
----[7742885 ns] Number 8'd56 Functional Test Point PASS!!!
        [7752000 ns] Test is running, debug_wb_pc = 0x1c075cf8
        [7762000 ns] Test is running, debug_wb_pc = 0x1c00825c
        [7772000 ns] Test is running, debug_wb_pc = 0x1c075ec8
----[7775715 ns] Number 8'd57 Functional Test Point PASS!!!
        [7782000 ns] Test is running, debug_wb_pc = 0x1c076020
        [7792000 ns] Test is running, debug_wb_pc = 0x1c07622c
----[7793225 ns] Number 8'd58 Functional Test Point PASS!!!
==============================================================
Test end!
----PASS!!!
$finish called at time : 7796085 ns : File "E:/Projects/Studying/LA/CPU_design/readygo/mycpu_env/soc_verify/soc_hs_bram/testbench/mycpu_tb.v" Line 267
INFO: xsimkernel Simulation Memory Usage: 29236 KB (Peak: 29236 KB), Simulation CPU Usage: 39358 ms
