Time resolution is 1 ps
 Block Memory Generator module loading initial data...
 Block Memory Generator data initialization complete.
Block Memory Generator module tb_top.soc_lite.inst_ram.inst.\native_mem_module.blk_mem_gen_v8_4_6_inst  is using a behavioral model for simulation which will not precisely model memory collision behavior.
 Block Memory Generator module loading initial data...
 Block Memory Generator data initialization complete.
Block Memory Generator module tb_top.soc_lite.data_ram.inst.\native_mem_module.blk_mem_gen_v8_4_6_inst  is using a behavioral model for simulation which will not precisely model memory collision behavior.
==============================================================
Test begin!
----[  12105 ns] Number 8'd01 Functional Test Point PASS!!!
        [  22000 ns] Test is running, debug_wb_pc = 0x1c04c1e0
        [  32000 ns] Test is running, debug_wb_pc = 0x1c04d180
----[  36515 ns] Number 8'd02 Functional Test Point PASS!!!
        [  42000 ns] Test is running, debug_wb_pc = 0x1c061b6c
        [  52000 ns] Test is running, debug_wb_pc = 0x1c062b0c
----[  54905 ns] Number 8'd03 Functional Test Point PASS!!!
        [  62000 ns] Test is running, debug_wb_pc = 0x1c072f50
        [  72000 ns] Test is running, debug_wb_pc = 0x1c073ef0
----[  79315 ns] Number 8'd04 Functional Test Point PASS!!!
        [  82000 ns] Test is running, debug_wb_pc = 0x1c076664
        [  92000 ns] Test is running, debug_wb_pc = 0x1c077604
        [ 102000 ns] Test is running, debug_wb_pc = 0x1c0785a4
----[ 103725 ns] Number 8'd05 Functional Test Point PASS!!!
        [ 112000 ns] Test is running, debug_wb_pc = 0x1c0794e0
        [ 122000 ns] Test is running, debug_wb_pc = 0x1c07a480
----[ 128135 ns] Number 8'd06 Functional Test Point PASS!!!
        [ 132000 ns] Test is running, debug_wb_pc = 0x1c07b3bc
        [ 142000 ns] Test is running, debug_wb_pc = 0x1c07c35c
        [ 152000 ns] Test is running, debug_wb_pc = 0x1c07d2fc
----[ 152545 ns] Number 8'd07 Functional Test Point PASS!!!
        [ 162000 ns] Test is running, debug_wb_pc = 0x1c07e238
        [ 172000 ns] Test is running, debug_wb_pc = 0x1c07f1d8
----[ 176955 ns] Number 8'd08 Functional Test Point PASS!!!
        [ 182000 ns] Test is running, debug_wb_pc = 0x1c080114
        [ 192000 ns] Test is running, debug_wb_pc = 0x1c0810b4
----[ 201365 ns] Number 8'd09 Functional Test Point PASS!!!
        [ 202000 ns] Test is running, debug_wb_pc = 0x1c010828
        [ 212000 ns] Test is running, debug_wb_pc = 0x1c0117c8
        [ 222000 ns] Test is running, debug_wb_pc = 0x1c012768
----[ 225775 ns] Number 8'd10 Functional Test Point PASS!!!
        [ 232000 ns] Test is running, debug_wb_pc = 0x1c0136a4
        [ 242000 ns] Test is running, debug_wb_pc = 0x1c014644
----[ 244165 ns] Number 8'd11 Functional Test Point PASS!!!
        [ 252000 ns] Test is running, debug_wb_pc = 0x1c015580
        [ 262000 ns] Test is running, debug_wb_pc = 0x1c016520
----[ 262555 ns] Number 8'd12 Functional Test Point PASS!!!
        [ 272000 ns] Test is running, debug_wb_pc = 0x1c01745c
----[ 280945 ns] Number 8'd13 Functional Test Point PASS!!!
        [ 282000 ns] Test is running, debug_wb_pc = 0x1c018398
----[ 291515 ns] Number 8'd14 Functional Test Point PASS!!!
        [ 292000 ns] Test is running, debug_wb_pc = 0x1c0192d4
        [ 302000 ns] Test is running, debug_wb_pc = 0x1c01a274
----[ 302885 ns] Number 8'd15 Functional Test Point PASS!!!
        [ 312000 ns] Test is running, debug_wb_pc = 0x1c01b450
        [ 322000 ns] Test is running, debug_wb_pc = 0x1c01c6ec
        [ 332000 ns] Test is running, debug_wb_pc = 0x1c01d6b8
        [ 342000 ns] Test is running, debug_wb_pc = 0x1c01e5a4
        [ 352000 ns] Test is running, debug_wb_pc = 0x1c01f568
        [ 362000 ns] Test is running, debug_wb_pc = 0x1c020800
----[ 371475 ns] Number 8'd16 Functional Test Point PASS!!!
        [ 372000 ns] Test is running, debug_wb_pc = 0x1c0219f8
        [ 382000 ns] Test is running, debug_wb_pc = 0x1c02290c
        [ 392000 ns] Test is running, debug_wb_pc = 0x1c023804
        [ 402000 ns] Test is running, debug_wb_pc = 0x1c02488c
        [ 412000 ns] Test is running, debug_wb_pc = 0x1c025b2c
        [ 422000 ns] Test is running, debug_wb_pc = 0x1c026ca8
        [ 432000 ns] Test is running, debug_wb_pc = 0x1c027ba0
        [ 442000 ns] Test is running, debug_wb_pc = 0x1c028ab4
----[ 445015 ns] Number 8'd17 Functional Test Point PASS!!!
        [ 452000 ns] Test is running, debug_wb_pc = 0x1c029970
        [ 462000 ns] Test is running, debug_wb_pc = 0x1c02a874
        [ 472000 ns] Test is running, debug_wb_pc = 0x1c02b79c
        [ 482000 ns] Test is running, debug_wb_pc = 0x1c02c6a4
        [ 492000 ns] Test is running, debug_wb_pc = 0x1c02d5c8
        [ 502000 ns] Test is running, debug_wb_pc = 0x1c02e4d0
----[ 503345 ns] Number 8'd18 Functional Test Point PASS!!!
        [ 512000 ns] Test is running, debug_wb_pc = 0x1c02f318
        [ 522000 ns] Test is running, debug_wb_pc = 0x1c030190
        [ 532000 ns] Test is running, debug_wb_pc = 0x1c03101c
        [ 542000 ns] Test is running, debug_wb_pc = 0x1c031ea0
        [ 552000 ns] Test is running, debug_wb_pc = 0x1c032d20
----[ 559675 ns] Number 8'd19 Functional Test Point PASS!!!
        [ 562000 ns] Test is running, debug_wb_pc = 0x1c034ab8
        [ 572000 ns] Test is running, debug_wb_pc = 0x1c0359a0
        [ 582000 ns] Test is running, debug_wb_pc = 0x1c03688c
        [ 592000 ns] Test is running, debug_wb_pc = 0x1c037768
        [ 602000 ns] Test is running, debug_wb_pc = 0x1c038660
----[ 604005 ns] Number 8'd20 Functional Test Point PASS!!!
        [ 612000 ns] Test is running, debug_wb_pc = 0x1c039278
        [ 622000 ns] Test is running, debug_wb_pc = 0x1c039e34
        [ 632000 ns] Test is running, debug_wb_pc = 0x1c03a9e4
----[ 640455 ns] Number 8'd21 Functional Test Point PASS!!!
        [ 642000 ns] Test is running, debug_wb_pc = 0x1c03b5dc
        [ 652000 ns] Test is running, debug_wb_pc = 0x1c03c57c
----[ 658845 ns] Number 8'd22 Functional Test Point PASS!!!
        [ 662000 ns] Test is running, debug_wb_pc = 0x1c03d4b8
        [ 672000 ns] Test is running, debug_wb_pc = 0x1c03e458
----[ 677235 ns] Number 8'd23 Functional Test Point PASS!!!
        [ 682000 ns] Test is running, debug_wb_pc = 0x1c03f394
        [ 692000 ns] Test is running, debug_wb_pc = 0x1c040334
----[ 695625 ns] Number 8'd24 Functional Test Point PASS!!!
        [ 702000 ns] Test is running, debug_wb_pc = 0x1c041270
        [ 712000 ns] Test is running, debug_wb_pc = 0x1c042210
----[ 714015 ns] Number 8'd25 Functional Test Point PASS!!!
        [ 722000 ns] Test is running, debug_wb_pc = 0x1c04314c
        [ 732000 ns] Test is running, debug_wb_pc = 0x1c0440ec
----[ 732405 ns] Number 8'd26 Functional Test Point PASS!!!
        [ 742000 ns] Test is running, debug_wb_pc = 0x1c045028
        [ 752000 ns] Test is running, debug_wb_pc = 0x1c045fc8
----[ 756815 ns] Number 8'd27 Functional Test Point PASS!!!
        [ 762000 ns] Test is running, debug_wb_pc = 0x1c046f04
        [ 772000 ns] Test is running, debug_wb_pc = 0x1c047ea4
----[ 781225 ns] Number 8'd28 Functional Test Point PASS!!!
        [ 782000 ns] Test is running, debug_wb_pc = 0x1c048de0
        [ 792000 ns] Test is running, debug_wb_pc = 0x1c049d80
        [ 802000 ns] Test is running, debug_wb_pc = 0x1c04ad20
----[ 805635 ns] Number 8'd29 Functional Test Point PASS!!!
        [ 812000 ns] Test is running, debug_wb_pc = 0x1c04da34
        [ 822000 ns] Test is running, debug_wb_pc = 0x1c04dcf0
        [ 832000 ns] Test is running, debug_wb_pc = 0x1c04df90
        [ 842000 ns] Test is running, debug_wb_pc = 0x1c04e23c
        [ 852000 ns] Test is running, debug_wb_pc = 0x1c04e4e8
----[ 855945 ns] Number 8'd30 Functional Test Point PASS!!!
        [ 862000 ns] Test is running, debug_wb_pc = 0x1c04e798
        [ 872000 ns] Test is running, debug_wb_pc = 0x1c04ea3c
        [ 882000 ns] Test is running, debug_wb_pc = 0x1c04ecdc
        [ 892000 ns] Test is running, debug_wb_pc = 0x1c04ef94
        [ 902000 ns] Test is running, debug_wb_pc = 0x1c04f230
        [ 912000 ns] Test is running, debug_wb_pc = 0x1c04f4e8
        [ 922000 ns] Test is running, debug_wb_pc = 0x1c04f78c
----[ 929165 ns] Number 8'd31 Functional Test Point PASS!!!
        [ 932000 ns] Test is running, debug_wb_pc = 0x1c04fd78
----[ 941615 ns] Number 8'd32 Functional Test Point PASS!!!
        [ 942000 ns] Test is running, debug_wb_pc = 0x1c050cb4
        [ 952000 ns] Test is running, debug_wb_pc = 0x1c051c54
----[ 954205 ns] Number 8'd33 Functional Test Point PASS!!!
        [ 962000 ns] Test is running, debug_wb_pc = 0x1c052b90
----[ 965635 ns] Number 8'd34 Functional Test Point PASS!!!
        [ 972000 ns] Test is running, debug_wb_pc = 0x1c05331c
        [ 982000 ns] Test is running, debug_wb_pc = 0x1c05361c
        [ 992000 ns] Test is running, debug_wb_pc = 0x1c05391c
        [1002000 ns] Test is running, debug_wb_pc = 0x1c053bfc
        [1012000 ns] Test is running, debug_wb_pc = 0x1c053ef8
----[1017135 ns] Number 8'd35 Functional Test Point PASS!!!
        [1022000 ns] Test is running, debug_wb_pc = 0x1c0541e4
        [1032000 ns] Test is running, debug_wb_pc = 0x1c0544e4
        [1042000 ns] Test is running, debug_wb_pc = 0x1c0547e4
        [1052000 ns] Test is running, debug_wb_pc = 0x1c054ae0
        [1062000 ns] Test is running, debug_wb_pc = 0x1c054dd8
        [1072000 ns] Test is running, debug_wb_pc = 0x1c0550cc
        [1082000 ns] Test is running, debug_wb_pc = 0x1c0553b8
        [1092000 ns] Test is running, debug_wb_pc = 0x1c05568c
----[1092055 ns] Number 8'd36 Functional Test Point PASS!!!
        [1102000 ns] Test is running, debug_wb_pc = 0x1c0566fc
        [1112000 ns] Test is running, debug_wb_pc = 0x1c0577f4
        [1122000 ns] Test is running, debug_wb_pc = 0x1c058960
----[1129245 ns] Number 8'd37 Functional Test Point PASS!!!
        [1132000 ns] Test is running, debug_wb_pc = 0x1c059a0c
        [1142000 ns] Test is running, debug_wb_pc = 0x1c05ab10
        [1152000 ns] Test is running, debug_wb_pc = 0x1c05bc0c
        [1162000 ns] Test is running, debug_wb_pc = 0x1c05cd0c
----[1166235 ns] Number 8'd38 Functional Test Point PASS!!!
        [1172000 ns] Test is running, debug_wb_pc = 0x1c05dd74
        [1182000 ns] Test is running, debug_wb_pc = 0x1c05ee90
        [1192000 ns] Test is running, debug_wb_pc = 0x1c05ff00
        [1202000 ns] Test is running, debug_wb_pc = 0x1c060fb4
----[1204065 ns] Number 8'd39 Functional Test Point PASS!!!
        [1212000 ns] Test is running, debug_wb_pc = 0x1c063c84
        [1222000 ns] Test is running, debug_wb_pc = 0x1c064d64
        [1232000 ns] Test is running, debug_wb_pc = 0x1c065ea0
----[1241125 ns] Number 8'd40 Functional Test Point PASS!!!
        [1242000 ns] Test is running, debug_wb_pc = 0x1c066f44
        [1252000 ns] Test is running, debug_wb_pc = 0x1c067df8
----[1261345 ns] Number 8'd41 Functional Test Point PASS!!!
        [1262000 ns] Test is running, debug_wb_pc = 0x1c068c50
        [1272000 ns] Test is running, debug_wb_pc = 0x1c069b04
----[1276295 ns] Number 8'd42 Functional Test Point PASS!!!
        [1282000 ns] Test is running, debug_wb_pc = 0x1c06a95c
        [1292000 ns] Test is running, debug_wb_pc = 0x1c06b814
----[1298045 ns] Number 8'd43 Functional Test Point PASS!!!
        [1302000 ns] Test is running, debug_wb_pc = 0x1c06c66c
        [1312000 ns] Test is running, debug_wb_pc = 0x1c06d520
----[1317075 ns] Number 8'd44 Functional Test Point PASS!!!
        [1322000 ns] Test is running, debug_wb_pc = 0x1c06e334
        [1332000 ns] Test is running, debug_wb_pc = 0x1c06f15c
----[1341135 ns] Number 8'd45 Functional Test Point PASS!!!
        [1342000 ns] Test is running, debug_wb_pc = 0x1c06ff2c
        [1352000 ns] Test is running, debug_wb_pc = 0x1c070d4c
        [1362000 ns] Test is running, debug_wb_pc = 0x1c071b6c
----[1363095 ns] Number 8'd46 Functional Test Point PASS!!!
----[1368465 ns] Number 8'd47 Functional Test Point PASS!!!
        [1372000 ns] Test is running, debug_wb_pc = 0x1c00f078
----[1374025 ns] Number 8'd48 Functional Test Point PASS!!!
        [1382000 ns] Test is running, debug_wb_pc = 0x1c072068
        [1392000 ns] Test is running, debug_wb_pc = 0x1c072068
        [1402000 ns] Test is running, debug_wb_pc = 0x1c072068
        [1412000 ns] Test is running, debug_wb_pc = 0x1c072068
        [1422000 ns] Test is running, debug_wb_pc = 0x1c072074
        [1432000 ns] Test is running, debug_wb_pc = 0x1c072074
        [1442000 ns] Test is running, debug_wb_pc = 0x1c072074
        [1452000 ns] Test is running, debug_wb_pc = 0x1c0720cc
        [1462000 ns] Test is running, debug_wb_pc = 0x1c072120
        [1472000 ns] Test is running, debug_wb_pc = 0x1c072120
        [1482000 ns] Test is running, debug_wb_pc = 0x1c072120
        [1492000 ns] Test is running, debug_wb_pc = 0x1c07212c
        [1502000 ns] Test is running, debug_wb_pc = 0x1c07212c
        [1512000 ns] Test is running, debug_wb_pc = 0x1c07212c
        [1522000 ns] Test is running, debug_wb_pc = 0x1c07212c
        [1532000 ns] Test is running, debug_wb_pc = 0x1c0721d4
        [1542000 ns] Test is running, debug_wb_pc = 0x1c0721d4
        [1552000 ns] Test is running, debug_wb_pc = 0x1c0721d4
        [1562000 ns] Test is running, debug_wb_pc = 0x1c0721d4
        [1572000 ns] Test is running, debug_wb_pc = 0x1c0721e0
        [1582000 ns] Test is running, debug_wb_pc = 0x1c0721e0
        [1592000 ns] Test is running, debug_wb_pc = 0x1c0721e0
        [1602000 ns] Test is running, debug_wb_pc = 0x1c0721e0
        [1612000 ns] Test is running, debug_wb_pc = 0x1c072260
        [1622000 ns] Test is running, debug_wb_pc = 0x1c072260
        [1632000 ns] Test is running, debug_wb_pc = 0x1c072260
        [1642000 ns] Test is running, debug_wb_pc = 0x1c072260
        [1652000 ns] Test is running, debug_wb_pc = 0x1c07226c
        [1662000 ns] Test is running, debug_wb_pc = 0x1c07226c
        [1672000 ns] Test is running, debug_wb_pc = 0x1c07226c
        [1682000 ns] Test is running, debug_wb_pc = 0x1c072304
        [1692000 ns] Test is running, debug_wb_pc = 0x1c072304
        [1702000 ns] Test is running, debug_wb_pc = 0x1c072304
        [1712000 ns] Test is running, debug_wb_pc = 0x1c072304
        [1722000 ns] Test is running, debug_wb_pc = 0x1c072310
        [1732000 ns] Test is running, debug_wb_pc = 0x1c072310
        [1742000 ns] Test is running, debug_wb_pc = 0x1c072310
        [1752000 ns] Test is running, debug_wb_pc = 0x1c072310
        [1762000 ns] Test is running, debug_wb_pc = 0x1c072390
        [1772000 ns] Test is running, debug_wb_pc = 0x1c072390
        [1782000 ns] Test is running, debug_wb_pc = 0x1c072390
        [1792000 ns] Test is running, debug_wb_pc = 0x1c072390
        [1802000 ns] Test is running, debug_wb_pc = 0x1c07239c
        [1812000 ns] Test is running, debug_wb_pc = 0x1c07239c
        [1822000 ns] Test is running, debug_wb_pc = 0x1c07239c
        [1832000 ns] Test is running, debug_wb_pc = 0x1c072404
        [1842000 ns] Test is running, debug_wb_pc = 0x1c072424
        [1852000 ns] Test is running, debug_wb_pc = 0x1c072424
        [1862000 ns] Test is running, debug_wb_pc = 0x1c072424
        [1872000 ns] Test is running, debug_wb_pc = 0x1c072430
        [1882000 ns] Test is running, debug_wb_pc = 0x1c072430
        [1892000 ns] Test is running, debug_wb_pc = 0x1c072430
        [1902000 ns] Test is running, debug_wb_pc = 0x1c072430
----[1911055 ns] Number 8'd49 Functional Test Point PASS!!!
        [1912000 ns] Test is running, debug_wb_pc = 0x1c074ab4
----[1916615 ns] Number 8'd50 Functional Test Point PASS!!!
        [1922000 ns] Test is running, debug_wb_pc = 0x1c074db0
----[1927455 ns] Number 8'd51 Functional Test Point PASS!!!
        [1932000 ns] Test is running, debug_wb_pc = 0x1c00f078
----[1934605 ns] Number 8'd52 Functional Test Point PASS!!!
----[1941605 ns] Number 8'd53 Functional Test Point PASS!!!
        [1942000 ns] Test is running, debug_wb_pc = 0x1c0753b0
----[1948605 ns] Number 8'd54 Functional Test Point PASS!!!
        [1952000 ns] Test is running, debug_wb_pc = 0x1c00828c
----[1955615 ns] Number 8'd55 Functional Test Point PASS!!!
        [1962000 ns] Test is running, debug_wb_pc = 0x1c075bd0
----[1962765 ns] Number 8'd56 Functional Test Point PASS!!!
----[1969915 ns] Number 8'd57 Functional Test Point PASS!!!
        [1972000 ns] Test is running, debug_wb_pc = 0x1c0760c4
----[1973955 ns] Number 8'd58 Functional Test Point PASS!!!
==============================================================
Test end!
----PASS!!!
$finish called at time : 1974405 ns : File "/home/ysxashore/Data_DISK/Projects/Studying/LoongArch-Learn/CPU_design/cdp_ede_local_LA_readygo/mycpu_env/soc_verify/soc_bram/testbench/mycpu_tb.v" Line 270
INFO: xsimkernel Simulation Memory Usage: 130500 KB (Peak: 171504 KB), Simulation CPU Usage: 681420 ms
