INFO: [VRFC 10-2263] Analyzing Verilog file "E:/Projects/Studying/LA/CPU_design/readygo/mycpu_env/soc_verify/soc_axi/rtl/xilinx_ip/clk_pll/clk_pll_clk_wiz.v" into library xil_defaultlib
INFO: [VRFC 10-311] analyzing module clk_pll_clk_wiz
INFO: [VRFC 10-2263] Analyzing Verilog file "E:/Projects/Studying/LA/CPU_design/readygo/mycpu_env/soc_verify/soc_axi/rtl/xilinx_ip/clk_pll/clk_pll.v" into library xil_defaultlib
INFO: [VRFC 10-311] analyzing module clk_pll
INFO: [VRFC 10-2263] Analyzing Verilog file "E:/Projects/Studying/LA/CPU_design/readygo/mycpu_env/soc_verify/soc_axi/rtl/xilinx_ip/axi_ram/sim/axi_ram.v" into library xil_defaultlib
INFO: [VRFC 10-311] analyzing module axi_ram
INFO: [VRFC 10-2263] Analyzing Verilog file "E:/Projects/Studying/LA/CPU_design/readygo/mycpu_env/soc_verify/soc_axi/rtl/xilinx_ip/axi_crossbar_1x2/sim/axi_crossbar_1x2.v" into library xil_defaultlib
INFO: [VRFC 10-311] analyzing module axi_crossbar_1x2
INFO: [VRFC 10-2263] Analyzing Verilog file "E:/Projects/Studying/LA/CPU_design/readygo/mycpu_env/soc_verify/soc_axi/run_vivado/project/loongson.gen/sources_1/ip/tagv_way1/sim/tagv_way1.v" into library xil_defaultlib
INFO: [VRFC 10-311] analyzing module tagv_way1
INFO: [VRFC 10-2263] Analyzing Verilog file "E:/Projects/Studying/LA/CPU_design/readygo/mycpu_env/soc_verify/soc_axi/run_vivado/project/loongson.gen/sources_1/ip/tagv_way0/sim/tagv_way0.v" into library xil_defaultlib
INFO: [VRFC 10-311] analyzing module tagv_way0
INFO: [VRFC 10-2263] Analyzing Verilog file "E:/Projects/Studying/LA/CPU_design/readygo/mycpu_env/soc_verify/soc_axi/run_vivado/project/loongson.gen/sources_1/ip/data_way1_bank3/sim/data_way1_bank3.v" into library xil_defaultlib
INFO: [VRFC 10-311] analyzing module data_way1_bank3
INFO: [VRFC 10-2263] Analyzing Verilog file "E:/Projects/Studying/LA/CPU_design/readygo/mycpu_env/soc_verify/soc_axi/run_vivado/project/loongson.gen/sources_1/ip/data_way1_bank2/sim/data_way1_bank2.v" into library xil_defaultlib
INFO: [VRFC 10-311] analyzing module data_way1_bank2
INFO: [VRFC 10-2263] Analyzing Verilog file "E:/Projects/Studying/LA/CPU_design/readygo/mycpu_env/soc_verify/soc_axi/run_vivado/project/loongson.gen/sources_1/ip/data_way1_bank1/sim/data_way1_bank1.v" into library xil_defaultlib
INFO: [VRFC 10-311] analyzing module data_way1_bank1
INFO: [VRFC 10-2263] Analyzing Verilog file "E:/Projects/Studying/LA/CPU_design/readygo/mycpu_env/soc_verify/soc_axi/run_vivado/project/loongson.gen/sources_1/ip/data_way1_bank0/sim/data_way1_bank0.v" into library xil_defaultlib
INFO: [VRFC 10-311] analyzing module data_way1_bank0
INFO: [VRFC 10-2263] Analyzing Verilog file "E:/Projects/Studying/LA/CPU_design/readygo/mycpu_env/soc_verify/soc_axi/run_vivado/project/loongson.gen/sources_1/ip/data_way0_bank3/sim/data_way0_bank3.v" into library xil_defaultlib
INFO: [VRFC 10-311] analyzing module data_way0_bank3
INFO: [VRFC 10-2263] Analyzing Verilog file "E:/Projects/Studying/LA/CPU_design/readygo/mycpu_env/soc_verify/soc_axi/run_vivado/project/loongson.gen/sources_1/ip/data_way0_bank2/sim/data_way0_bank2.v" into library xil_defaultlib
INFO: [VRFC 10-311] analyzing module data_way0_bank2
INFO: [VRFC 10-2263] Analyzing Verilog file "E:/Projects/Studying/LA/CPU_design/readygo/mycpu_env/soc_verify/soc_axi/run_vivado/project/loongson.gen/sources_1/ip/data_way0_bank1/sim/data_way0_bank1.v" into library xil_defaultlib
INFO: [VRFC 10-311] analyzing module data_way0_bank1
INFO: [VRFC 10-2263] Analyzing Verilog file "E:/Projects/Studying/LA/CPU_design/readygo/mycpu_env/soc_verify/soc_axi/run_vivado/project/loongson.gen/sources_1/ip/data_way0_bank0/sim/data_way0_bank0.v" into library xil_defaultlib
INFO: [VRFC 10-311] analyzing module data_way0_bank0
INFO: [VRFC 10-2263] Analyzing Verilog file "E:/Projects/Studying/LA/CPU_design/readygo/mycpu_env/soc_verify/soc_axi/run_vivado/project/loongson.gen/sources_1/ip/inst_tagv_way1/sim/inst_tagv_way1.v" into library xil_defaultlib
INFO: [VRFC 10-311] analyzing module inst_tagv_way1
INFO: [VRFC 10-2263] Analyzing Verilog file "E:/Projects/Studying/LA/CPU_design/readygo/mycpu_env/soc_verify/soc_axi/run_vivado/project/loongson.gen/sources_1/ip/inst_tagv_way0/sim/inst_tagv_way0.v" into library xil_defaultlib
INFO: [VRFC 10-311] analyzing module inst_tagv_way0
INFO: [VRFC 10-2263] Analyzing Verilog file "E:/Projects/Studying/LA/CPU_design/readygo/mycpu_env/soc_verify/soc_axi/run_vivado/project/loongson.gen/sources_1/ip/inst_way1_bank3/sim/inst_way1_bank3.v" into library xil_defaultlib
INFO: [VRFC 10-311] analyzing module inst_way1_bank3
INFO: [VRFC 10-2263] Analyzing Verilog file "E:/Projects/Studying/LA/CPU_design/readygo/mycpu_env/soc_verify/soc_axi/run_vivado/project/loongson.gen/sources_1/ip/inst_way1_bank2/sim/inst_way1_bank2.v" into library xil_defaultlib
INFO: [VRFC 10-311] analyzing module inst_way1_bank2
INFO: [VRFC 10-2263] Analyzing Verilog file "E:/Projects/Studying/LA/CPU_design/readygo/mycpu_env/soc_verify/soc_axi/run_vivado/project/loongson.gen/sources_1/ip/inst_way1_bank1/sim/inst_way1_bank1.v" into library xil_defaultlib
INFO: [VRFC 10-311] analyzing module inst_way1_bank1
INFO: [VRFC 10-2263] Analyzing Verilog file "E:/Projects/Studying/LA/CPU_design/readygo/mycpu_env/soc_verify/soc_axi/run_vivado/project/loongson.gen/sources_1/ip/inst_way1_bank0/sim/inst_way1_bank0.v" into library xil_defaultlib
INFO: [VRFC 10-311] analyzing module inst_way1_bank0
INFO: [VRFC 10-2263] Analyzing Verilog file "E:/Projects/Studying/LA/CPU_design/readygo/mycpu_env/soc_verify/soc_axi/run_vivado/project/loongson.gen/sources_1/ip/inst_way0_bank3/sim/inst_way0_bank3.v" into library xil_defaultlib
INFO: [VRFC 10-311] analyzing module inst_way0_bank3
INFO: [VRFC 10-2263] Analyzing Verilog file "E:/Projects/Studying/LA/CPU_design/readygo/mycpu_env/soc_verify/soc_axi/run_vivado/project/loongson.gen/sources_1/ip/inst_way0_bank2/sim/inst_way0_bank2.v" into library xil_defaultlib
INFO: [VRFC 10-311] analyzing module inst_way0_bank2
INFO: [VRFC 10-2263] Analyzing Verilog file "E:/Projects/Studying/LA/CPU_design/readygo/mycpu_env/soc_verify/soc_axi/run_vivado/project/loongson.gen/sources_1/ip/inst_way0_bank1/sim/inst_way0_bank1.v" into library xil_defaultlib
INFO: [VRFC 10-311] analyzing module inst_way0_bank1
INFO: [VRFC 10-2263] Analyzing Verilog file "E:/Projects/Studying/LA/CPU_design/readygo/mycpu_env/soc_verify/soc_axi/run_vivado/project/loongson.gen/sources_1/ip/inst_way0_bank0/sim/inst_way0_bank0.v" into library xil_defaultlib
INFO: [VRFC 10-311] analyzing module inst_way0_bank0
INFO: [VRFC 10-2263] Analyzing Verilog file "E:/Projects/Studying/LA/CPU_design/readygo/mycpu_env/soc_verify/soc_axi/run_vivado/project/loongson.srcs/sources_1/new/alu.v" into library xil_defaultlib
INFO: [VRFC 10-311] analyzing module alu
INFO: [VRFC 10-2263] Analyzing Verilog file "E:/Projects/Studying/LA/CPU_design/readygo/mycpu_env/soc_verify/soc_axi/run_vivado/project/loongson.srcs/sources_1/new/axi_bridge.v" into library xil_defaultlib
INFO: [VRFC 10-311] analyzing module axi_bridge
INFO: [VRFC 10-2263] Analyzing Verilog file "E:/Projects/Studying/LA/CPU_design/readygo/mycpu_env/soc_verify/soc_axi/rtl/axi_wrap/axi_wrap.v" into library xil_defaultlib
INFO: [VRFC 10-311] analyzing module axi_wrap
INFO: [VRFC 10-2263] Analyzing Verilog file "E:/Projects/Studying/LA/CPU_design/readygo/mycpu_env/soc_verify/soc_axi/rtl/ram_wrap/axi_wrap_ram.v" into library xil_defaultlib
INFO: [VRFC 10-311] analyzing module axi_wrap_ram
INFO: [VRFC 10-2263] Analyzing Verilog file "E:/Projects/Studying/LA/CPU_design/readygo/mycpu_env/soc_verify/soc_axi/rtl/CONFREG/confreg.v" into library xil_defaultlib
INFO: [VRFC 10-311] analyzing module confreg
INFO: [VRFC 10-2263] Analyzing Verilog file "E:/Projects/Studying/LA/CPU_design/readygo/mycpu_env/soc_verify/soc_axi/run_vivado/project/loongson.srcs/sources_1/new/csr.v" into library xil_defaultlib
INFO: [VRFC 10-311] analyzing module csr
INFO: [VRFC 10-2263] Analyzing Verilog file "E:/Projects/Studying/LA/CPU_design/readygo/mycpu_env/soc_verify/soc_axi/run_vivado/project/loongson.srcs/sources_1/new/dcache.v" into library xil_defaultlib
INFO: [VRFC 10-311] analyzing module dcache
INFO: [VRFC 10-311] analyzing module d_lfsr
INFO: [VRFC 10-2263] Analyzing Verilog file "E:/Projects/Studying/LA/CPU_design/readygo/mycpu_env/soc_verify/soc_axi/run_vivado/project/loongson.srcs/sources_1/new/exe_stage.v" into library xil_defaultlib
INFO: [VRFC 10-311] analyzing module exe_stage
WARNING: [VRFC 10-3380] identifier 'dmw_select' is used before its declaration [E:/Projects/Studying/LA/CPU_design/readygo/mycpu_env/soc_verify/soc_axi/run_vivado/project/loongson.srcs/sources_1/new/exe_stage.v:200]
WARNING: [VRFC 10-3380] identifier 'dmw_select' is used before its declaration [E:/Projects/Studying/LA/CPU_design/readygo/mycpu_env/soc_verify/soc_axi/run_vivado/project/loongson.srcs/sources_1/new/exe_stage.v:201]
WARNING: [VRFC 10-3380] identifier 'dmw_select' is used before its declaration [E:/Projects/Studying/LA/CPU_design/readygo/mycpu_env/soc_verify/soc_axi/run_vivado/project/loongson.srcs/sources_1/new/exe_stage.v:202]
WARNING: [VRFC 10-3380] identifier 'dmw_select' is used before its declaration [E:/Projects/Studying/LA/CPU_design/readygo/mycpu_env/soc_verify/soc_axi/run_vivado/project/loongson.srcs/sources_1/new/exe_stage.v:203]
WARNING: [VRFC 10-3380] identifier 'dmw_select' is used before its declaration [E:/Projects/Studying/LA/CPU_design/readygo/mycpu_env/soc_verify/soc_axi/run_vivado/project/loongson.srcs/sources_1/new/exe_stage.v:204]
INFO: [VRFC 10-2263] Analyzing Verilog file "E:/Projects/Studying/LA/CPU_design/readygo/mycpu_env/soc_verify/soc_axi/run_vivado/project/loongson.srcs/sources_1/new/icache.v" into library xil_defaultlib
INFO: [VRFC 10-311] analyzing module icache
INFO: [VRFC 10-311] analyzing module i_lfsr
INFO: [VRFC 10-2263] Analyzing Verilog file "E:/Projects/Studying/LA/CPU_design/readygo/mycpu_env/soc_verify/soc_axi/run_vivado/project/loongson.srcs/sources_1/new/id_stage.v" into library xil_defaultlib
INFO: [VRFC 10-311] analyzing module id_stage
WARNING: [VRFC 10-3380] identifier 'inst_ine' is used before its declaration [E:/Projects/Studying/LA/CPU_design/readygo/mycpu_env/soc_verify/soc_axi/run_vivado/project/loongson.srcs/sources_1/new/id_stage.v:284]
WARNING: [VRFC 10-3380] identifier 'inst_ine' is used before its declaration [E:/Projects/Studying/LA/CPU_design/readygo/mycpu_env/soc_verify/soc_axi/run_vivado/project/loongson.srcs/sources_1/new/id_stage.v:285]
INFO: [VRFC 10-2263] Analyzing Verilog file "E:/Projects/Studying/LA/CPU_design/readygo/mycpu_env/soc_verify/soc_axi/run_vivado/project/loongson.srcs/sources_1/new/if_stage.v" into library xil_defaultlib
INFO: [VRFC 10-311] analyzing module if_stage
WARNING: [VRFC 10-3380] identifier 'id_to_if_bus_r_valid' is used before its declaration [E:/Projects/Studying/LA/CPU_design/readygo/mycpu_env/soc_verify/soc_axi/run_vivado/project/loongson.srcs/sources_1/new/if_stage.v:57]
WARNING: [VRFC 10-3380] identifier 'mem_to_if_bus_r_valid' is used before its declaration [E:/Projects/Studying/LA/CPU_design/readygo/mycpu_env/soc_verify/soc_axi/run_vivado/project/loongson.srcs/sources_1/new/if_stage.v:65]
WARNING: [VRFC 10-3380] identifier 'bd_done' is used before its declaration [E:/Projects/Studying/LA/CPU_design/readygo/mycpu_env/soc_verify/soc_axi/run_vivado/project/loongson.srcs/sources_1/new/if_stage.v:118]
WARNING: [VRFC 10-3380] identifier 'inst_sram_rdata_r_valid' is used before its declaration [E:/Projects/Studying/LA/CPU_design/readygo/mycpu_env/soc_verify/soc_axi/run_vivado/project/loongson.srcs/sources_1/new/if_stage.v:121]
INFO: [VRFC 10-2263] Analyzing Verilog file "E:/Projects/Studying/LA/CPU_design/readygo/mycpu_env/soc_verify/soc_axi/run_vivado/project/loongson.srcs/sources_1/new/mem_stage.v" into library xil_defaultlib
INFO: [VRFC 10-311] analyzing module mem_stage
WARNING: [VRFC 10-3380] identifier 'mem_memW' is used before its declaration [E:/Projects/Studying/LA/CPU_design/readygo/mycpu_env/soc_verify/soc_axi/run_vivado/project/loongson.srcs/sources_1/new/mem_stage.v:55]
INFO: [VRFC 10-2263] Analyzing Verilog file "E:/Projects/Studying/LA/CPU_design/readygo/mycpu_env/soc_verify/soc_axi/run_vivado/project/loongson.srcs/sources_1/new/mul.v" into library xil_defaultlib
INFO: [VRFC 10-311] analyzing module YDecoder
INFO: [VRFC 10-311] analyzing module BoothBase
INFO: [VRFC 10-311] analyzing module BoothInterBase
INFO: [VRFC 10-311] analyzing module add64
INFO: [VRFC 10-311] analyzing module mul
INFO: [VRFC 10-2263] Analyzing Verilog file "E:/Projects/Studying/LA/CPU_design/readygo/mycpu_env/soc_verify/soc_axi/run_vivado/project/loongson.srcs/sources_1/new/mycpu_top.v" into library xil_defaultlib
INFO: [VRFC 10-311] analyzing module mycpu_top
INFO: [VRFC 10-2263] Analyzing Verilog file "E:/Projects/Studying/LA/CPU_design/readygo/mycpu_env/soc_verify/soc_axi/run_vivado/project/loongson.srcs/sources_1/new/regfile.v" into library xil_defaultlib
INFO: [VRFC 10-311] analyzing module regfile
INFO: [VRFC 10-2263] Analyzing Verilog file "E:/Projects/Studying/LA/CPU_design/readygo/mycpu_env/soc_verify/soc_axi/rtl/soc_lite_top.v" into library xil_defaultlib
INFO: [VRFC 10-311] analyzing module soc_lite_top
INFO: [VRFC 10-2263] Analyzing Verilog file "E:/Projects/Studying/LA/CPU_design/readygo/mycpu_env/soc_verify/soc_axi/run_vivado/project/loongson.srcs/sources_1/new/tlb.v" into library xil_defaultlib
INFO: [VRFC 10-311] analyzing module tlb
INFO: [VRFC 10-2263] Analyzing Verilog file "E:/Projects/Studying/LA/CPU_design/readygo/mycpu_env/soc_verify/soc_axi/run_vivado/project/loongson.srcs/sources_1/new/tools.v" into library xil_defaultlib
INFO: [VRFC 10-311] analyzing module decoder_2_4
INFO: [VRFC 10-311] analyzing module decoder_4_16
INFO: [VRFC 10-311] analyzing module decoder_5_32
INFO: [VRFC 10-311] analyzing module decoder_6_64
INFO: [VRFC 10-2263] Analyzing Verilog file "E:/Projects/Studying/LA/CPU_design/readygo/mycpu_env/soc_verify/soc_axi/run_vivado/project/loongson.srcs/sources_1/new/wb_stage.v" into library xil_defaultlib
INFO: [VRFC 10-311] analyzing module wb_stage
INFO: [VRFC 10-2263] Analyzing Verilog file "E:/Projects/Studying/LA/CPU_design/readygo/mycpu_env/soc_verify/soc_axi/testbench/mycpu_tb.v" into library xil_defaultlib
INFO: [VRFC 10-311] analyzing module tb_top
WARNING: [VRFC 10-2096] empty statement in sequential block [E:/Projects/Studying/LA/CPU_design/readygo/mycpu_env/soc_verify/soc_axi/testbench/mycpu_tb.v:234]
