Vivado Simulator v2023.1
Copyright 1986-2022 Xilinx, Inc. All Rights Reserved.
Copyright 2022-2023 Advanced Micro Devices, Inc. All Rights Reserved.
Running: E:/Softwares/Vitis/Vivado/2023.1/bin/unwrapped/win64.o/xelab.exe --incr --debug typical --relax --mt 2 -L xil_defaultlib -L blk_mem_gen_v8_4_6 -L generic_baseblocks_v2_1_0 -L axi_infrastructure_v1_1_0 -L axi_register_slice_v2_1_28 -L fifo_generator_v13_2_8 -L axi_data_fifo_v2_1_27 -L axi_crossbar_v2_1_29 -L uvm -L unisims_ver -L unimacro_ver -L secureip -L xpm --snapshot tb_top_behav xil_defaultlib.tb_top xil_defaultlib.glbl -log elaborate.log 
Using 2 slave threads.
Starting static elaboration
Pass Through NonSizing Optimizer
WARNING: [VRFC 10-3091] actual bit length 1 differs from formal bit length 64 for port 'ws_timer_64_diff' [E:/Projects/Studying/LA/CPU_design/readygo/mycpu_env/soc_verify/soc_axi/run_vivado/project/loongson.srcs/sources_1/new/mycpu_top.v:235]
WARNING: [VRFC 10-3091] actual bit length 1 differs from formal bit length 8 for port 'ws_inst_ld_en_diff' [E:/Projects/Studying/LA/CPU_design/readygo/mycpu_env/soc_verify/soc_axi/run_vivado/project/loongson.srcs/sources_1/new/mycpu_top.v:236]
WARNING: [VRFC 10-3091] actual bit length 1 differs from formal bit length 32 for port 'ws_ld_paddr_diff' [E:/Projects/Studying/LA/CPU_design/readygo/mycpu_env/soc_verify/soc_axi/run_vivado/project/loongson.srcs/sources_1/new/mycpu_top.v:237]
WARNING: [VRFC 10-3091] actual bit length 1 differs from formal bit length 32 for port 'ws_ld_vaddr_diff' [E:/Projects/Studying/LA/CPU_design/readygo/mycpu_env/soc_verify/soc_axi/run_vivado/project/loongson.srcs/sources_1/new/mycpu_top.v:238]
WARNING: [VRFC 10-3091] actual bit length 1 differs from formal bit length 8 for port 'ws_inst_st_en_diff' [E:/Projects/Studying/LA/CPU_design/readygo/mycpu_env/soc_verify/soc_axi/run_vivado/project/loongson.srcs/sources_1/new/mycpu_top.v:239]
WARNING: [VRFC 10-3091] actual bit length 1 differs from formal bit length 32 for port 'ws_st_paddr_diff' [E:/Projects/Studying/LA/CPU_design/readygo/mycpu_env/soc_verify/soc_axi/run_vivado/project/loongson.srcs/sources_1/new/mycpu_top.v:240]
WARNING: [VRFC 10-3091] actual bit length 1 differs from formal bit length 32 for port 'ws_st_vaddr_diff' [E:/Projects/Studying/LA/CPU_design/readygo/mycpu_env/soc_verify/soc_axi/run_vivado/project/loongson.srcs/sources_1/new/mycpu_top.v:241]
WARNING: [VRFC 10-3091] actual bit length 1 differs from formal bit length 32 for port 'ws_st_data_diff' [E:/Projects/Studying/LA/CPU_design/readygo/mycpu_env/soc_verify/soc_axi/run_vivado/project/loongson.srcs/sources_1/new/mycpu_top.v:242]
WARNING: [VRFC 10-3091] actual bit length 1 differs from formal bit length 32 for port 'ws_csr_data_diff' [E:/Projects/Studying/LA/CPU_design/readygo/mycpu_env/soc_verify/soc_axi/run_vivado/project/loongson.srcs/sources_1/new/mycpu_top.v:244]
WARNING: [VRFC 10-3091] actual bit length 4 differs from formal bit length 8 for port 'arlen' [E:/Projects/Studying/LA/CPU_design/readygo/mycpu_env/soc_verify/soc_axi/rtl/soc_lite_top.v:569]
WARNING: [VRFC 10-3091] actual bit length 4 differs from formal bit length 8 for port 'awlen' [E:/Projects/Studying/LA/CPU_design/readygo/mycpu_env/soc_verify/soc_axi/rtl/soc_lite_top.v:585]
WARNING: [VRFC 10-5021] port 'data_index_diff' is not connected on this instance [E:/Projects/Studying/LA/CPU_design/readygo/mycpu_env/soc_verify/soc_axi/run_vivado/project/loongson.srcs/sources_1/new/mycpu_top.v:214]
WARNING: [VRFC 10-5021] port 'aclk2x' is not connected on this instance [/wrk/ci/prod/2023.1/sw/continuous/3753/packages/customer/vivado/data/ip/xilinx/axi_crossbar_v2_1/hdl/axi_crossbar_v2_1_vl_rfs.v:3103]
Completed static elaboration
Starting simulation data flow analysis
Completed simulation data flow analysis
Time Resolution for simulation is 1ps
Compiling module xil_defaultlib.if_stage
Compiling module xil_defaultlib.decoder_6_64
Compiling module xil_defaultlib.decoder_4_16
Compiling module xil_defaultlib.decoder_2_4
Compiling module xil_defaultlib.decoder_5_32
Compiling module xil_defaultlib.regfile
Compiling module xil_defaultlib.id_stage
Compiling module xil_defaultlib.alu
Compiling module xil_defaultlib.YDecoder
Compiling module xil_defaultlib.BoothBase
Compiling module xil_defaultlib.BoothInterBase_default
Compiling module xil_defaultlib.add64
Compiling module xil_defaultlib.mul_default
Compiling module xil_defaultlib.lzc(WIDTH=32'b0100000)
Compiling module xil_defaultlib.radix_4_sign_detector
Compiling module xil_defaultlib.radix_4_sign_coder
Compiling module xil_defaultlib.radix_4_qds_v1_default
Compiling module xil_defaultlib.compressor_3_2(WIDTH=36)
Compiling module xil_defaultlib.int_div_radix_4_v1_default
Compiling module xil_defaultlib.exe_stage
Compiling module xil_defaultlib.mem_stage
Compiling module xil_defaultlib.wb_stage
Compiling module xil_defaultlib.csr
Compiling module xil_defaultlib.tlb_default
Compiling module blk_mem_gen_v8_4_6.blk_mem_gen_v8_4_6_output_stage(...
Compiling module blk_mem_gen_v8_4_6.blk_mem_gen_v8_4_6_softecc_outpu...
Compiling module blk_mem_gen_v8_4_6.blk_mem_gen_v8_4_6_mem_module(C_...
Compiling module blk_mem_gen_v8_4_6.blk_mem_gen_v8_4_6(C_FAMILY="art...
Compiling module xil_defaultlib.data_bank_sram
Compiling module blk_mem_gen_v8_4_6.blk_mem_gen_v8_4_6_output_stage(...
Compiling module blk_mem_gen_v8_4_6.blk_mem_gen_v8_4_6_softecc_outpu...
Compiling module blk_mem_gen_v8_4_6.blk_mem_gen_v8_4_6_mem_module(C_...
Compiling module blk_mem_gen_v8_4_6.blk_mem_gen_v8_4_6(C_FAMILY="art...
Compiling module xil_defaultlib.tagv_sram
Compiling module xil_defaultlib.i_lfsr
Compiling module xil_defaultlib.icache
Compiling module xil_defaultlib.d_lfsr
Compiling module xil_defaultlib.dcache
Compiling module xil_defaultlib.axi_bridge
Compiling module xil_defaultlib.core_top
Compiling module xil_defaultlib.axi_wrap
Compiling module generic_baseblocks_v2_1_0.generic_baseblocks_v2_1_0_carry_...
Compiling module generic_baseblocks_v2_1_0.generic_baseblocks_v2_1_0_compar...
Compiling module generic_baseblocks_v2_1_0.generic_baseblocks_v2_1_0_compar...
Compiling module generic_baseblocks_v2_1_0.generic_baseblocks_v2_1_0_compar...
Compiling module generic_baseblocks_v2_1_0.generic_baseblocks_v2_1_0_compar...
Compiling module generic_baseblocks_v2_1_0.generic_baseblocks_v2_1_0_compar...
Compiling module generic_baseblocks_v2_1_0.generic_baseblocks_v2_1_0_compar...
Compiling module generic_baseblocks_v2_1_0.generic_baseblocks_v2_1_0_compar...
Compiling module axi_crossbar_v2_1_29.axi_crossbar_v2_1_29_addr_decode...
Compiling module axi_crossbar_v2_1_29.axi_crossbar_v2_1_29_arbiter_res...
Compiling module generic_baseblocks_v2_1_0.generic_baseblocks_v2_1_0_mux_en...
Compiling module unisims_ver.SRLC32E_default
Compiling module axi_data_fifo_v2_1_27.axi_data_fifo_v2_1_27_ndeep_srl(...
Compiling module axi_data_fifo_v2_1_27.axi_data_fifo_v2_1_27_axic_srl_f...
Compiling module axi_crossbar_v2_1_29.axi_crossbar_v2_1_29_si_transact...
Compiling module generic_baseblocks_v2_1_0.generic_baseblocks_v2_1_0_mux_en...
Compiling module axi_crossbar_v2_1_29.axi_crossbar_v2_1_29_si_transact...
Compiling module axi_crossbar_v2_1_29.axi_crossbar_v2_1_29_splitter
Compiling module axi_data_fifo_v2_1_27.axi_data_fifo_v2_1_27_ndeep_srl(...
Compiling module axi_data_fifo_v2_1_27.axi_data_fifo_v2_1_27_axic_reg_s...
Compiling module axi_crossbar_v2_1_29.axi_crossbar_v2_1_29_wdata_route...
Compiling module axi_crossbar_v2_1_29.axi_crossbar_v2_1_29_wdata_mux(C...
Compiling module axi_data_fifo_v2_1_27.axi_data_fifo_v2_1_27_axic_srl_f...
Compiling module axi_infrastructure_v1_1_0.axi_infrastructure_v1_1_0_axi2ve...
Compiling module axi_infrastructure_v1_1_0.axi_infrastructure_v1_1_0_vector...
Compiling module axi_register_slice_v2_1_28.axi_register_slice_v2_1_28_axic_...
Compiling module axi_register_slice_v2_1_28.axi_register_slice_v2_1_28_axic_...
Compiling module axi_register_slice_v2_1_28.axi_register_slice_v2_1_28_axic_...
Compiling module axi_register_slice_v2_1_28.axi_register_slice_v2_1_28_axic_...
Compiling module axi_register_slice_v2_1_28.axi_register_slice_v2_1_28_axi_r...
Compiling module axi_crossbar_v2_1_29.axi_crossbar_v2_1_29_wdata_mux(C...
Compiling module axi_data_fifo_v2_1_27.axi_data_fifo_v2_1_27_axic_srl_f...
Compiling module axi_crossbar_v2_1_29.axi_crossbar_v2_1_29_addr_arbite...
Compiling module axi_crossbar_v2_1_29.axi_crossbar_v2_1_29_decerr_slav...
Compiling module axi_crossbar_v2_1_29.axi_crossbar_v2_1_29_crossbar(C_...
Compiling module axi_crossbar_v2_1_29.axi_crossbar_v2_1_29_axi_crossba...
Compiling module xil_defaultlib.axi_crossbar_1x2
Compiling module blk_mem_gen_v8_4_6.beh_vlog_ff_clr_v8_4
Compiling module blk_mem_gen_v8_4_6.beh_vlog_ff_pre_v8_4
Compiling module blk_mem_gen_v8_4_6.STATE_LOGIC_v8_4(INIT=64'b010101...
Compiling module blk_mem_gen_v8_4_6.STATE_LOGIC_v8_4(INIT=64'b101111...
Compiling module blk_mem_gen_v8_4_6.STATE_LOGIC_v8_4(INIT=64'b101010...
Compiling module blk_mem_gen_v8_4_6.STATE_LOGIC_v8_4(INIT=64'b010101...
Compiling module blk_mem_gen_v8_4_6.STATE_LOGIC_v8_4(INIT=64'b010001...
Compiling module blk_mem_gen_v8_4_6.STATE_LOGIC_v8_4(INIT=64'b010001...
Compiling module blk_mem_gen_v8_4_6.STATE_LOGIC_v8_4(INIT=64'b011010...
Compiling module blk_mem_gen_v8_4_6.STATE_LOGIC_v8_4(INIT=64'b111111...
Compiling module blk_mem_gen_v8_4_6.STATE_LOGIC_v8_4(INIT=64'b011000...
Compiling module blk_mem_gen_v8_4_6.STATE_LOGIC_v8_4(INIT=64'b011111...
Compiling module blk_mem_gen_v8_4_6.STATE_LOGIC_v8_4(INIT=64'b0111)
Compiling module blk_mem_gen_v8_4_6.STATE_LOGIC_v8_4(INIT=64'b111110...
Compiling module blk_mem_gen_v8_4_6.STATE_LOGIC_v8_4(INIT=64'b01000)
Compiling module blk_mem_gen_v8_4_6.STATE_LOGIC_v8_4(INIT=64'b100010...
Compiling module blk_mem_gen_v8_4_6.write_netlist_v8_4(C_AXI_TYPE=1)
Compiling module blk_mem_gen_v8_4_6.blk_mem_axi_write_wrapper_beh_v8...
Compiling module blk_mem_gen_v8_4_6.beh_vlog_ff_ce_clr_v8_4
Compiling module blk_mem_gen_v8_4_6.STATE_LOGIC_v8_4(INIT=64'b01011)
Compiling module blk_mem_gen_v8_4_6.STATE_LOGIC_v8_4(INIT=64'b0100)
Compiling module blk_mem_gen_v8_4_6.STATE_LOGIC_v8_4(INIT=64'b111011...
Compiling module blk_mem_gen_v8_4_6.STATE_LOGIC_v8_4(INIT=64'b010001...
Compiling module blk_mem_gen_v8_4_6.STATE_LOGIC_v8_4(INIT=64'b010000...
Compiling module blk_mem_gen_v8_4_6.STATE_LOGIC_v8_4(INIT=64'b011111...
Compiling module blk_mem_gen_v8_4_6.STATE_LOGIC_v8_4(INIT=64'b01)
Compiling module blk_mem_gen_v8_4_6.STATE_LOGIC_v8_4(INIT=64'b010000...
Compiling module blk_mem_gen_v8_4_6.STATE_LOGIC_v8_4(INIT=64'b010001...
Compiling module blk_mem_gen_v8_4_6.STATE_LOGIC_v8_4(INIT=64'b011101...
Compiling module blk_mem_gen_v8_4_6.STATE_LOGIC_v8_4(INIT=64'b111111...
Compiling module blk_mem_gen_v8_4_6.STATE_LOGIC_v8_4(INIT=64'b010101...
Compiling module blk_mem_gen_v8_4_6.STATE_LOGIC_v8_4(INIT=64'b111100...
Compiling module blk_mem_gen_v8_4_6.beh_vlog_muxf7_v8_4
Compiling module blk_mem_gen_v8_4_6.STATE_LOGIC_v8_4(INIT=64'b010101...
Compiling module blk_mem_gen_v8_4_6.STATE_LOGIC_v8_4(INIT=64'b011100...
Compiling module blk_mem_gen_v8_4_6.STATE_LOGIC_v8_4(INIT=64'b011111...
Compiling module blk_mem_gen_v8_4_6.STATE_LOGIC_v8_4(INIT=64'b010001...
Compiling module blk_mem_gen_v8_4_6.STATE_LOGIC_v8_4(INIT=64'b010001...
Compiling module blk_mem_gen_v8_4_6.STATE_LOGIC_v8_4(INIT=64'b011100...
Compiling module blk_mem_gen_v8_4_6.read_netlist_v8_4(C_ADDRB_WIDTH=...
Compiling module blk_mem_gen_v8_4_6.blk_mem_axi_read_wrapper_beh_v8_...
Compiling module blk_mem_gen_v8_4_6.blk_mem_gen_v8_4_6_output_stage(...
Compiling module blk_mem_gen_v8_4_6.blk_mem_gen_v8_4_6_output_stage(...
Compiling module blk_mem_gen_v8_4_6.blk_mem_gen_v8_4_6_softecc_outpu...
Compiling module blk_mem_gen_v8_4_6.blk_mem_gen_v8_4_6_mem_module(C_...
Compiling module blk_mem_gen_v8_4_6.blk_mem_gen_v8_4_6(C_FAMILY="art...
Compiling module xil_defaultlib.axi_ram
Compiling module xil_defaultlib.axi_wrap_ram
Compiling module xil_defaultlib.confreg(SIMULATION=1'b1)
Compiling module xil_defaultlib.soc_lite_top(SIMULATION=1'b1)
Compiling module xil_defaultlib.tb_top
Compiling module xil_defaultlib.glbl
Built simulation snapshot tb_top_behav
