Time resolution is 1 ps
Block Memory Generator module tb_top.soc_lite.u_cpu.i_cache.way0_bank0.inst.\native_mem_module.blk_mem_gen_v8_4_6_inst  is using a behavioral model for simulation which will not precisely model memory collision behavior.
Block Memory Generator module tb_top.soc_lite.u_cpu.i_cache.way0_bank1.inst.\native_mem_module.blk_mem_gen_v8_4_6_inst  is using a behavioral model for simulation which will not precisely model memory collision behavior.
Block Memory Generator module tb_top.soc_lite.u_cpu.i_cache.way0_bank2.inst.\native_mem_module.blk_mem_gen_v8_4_6_inst  is using a behavioral model for simulation which will not precisely model memory collision behavior.
Block Memory Generator module tb_top.soc_lite.u_cpu.i_cache.way0_bank3.inst.\native_mem_module.blk_mem_gen_v8_4_6_inst  is using a behavioral model for simulation which will not precisely model memory collision behavior.
Block Memory Generator module tb_top.soc_lite.u_cpu.i_cache.way1_bank0.inst.\native_mem_module.blk_mem_gen_v8_4_6_inst  is using a behavioral model for simulation which will not precisely model memory collision behavior.
Block Memory Generator module tb_top.soc_lite.u_cpu.i_cache.way1_bank1.inst.\native_mem_module.blk_mem_gen_v8_4_6_inst  is using a behavioral model for simulation which will not precisely model memory collision behavior.
Block Memory Generator module tb_top.soc_lite.u_cpu.i_cache.way1_bank2.inst.\native_mem_module.blk_mem_gen_v8_4_6_inst  is using a behavioral model for simulation which will not precisely model memory collision behavior.
Block Memory Generator module tb_top.soc_lite.u_cpu.i_cache.way1_bank3.inst.\native_mem_module.blk_mem_gen_v8_4_6_inst  is using a behavioral model for simulation which will not precisely model memory collision behavior.
Block Memory Generator module tb_top.soc_lite.u_cpu.i_cache.way0_tagv.inst.\native_mem_module.blk_mem_gen_v8_4_6_inst  is using a behavioral model for simulation which will not precisely model memory collision behavior.
Block Memory Generator module tb_top.soc_lite.u_cpu.i_cache.way1_tagv.inst.\native_mem_module.blk_mem_gen_v8_4_6_inst  is using a behavioral model for simulation which will not precisely model memory collision behavior.
Block Memory Generator module tb_top.soc_lite.u_cpu.d_cache.way0_bank0.inst.\native_mem_module.blk_mem_gen_v8_4_6_inst  is using a behavioral model for simulation which will not precisely model memory collision behavior.
Block Memory Generator module tb_top.soc_lite.u_cpu.d_cache.way0_bank1.inst.\native_mem_module.blk_mem_gen_v8_4_6_inst  is using a behavioral model for simulation which will not precisely model memory collision behavior.
Block Memory Generator module tb_top.soc_lite.u_cpu.d_cache.way0_bank2.inst.\native_mem_module.blk_mem_gen_v8_4_6_inst  is using a behavioral model for simulation which will not precisely model memory collision behavior.
Block Memory Generator module tb_top.soc_lite.u_cpu.d_cache.way0_bank3.inst.\native_mem_module.blk_mem_gen_v8_4_6_inst  is using a behavioral model for simulation which will not precisely model memory collision behavior.
Block Memory Generator module tb_top.soc_lite.u_cpu.d_cache.way1_bank0.inst.\native_mem_module.blk_mem_gen_v8_4_6_inst  is using a behavioral model for simulation which will not precisely model memory collision behavior.
Block Memory Generator module tb_top.soc_lite.u_cpu.d_cache.way1_bank1.inst.\native_mem_module.blk_mem_gen_v8_4_6_inst  is using a behavioral model for simulation which will not precisely model memory collision behavior.
Block Memory Generator module tb_top.soc_lite.u_cpu.d_cache.way1_bank2.inst.\native_mem_module.blk_mem_gen_v8_4_6_inst  is using a behavioral model for simulation which will not precisely model memory collision behavior.
Block Memory Generator module tb_top.soc_lite.u_cpu.d_cache.way1_bank3.inst.\native_mem_module.blk_mem_gen_v8_4_6_inst  is using a behavioral model for simulation which will not precisely model memory collision behavior.
Block Memory Generator module tb_top.soc_lite.u_cpu.d_cache.way0_tagv.inst.\native_mem_module.blk_mem_gen_v8_4_6_inst  is using a behavioral model for simulation which will not precisely model memory collision behavior.
Block Memory Generator module tb_top.soc_lite.u_cpu.d_cache.way1_tagv.inst.\native_mem_module.blk_mem_gen_v8_4_6_inst  is using a behavioral model for simulation which will not precisely model memory collision behavior.
 Block Memory Generator module loading initial data...
 Block Memory Generator data initialization complete.
Block Memory Generator module tb_top.soc_lite.u_axi_ram.ram.inst.\axi_mem_module.blk_mem_gen_v8_4_6_inst  is using a behavioral model for simulation which will not precisely model memory collision behavior.
==============================================================
Test begin!
        [  22000 ns] Test is running, debug_wb_pc = 0x1c000018
        [  32000 ns] Test is running, debug_wb_pc = 0x1c000014
        [  42000 ns] Test is running, debug_wb_pc = 0x1c000014
        [  52000 ns] Test is running, debug_wb_pc = 0x1c000014
        [  62000 ns] Test is running, debug_wb_pc = 0x1c000014
        [  72000 ns] Test is running, debug_wb_pc = 0x1c000010
        [  82000 ns] Test is running, debug_wb_pc = 0x1c000010
        [  92000 ns] Test is running, debug_wb_pc = 0x1c000028
        [ 102000 ns] Test is running, debug_wb_pc = 0x1c000028
        [ 112000 ns] Test is running, debug_wb_pc = 0x1c000024
        [ 122000 ns] Test is running, debug_wb_pc = 0x1c000020
        [ 132000 ns] Test is running, debug_wb_pc = 0x1c00001c
        [ 142000 ns] Test is running, debug_wb_pc = 0x1c000018
        [ 152000 ns] Test is running, debug_wb_pc = 0x1c000018
        [ 162000 ns] Test is running, debug_wb_pc = 0x1c000018
        [ 172000 ns] Test is running, debug_wb_pc = 0x1c000014
        [ 182000 ns] Test is running, debug_wb_pc = 0x1c000014
        [ 192000 ns] Test is running, debug_wb_pc = 0x1c000014
        [ 202000 ns] Test is running, debug_wb_pc = 0x1c000014
        [ 212000 ns] Test is running, debug_wb_pc = 0x1c000010
        [ 222000 ns] Test is running, debug_wb_pc = 0x1c000010
        [ 232000 ns] Test is running, debug_wb_pc = 0x1c000028
        [ 242000 ns] Test is running, debug_wb_pc = 0x1c000028
        [ 252000 ns] Test is running, debug_wb_pc = 0x1c000024
        [ 262000 ns] Test is running, debug_wb_pc = 0x1c000020
        [ 272000 ns] Test is running, debug_wb_pc = 0x1c00001c
        [ 282000 ns] Test is running, debug_wb_pc = 0x1c000018
        [ 292000 ns] Test is running, debug_wb_pc = 0x1c032670
        [ 302000 ns] Test is running, debug_wb_pc = 0x1c032aec
        [ 312000 ns] Test is running, debug_wb_pc = 0x1c032f60
        [ 322000 ns] Test is running, debug_wb_pc = 0x1c0333d8
        [ 332000 ns] Test is running, debug_wb_pc = 0x1c04a360
        [ 342000 ns] Test is running, debug_wb_pc = 0x1c04a7d8
        [ 352000 ns] Test is running, debug_wb_pc = 0x1c04ac4c
        [ 362000 ns] Test is running, debug_wb_pc = 0x1c04b0c0
        [ 372000 ns] Test is running, debug_wb_pc = 0x1c04b53c
        [ 382000 ns] Test is running, debug_wb_pc = 0x1c04b9b0
        [ 392000 ns] Test is running, debug_wb_pc = 0x1c04be2c
        [ 402000 ns] Test is running, debug_wb_pc = 0x1c04c2a0
        [ 412000 ns] Test is running, debug_wb_pc = 0x1c0602ec
        [ 422000 ns] Test is running, debug_wb_pc = 0x1c060760
        [ 432000 ns] Test is running, debug_wb_pc = 0x1c060bdc
        [ 442000 ns] Test is running, debug_wb_pc = 0x1c061050
        [ 452000 ns] Test is running, debug_wb_pc = 0x1c0614c8
        [ 462000 ns] Test is running, debug_wb_pc = 0x1c06193c
        [ 472000 ns] Test is running, debug_wb_pc = 0x1c061db0
        [ 482000 ns] Test is running, debug_wb_pc = 0x1c07186c
        [ 492000 ns] Test is running, debug_wb_pc = 0x1c071ce0
        [ 502000 ns] Test is running, debug_wb_pc = 0x1c07215c
        [ 512000 ns] Test is running, debug_wb_pc = 0x1c0725d0
        [ 522000 ns] Test is running, debug_wb_pc = 0x1c072a4c
        [ 532000 ns] Test is running, debug_wb_pc = 0x1c072ebc
        [ 542000 ns] Test is running, debug_wb_pc = 0x1c073334
        [ 552000 ns] Test is running, debug_wb_pc = 0x1c0737ac
        [ 562000 ns] Test is running, debug_wb_pc = 0x1c0755bc
        [ 572000 ns] Test is running, debug_wb_pc = 0x1c075a30
        [ 582000 ns] Test is running, debug_wb_pc = 0x1c075eac
        [ 592000 ns] Test is running, debug_wb_pc = 0x1c076320
        [ 602000 ns] Test is running, debug_wb_pc = 0x1c076798
        [ 612000 ns] Test is running, debug_wb_pc = 0x1c076c0c
        [ 622000 ns] Test is running, debug_wb_pc = 0x1c077080
        [ 632000 ns] Test is running, debug_wb_pc = 0x1c0774fc
        [ 642000 ns] Test is running, debug_wb_pc = 0x1c077970
        [ 652000 ns] Test is running, debug_wb_pc = 0x1c07849c
        [ 662000 ns] Test is running, debug_wb_pc = 0x1c078910
        [ 672000 ns] Test is running, debug_wb_pc = 0x1c078d8c
        [ 682000 ns] Test is running, debug_wb_pc = 0x1c079200
        [ 692000 ns] Test is running, debug_wb_pc = 0x1c079678
        [ 702000 ns] Test is running, debug_wb_pc = 0x1c079aec
        [ 712000 ns] Test is running, debug_wb_pc = 0x1c079f60
        [ 722000 ns] Test is running, debug_wb_pc = 0x1c07a3dc
        [ 732000 ns] Test is running, debug_wb_pc = 0x1c07bf1c
        [ 742000 ns] Test is running, debug_wb_pc = 0x1c07c390
        [ 752000 ns] Test is running, debug_wb_pc = 0x1c07c80c
        [ 762000 ns] Test is running, debug_wb_pc = 0x1c07cc7c
        [ 772000 ns] Test is running, debug_wb_pc = 0x1c07d0f4
        [ 782000 ns] Test is running, debug_wb_pc = 0x1c07d56c
        [ 792000 ns] Test is running, debug_wb_pc = 0x1c07d9e0
        [ 802000 ns] Test is running, debug_wb_pc = 0x1c07de5c
        [ 812000 ns] Test is running, debug_wb_pc = 0x1c07e2d0
        [ 822000 ns] Test is running, debug_wb_pc = 0x1c07ebcc
        [ 832000 ns] Test is running, debug_wb_pc = 0x1c07f040
        [ 842000 ns] Test is running, debug_wb_pc = 0x1c07f4bc
        [ 852000 ns] Test is running, debug_wb_pc = 0x1c07f92c
        [ 862000 ns] Test is running, debug_wb_pc = 0x1c07fda4
        [ 872000 ns] Test is running, debug_wb_pc = 0x1c08021c
        [ 882000 ns] Test is running, debug_wb_pc = 0x1c080690
        [ 892000 ns] Test is running, debug_wb_pc = 0x1c080b0c
        [ 902000 ns] Test is running, debug_wb_pc = 0x1c080f60
        [ 912000 ns] Test is running, debug_wb_pc = 0x1c0813dc
        [ 922000 ns] Test is running, debug_wb_pc = 0x1c081850
        [ 932000 ns] Test is running, debug_wb_pc = 0x1c081cc8
        [ 942000 ns] Test is running, debug_wb_pc = 0x1c08213c
        [ 952000 ns] Test is running, debug_wb_pc = 0x1c0825b0
        [ 962000 ns] Test is running, debug_wb_pc = 0x1c082a2c
        [ 972000 ns] Test is running, debug_wb_pc = 0x1c082ea0
        [ 982000 ns] Test is running, debug_wb_pc = 0x1c08331c
        [ 992000 ns] Test is running, debug_wb_pc = 0x1c00f8ec
        [1002000 ns] Test is running, debug_wb_pc = 0x1c00fd5c
        [1012000 ns] Test is running, debug_wb_pc = 0x1c0101d4
        [1022000 ns] Test is running, debug_wb_pc = 0x1c01064c
        [1032000 ns] Test is running, debug_wb_pc = 0x1c010ac0
        [1042000 ns] Test is running, debug_wb_pc = 0x1c010f3c
        [1052000 ns] Test is running, debug_wb_pc = 0x1c0113b0
        [1062000 ns] Test is running, debug_wb_pc = 0x1c01182c
        [1072000 ns] Test is running, debug_wb_pc = 0x1c011c70
        [1082000 ns] Test is running, debug_wb_pc = 0x1c0120ec
        [1092000 ns] Test is running, debug_wb_pc = 0x1c012560
        [1102000 ns] Test is running, debug_wb_pc = 0x1c0129dc
        [1112000 ns] Test is running, debug_wb_pc = 0x1c012e4c
        [1122000 ns] Test is running, debug_wb_pc = 0x1c0132c4
        [1132000 ns] Test is running, debug_wb_pc = 0x1c00f4c0
        [1142000 ns] Test is running, debug_wb_pc = 0x1c013b90
        [1152000 ns] Test is running, debug_wb_pc = 0x1c01400c
        [1162000 ns] Test is running, debug_wb_pc = 0x1c014480
        [1172000 ns] Test is running, debug_wb_pc = 0x1c0148fc
        [1182000 ns] Test is running, debug_wb_pc = 0x1c014d70
        [1192000 ns] Test is running, debug_wb_pc = 0x1c0151e8
        [1202000 ns] Test is running, debug_wb_pc = 0x1c01563c
        [1212000 ns] Test is running, debug_wb_pc = 0x1c015ab0
        [1222000 ns] Test is running, debug_wb_pc = 0x1c015f2c
        [1232000 ns] Test is running, debug_wb_pc = 0x1c0163a0
        [1242000 ns] Test is running, debug_wb_pc = 0x1c01681c
        [1252000 ns] Test is running, debug_wb_pc = 0x1c016c90
        [1262000 ns] Test is running, debug_wb_pc = 0x1c0170ac
        [1272000 ns] Test is running, debug_wb_pc = 0x1c0173fc
        [1282000 ns] Test is running, debug_wb_pc = 0x1c017740
        [1292000 ns] Test is running, debug_wb_pc = 0x1c017a84
        [1302000 ns] Test is running, debug_wb_pc = 0x1c017dcc
        [1312000 ns] Test is running, debug_wb_pc = 0x1c018110
        [1322000 ns] Test is running, debug_wb_pc = 0x1c01845c
        [1332000 ns] Test is running, debug_wb_pc = 0x1c0187a0
        [1342000 ns] Test is running, debug_wb_pc = 0x1c018ae8
        [1352000 ns] Test is running, debug_wb_pc = 0x1c018e2c
        [1362000 ns] Test is running, debug_wb_pc = 0x1c019170
        [1372000 ns] Test is running, debug_wb_pc = 0x1c019620
        [1382000 ns] Test is running, debug_wb_pc = 0x1c019ad0
        [1392000 ns] Test is running, debug_wb_pc = 0x1c019f80
        [1402000 ns] Test is running, debug_wb_pc = 0x1c01a42c
        [1412000 ns] Test is running, debug_wb_pc = 0x1c01a8dc
        [1422000 ns] Test is running, debug_wb_pc = 0x1c01ad8c
        [1432000 ns] Test is running, debug_wb_pc = 0x1c01b23c
        [1442000 ns] Test is running, debug_wb_pc = 0x1c01b6e4
        [1452000 ns] Test is running, debug_wb_pc = 0x1c01bb48
        [1462000 ns] Test is running, debug_wb_pc = 0x1c01bfd0
        [1472000 ns] Test is running, debug_wb_pc = 0x1c01c438
        [1482000 ns] Test is running, debug_wb_pc = 0x1c01c8a8
        [1492000 ns] Test is running, debug_wb_pc = 0x1c01cd0c
        [1502000 ns] Test is running, debug_wb_pc = 0x1c01d17c
        [1512000 ns] Test is running, debug_wb_pc = 0x1c01d5e4
        [1522000 ns] Test is running, debug_wb_pc = 0x1c01da4c
        [1532000 ns] Test is running, debug_wb_pc = 0x1c01deb4
        [1542000 ns] Test is running, debug_wb_pc = 0x1c01e35c
        [1552000 ns] Test is running, debug_wb_pc = 0x1c01e804
        [1562000 ns] Test is running, debug_wb_pc = 0x1c01ecb0
        [1572000 ns] Test is running, debug_wb_pc = 0x1c01f160
        [1582000 ns] Test is running, debug_wb_pc = 0x1c01f60c
        [1592000 ns] Test is running, debug_wb_pc = 0x1c01fabc
        [1602000 ns] Test is running, debug_wb_pc = 0x1c01ff6c
        [1612000 ns] Test is running, debug_wb_pc = 0x1c02041c
        [1622000 ns] Test is running, debug_wb_pc = 0x1c020860
        [1632000 ns] Test is running, debug_wb_pc = 0x1c020ce4
        [1642000 ns] Test is running, debug_wb_pc = 0x1c021150
        [1652000 ns] Test is running, debug_wb_pc = 0x1c0215bc
        [1662000 ns] Test is running, debug_wb_pc = 0x1c021a20
        [1672000 ns] Test is running, debug_wb_pc = 0x1c021e8c
        [1682000 ns] Test is running, debug_wb_pc = 0x1c0222fc
        [1692000 ns] Test is running, debug_wb_pc = 0x1c022760
        [1702000 ns] Test is running, debug_wb_pc = 0x1c022bcc
        [1712000 ns] Test is running, debug_wb_pc = 0x1c023054
        [1722000 ns] Test is running, debug_wb_pc = 0x1c023500
        [1732000 ns] Test is running, debug_wb_pc = 0x1c0239b0
        [1742000 ns] Test is running, debug_wb_pc = 0x1c023e5c
        [1752000 ns] Test is running, debug_wb_pc = 0x1c02430c
        [1762000 ns] Test is running, debug_wb_pc = 0x1c0247bc
        [1772000 ns] Test is running, debug_wb_pc = 0x1c024c6c
        [1782000 ns] Test is running, debug_wb_pc = 0x1c025114
        [1792000 ns] Test is running, debug_wb_pc = 0x1c0255ac
        [1802000 ns] Test is running, debug_wb_pc = 0x1c025a04
        [1812000 ns] Test is running, debug_wb_pc = 0x1c025e8c
        [1822000 ns] Test is running, debug_wb_pc = 0x1c0262f4
        [1832000 ns] Test is running, debug_wb_pc = 0x1c026764
        [1842000 ns] Test is running, debug_wb_pc = 0x1c026bcc
        [1852000 ns] Test is running, debug_wb_pc = 0x1c027034
        [1862000 ns] Test is running, debug_wb_pc = 0x1c0274a0
        [1872000 ns] Test is running, debug_wb_pc = 0x1c02790c
        [1882000 ns] Test is running, debug_wb_pc = 0x1c027d54
        [1892000 ns] Test is running, debug_wb_pc = 0x1c0281cc
        [1902000 ns] Test is running, debug_wb_pc = 0x1c02861c
        [1912000 ns] Test is running, debug_wb_pc = 0x1c028a9c
        [1922000 ns] Test is running, debug_wb_pc = 0x1c028f0c
        [1932000 ns] Test is running, debug_wb_pc = 0x1c029370
        [1942000 ns] Test is running, debug_wb_pc = 0x1c0297e0
        [1952000 ns] Test is running, debug_wb_pc = 0x1c029c4c
        [1962000 ns] Test is running, debug_wb_pc = 0x1c02a0b8
        [1972000 ns] Test is running, debug_wb_pc = 0x1c02a520
        [1982000 ns] Test is running, debug_wb_pc = 0x1c02a984
        [1992000 ns] Test is running, debug_wb_pc = 0x1c02adfc
        [2002000 ns] Test is running, debug_wb_pc = 0x1c02b250
        [2012000 ns] Test is running, debug_wb_pc = 0x1c02b6cc
        [2022000 ns] Test is running, debug_wb_pc = 0x1c02bb3c
        [2032000 ns] Test is running, debug_wb_pc = 0x1c02bfa4
        [2042000 ns] Test is running, debug_wb_pc = 0x1c02c410
        [2052000 ns] Test is running, debug_wb_pc = 0x1c02c87c
        [2062000 ns] Test is running, debug_wb_pc = 0x1c02ccec
        [2072000 ns] Test is running, debug_wb_pc = 0x1c02d150
        [2082000 ns] Test is running, debug_wb_pc = 0x1c02d590
        [2092000 ns] Test is running, debug_wb_pc = 0x1c02d9ec
        [2102000 ns] Test is running, debug_wb_pc = 0x1c02de4c
        [2112000 ns] Test is running, debug_wb_pc = 0x1c02e2ac
        [2122000 ns] Test is running, debug_wb_pc = 0x1c02e70c
        [2132000 ns] Test is running, debug_wb_pc = 0x1c02eb6c
        [2142000 ns] Test is running, debug_wb_pc = 0x1c02efc8
        [2152000 ns] Test is running, debug_wb_pc = 0x1c02f424
        [2162000 ns] Test is running, debug_wb_pc = 0x1c02f880
        [2172000 ns] Test is running, debug_wb_pc = 0x1c02fccc
        [2182000 ns] Test is running, debug_wb_pc = 0x1c030140
        [2192000 ns] Test is running, debug_wb_pc = 0x1c03059c
        [2202000 ns] Test is running, debug_wb_pc = 0x1c0309fc
        [2212000 ns] Test is running, debug_wb_pc = 0x1c030e5c
        [2222000 ns] Test is running, debug_wb_pc = 0x1c0312b8
        [2232000 ns] Test is running, debug_wb_pc = 0x1c03171c
        [2242000 ns] Test is running, debug_wb_pc = 0x1c031b74
        [2252000 ns] Test is running, debug_wb_pc = 0x1c031fc4
        [2262000 ns] Test is running, debug_wb_pc = 0x1c032430
        [2272000 ns] Test is running, debug_wb_pc = 0x1c0337c0
        [2282000 ns] Test is running, debug_wb_pc = 0x1c033c1c
        [2292000 ns] Test is running, debug_wb_pc = 0x1c03408c
        [2302000 ns] Test is running, debug_wb_pc = 0x1c0344f8
        [2312000 ns] Test is running, debug_wb_pc = 0x1c03495c
        [2322000 ns] Test is running, debug_wb_pc = 0x1c034dc4
        [2332000 ns] Test is running, debug_wb_pc = 0x1c03522c
        [2342000 ns] Test is running, debug_wb_pc = 0x1c035690
        [2352000 ns] Test is running, debug_wb_pc = 0x1c035af4
        [2362000 ns] Test is running, debug_wb_pc = 0x1c035f60
        [2372000 ns] Test is running, debug_wb_pc = 0x1c0363cc
        [2382000 ns] Test is running, debug_wb_pc = 0x1c036830
        [2392000 ns] Test is running, debug_wb_pc = 0x1c036c9c
        [2402000 ns] Test is running, debug_wb_pc = 0x1c037104
        [2412000 ns] Test is running, debug_wb_pc = 0x1c03756c
        [2422000 ns] Test is running, debug_wb_pc = 0x1c037970
        [2432000 ns] Test is running, debug_wb_pc = 0x1c037d84
        [2442000 ns] Test is running, debug_wb_pc = 0x1c038198
        [2452000 ns] Test is running, debug_wb_pc = 0x1c0385ac
        [2462000 ns] Test is running, debug_wb_pc = 0x1c0389c0
        [2472000 ns] Test is running, debug_wb_pc = 0x1c038dd0
        [2482000 ns] Test is running, debug_wb_pc = 0x1c0391e8
        [2492000 ns] Test is running, debug_wb_pc = 0x1c0395fc
        [2502000 ns] Test is running, debug_wb_pc = 0x1c039a0c
        [2512000 ns] Test is running, debug_wb_pc = 0x1c039e20
        [2522000 ns] Test is running, debug_wb_pc = 0x1c03a23c
        [2532000 ns] Test is running, debug_wb_pc = 0x1c03a6b0
        [2542000 ns] Test is running, debug_wb_pc = 0x1c03ab2c
        [2552000 ns] Test is running, debug_wb_pc = 0x1c03af9c
        [2562000 ns] Test is running, debug_wb_pc = 0x1c03b414
        [2572000 ns] Test is running, debug_wb_pc = 0x1c03b88c
        [2582000 ns] Test is running, debug_wb_pc = 0x1c03bd00
        [2592000 ns] Test is running, debug_wb_pc = 0x1c03c15c
        [2602000 ns] Test is running, debug_wb_pc = 0x1c03c5d0
        [2612000 ns] Test is running, debug_wb_pc = 0x1c03ca4c
        [2622000 ns] Test is running, debug_wb_pc = 0x1c03cec0
        [2632000 ns] Test is running, debug_wb_pc = 0x1c03d338
        [2642000 ns] Test is running, debug_wb_pc = 0x1c03d7ac
        [2652000 ns] Test is running, debug_wb_pc = 0x1c03dc10
        [2662000 ns] Test is running, debug_wb_pc = 0x1c03e08c
        [2672000 ns] Test is running, debug_wb_pc = 0x1c03e4fc
        [2682000 ns] Test is running, debug_wb_pc = 0x1c03e974
        [2692000 ns] Test is running, debug_wb_pc = 0x1c03edec
        [2702000 ns] Test is running, debug_wb_pc = 0x1c03f260
        [2712000 ns] Test is running, debug_wb_pc = 0x1c03f6bc
        [2722000 ns] Test is running, debug_wb_pc = 0x1c03fb30
        [2732000 ns] Test is running, debug_wb_pc = 0x1c03ffac
        [2742000 ns] Test is running, debug_wb_pc = 0x1c04041c
        [2752000 ns] Test is running, debug_wb_pc = 0x1c040894
        [2762000 ns] Test is running, debug_wb_pc = 0x1c040d0c
        [2772000 ns] Test is running, debug_wb_pc = 0x1c041180
        [2782000 ns] Test is running, debug_wb_pc = 0x1c0415dc
        [2792000 ns] Test is running, debug_wb_pc = 0x1c041a50
        [2802000 ns] Test is running, debug_wb_pc = 0x1c041ecc
        [2812000 ns] Test is running, debug_wb_pc = 0x1c042340
        [2822000 ns] Test is running, debug_wb_pc = 0x1c0427b8
        [2832000 ns] Test is running, debug_wb_pc = 0x1c042c2c
        [2842000 ns] Test is running, debug_wb_pc = 0x1c043084
        [2852000 ns] Test is running, debug_wb_pc = 0x1c0434fc
        [2862000 ns] Test is running, debug_wb_pc = 0x1c043970
        [2872000 ns] Test is running, debug_wb_pc = 0x1c043dec
        [2882000 ns] Test is running, debug_wb_pc = 0x1c044260
        [2892000 ns] Test is running, debug_wb_pc = 0x1c0446dc
        [2902000 ns] Test is running, debug_wb_pc = 0x1c044b4c
        [2912000 ns] Test is running, debug_wb_pc = 0x1c044fc4
        [2922000 ns] Test is running, debug_wb_pc = 0x1c04543c
        [2932000 ns] Test is running, debug_wb_pc = 0x1c045890
        [2942000 ns] Test is running, debug_wb_pc = 0x1c045d0c
        [2952000 ns] Test is running, debug_wb_pc = 0x1c046180
        [2962000 ns] Test is running, debug_wb_pc = 0x1c0465fc
        [2972000 ns] Test is running, debug_wb_pc = 0x1c046a6c
        [2982000 ns] Test is running, debug_wb_pc = 0x1c046ee4
        [2992000 ns] Test is running, debug_wb_pc = 0x1c04735c
        [3002000 ns] Test is running, debug_wb_pc = 0x1c0477d0
        [3012000 ns] Test is running, debug_wb_pc = 0x1c047c2c
        [3022000 ns] Test is running, debug_wb_pc = 0x1c0480a0
        [3032000 ns] Test is running, debug_wb_pc = 0x1c04851c
        [3042000 ns] Test is running, debug_wb_pc = 0x1c048990
        [3052000 ns] Test is running, debug_wb_pc = 0x1c048e08
        [3062000 ns] Test is running, debug_wb_pc = 0x1c04927c
        [3072000 ns] Test is running, debug_wb_pc = 0x1c0496f0
        [3082000 ns] Test is running, debug_wb_pc = 0x1c049b6c
        [3092000 ns] Test is running, debug_wb_pc = 0x1c049fe0
        [3102000 ns] Test is running, debug_wb_pc = 0x1c04c9b4
        [3112000 ns] Test is running, debug_wb_pc = 0x1c04cddc
        [3122000 ns] Test is running, debug_wb_pc = 0x1c04d218
        [3132000 ns] Test is running, debug_wb_pc = 0x1c04d62c
        [3142000 ns] Test is running, debug_wb_pc = 0x1c04da5c
        [3152000 ns] Test is running, debug_wb_pc = 0x1c04de8c
        [3162000 ns] Test is running, debug_wb_pc = 0x1c04e2bc
        [3172000 ns] Test is running, debug_wb_pc = 0x1c00f4c0
        [3182000 ns] Test is running, debug_wb_pc = 0x1c04eb54
        [3192000 ns] Test is running, debug_wb_pc = 0x1c04efcc
        [3202000 ns] Test is running, debug_wb_pc = 0x1c04f440
        [3212000 ns] Test is running, debug_wb_pc = 0x1c04f8bc
        [3222000 ns] Test is running, debug_wb_pc = 0x1c04fd1c
        [3232000 ns] Test is running, debug_wb_pc = 0x1c050190
        [3242000 ns] Test is running, debug_wb_pc = 0x1c05060c
        [3252000 ns] Test is running, debug_wb_pc = 0x1c050a80
        [3262000 ns] Test is running, debug_wb_pc = 0x1c050edc
        [3272000 ns] Test is running, debug_wb_pc = 0x1c051350
        [3282000 ns] Test is running, debug_wb_pc = 0x1c0517cc
        [3292000 ns] Test is running, debug_wb_pc = 0x1c051c3c
        [3302000 ns] Test is running, debug_wb_pc = 0x1c052070
        [3312000 ns] Test is running, debug_wb_pc = 0x1c0524ac
        [3322000 ns] Test is running, debug_wb_pc = 0x1c052908
        [3332000 ns] Test is running, debug_wb_pc = 0x1c052d80
        [3342000 ns] Test is running, debug_wb_pc = 0x1c0531e0
        [3352000 ns] Test is running, debug_wb_pc = 0x1c053654
        [3362000 ns] Test is running, debug_wb_pc = 0x1c053a5c
        [3372000 ns] Test is running, debug_wb_pc = 0x1c053ed0
        [3382000 ns] Test is running, debug_wb_pc = 0x1c054348
        [3392000 ns] Test is running, debug_wb_pc = 0x1c0547bc
        [3402000 ns] Test is running, debug_wb_pc = 0x1c054c38
        [3412000 ns] Test is running, debug_wb_pc = 0x1c0550e0
        [3422000 ns] Test is running, debug_wb_pc = 0x1c05556c
        [3432000 ns] Test is running, debug_wb_pc = 0x1c0559fc
        [3442000 ns] Test is running, debug_wb_pc = 0x1c055e70
        [3452000 ns] Test is running, debug_wb_pc = 0x1c056318
        [3462000 ns] Test is running, debug_wb_pc = 0x1c0567a0
        [3472000 ns] Test is running, debug_wb_pc = 0x1c056c40
        [3482000 ns] Test is running, debug_wb_pc = 0x1c0570ec
        [3492000 ns] Test is running, debug_wb_pc = 0x1c05757c
        [3502000 ns] Test is running, debug_wb_pc = 0x1c057a08
        [3512000 ns] Test is running, debug_wb_pc = 0x1c057e90
        [3522000 ns] Test is running, debug_wb_pc = 0x1c0582f8
        [3532000 ns] Test is running, debug_wb_pc = 0x1c05878c
        [3542000 ns] Test is running, debug_wb_pc = 0x1c058c04
        [3552000 ns] Test is running, debug_wb_pc = 0x1c0590cc
        [3562000 ns] Test is running, debug_wb_pc = 0x1c05955c
        [3572000 ns] Test is running, debug_wb_pc = 0x1c0599e8
        [3582000 ns] Test is running, debug_wb_pc = 0x1c059e78
        [3592000 ns] Test is running, debug_wb_pc = 0x1c05a320
        [3602000 ns] Test is running, debug_wb_pc = 0x1c05a7b0
        [3612000 ns] Test is running, debug_wb_pc = 0x1c05ac3c
        [3622000 ns] Test is running, debug_wb_pc = 0x1c05b0b0
        [3632000 ns] Test is running, debug_wb_pc = 0x1c05b570
        [3642000 ns] Test is running, debug_wb_pc = 0x1c05b9ec
        [3652000 ns] Test is running, debug_wb_pc = 0x1c05be70
        [3662000 ns] Test is running, debug_wb_pc = 0x1c00f1f8
        [3672000 ns] Test is running, debug_wb_pc = 0x1c05c74c
        [3682000 ns] Test is running, debug_wb_pc = 0x1c05cbec
        [3692000 ns] Test is running, debug_wb_pc = 0x1c05d074
        [3702000 ns] Test is running, debug_wb_pc = 0x1c05d518
        [3712000 ns] Test is running, debug_wb_pc = 0x1c05d9ac
        [3722000 ns] Test is running, debug_wb_pc = 0x1c05de3c
        [3732000 ns] Test is running, debug_wb_pc = 0x1c05e2cc
        [3742000 ns] Test is running, debug_wb_pc = 0x1c05e748
        [3752000 ns] Test is running, debug_wb_pc = 0x1c05ebd4
        [3762000 ns] Test is running, debug_wb_pc = 0x1c05f060
        [3772000 ns] Test is running, debug_wb_pc = 0x1c05f4fc
        [3782000 ns] Test is running, debug_wb_pc = 0x1c05f970
        [3792000 ns] Test is running, debug_wb_pc = 0x1c05fdf0
        [3802000 ns] Test is running, debug_wb_pc = 0x1c061edc
        [3812000 ns] Test is running, debug_wb_pc = 0x1c062368
        [3822000 ns] Test is running, debug_wb_pc = 0x1c0627f4
        [3832000 ns] Test is running, debug_wb_pc = 0x1c062c7c
        [3842000 ns] Test is running, debug_wb_pc = 0x1c06311c
        [3852000 ns] Test is running, debug_wb_pc = 0x1c0635a4
        [3862000 ns] Test is running, debug_wb_pc = 0x1c063a34
        [3872000 ns] Test is running, debug_wb_pc = 0x1c063ea4
        [3882000 ns] Test is running, debug_wb_pc = 0x1c064360
        [3892000 ns] Test is running, debug_wb_pc = 0x1c0647ec
        [3902000 ns] Test is running, debug_wb_pc = 0x1c064c80
        [3912000 ns] Test is running, debug_wb_pc = 0x1c065100
        [3922000 ns] Test is running, debug_wb_pc = 0x1c0655b0
        [3932000 ns] Test is running, debug_wb_pc = 0x1c065a40
        [3942000 ns] Test is running, debug_wb_pc = 0x1c065e9c
        [3952000 ns] Test is running, debug_wb_pc = 0x1c0661e0
        [3962000 ns] Test is running, debug_wb_pc = 0x1c066528
        [3972000 ns] Test is running, debug_wb_pc = 0x1c06686c
        [3982000 ns] Test is running, debug_wb_pc = 0x1c066bc0
        [3992000 ns] Test is running, debug_wb_pc = 0x1c066f0c
        [4002000 ns] Test is running, debug_wb_pc = 0x1c06725c
        [4012000 ns] Test is running, debug_wb_pc = 0x1c0675a0
        [4022000 ns] Test is running, debug_wb_pc = 0x1c0678e4
        [4032000 ns] Test is running, debug_wb_pc = 0x1c067c20
        [4042000 ns] Test is running, debug_wb_pc = 0x1c067f70
        [4052000 ns] Test is running, debug_wb_pc = 0x1c0682bc
        [4062000 ns] Test is running, debug_wb_pc = 0x1c068600
        [4072000 ns] Test is running, debug_wb_pc = 0x1c068948
        [4082000 ns] Test is running, debug_wb_pc = 0x1c068c8c
        [4092000 ns] Test is running, debug_wb_pc = 0x1c068fe0
        [4102000 ns] Test is running, debug_wb_pc = 0x1c069324
        [4112000 ns] Test is running, debug_wb_pc = 0x1c069668
        [4122000 ns] Test is running, debug_wb_pc = 0x1c0699b0
        [4132000 ns] Test is running, debug_wb_pc = 0x1c069d00
        [4142000 ns] Test is running, debug_wb_pc = 0x1c06a050
        [4152000 ns] Test is running, debug_wb_pc = 0x1c06a39c
        [4162000 ns] Test is running, debug_wb_pc = 0x1c06a6e0
        [4172000 ns] Test is running, debug_wb_pc = 0x1c06aa28
        [4182000 ns] Test is running, debug_wb_pc = 0x1c06ad6c
        [4192000 ns] Test is running, debug_wb_pc = 0x1c06b0bc
        [4202000 ns] Test is running, debug_wb_pc = 0x1c06b400
        [4212000 ns] Test is running, debug_wb_pc = 0x1c06b744
        [4222000 ns] Test is running, debug_wb_pc = 0x1c06ba88
        [4232000 ns] Test is running, debug_wb_pc = 0x1c06bdd0
        [4242000 ns] Test is running, debug_wb_pc = 0x1c06c120
        [4252000 ns] Test is running, debug_wb_pc = 0x1c06c470
        [4262000 ns] Test is running, debug_wb_pc = 0x1c06c7bc
        [4272000 ns] Test is running, debug_wb_pc = 0x1c06cb00
        [4282000 ns] Test is running, debug_wb_pc = 0x1c06ce28
        [4292000 ns] Test is running, debug_wb_pc = 0x1c06d180
        [4302000 ns] Test is running, debug_wb_pc = 0x1c06d4cc
        [4312000 ns] Test is running, debug_wb_pc = 0x1c06d81c
        [4322000 ns] Test is running, debug_wb_pc = 0x1c06db6c
        [4332000 ns] Test is running, debug_wb_pc = 0x1c06deb8
        [4342000 ns] Test is running, debug_wb_pc = 0x1c06e200
        [4352000 ns] Test is running, debug_wb_pc = 0x1c06e548
        [4362000 ns] Test is running, debug_wb_pc = 0x1c06e890
        [4372000 ns] Test is running, debug_wb_pc = 0x1c06ebd8
        [4382000 ns] Test is running, debug_wb_pc = 0x1c06ef2c
        [4392000 ns] Test is running, debug_wb_pc = 0x1c06f278
        [4402000 ns] Test is running, debug_wb_pc = 0x1c06f5c0
        [4412000 ns] Test is running, debug_wb_pc = 0x1c06f908
        [4422000 ns] Test is running, debug_wb_pc = 0x1c06fc50
        [4432000 ns] Test is running, debug_wb_pc = 0x1c06ff9c
        [4442000 ns] Test is running, debug_wb_pc = 0x1c0702f0
        [4452000 ns] Test is running, debug_wb_pc = 0x1c070640
        [4462000 ns] Test is running, debug_wb_pc = 0x1c070990
        [4472000 ns] Test is running, debug_wb_pc = 0x1c070cdc
        [4482000 ns] Test is running, debug_wb_pc = 0x1c008000
        [4492000 ns] Test is running, debug_wb_pc = 0x1c07102c
        [4502000 ns] Test is running, debug_wb_pc = 0x1c071078
        [4512000 ns] Test is running, debug_wb_pc = 0x1c071078
        [4522000 ns] Test is running, debug_wb_pc = 0x1c071078
        [4532000 ns] Test is running, debug_wb_pc = 0x1c071078
        [4542000 ns] Test is running, debug_wb_pc = 0x1c071084
        [4552000 ns] Test is running, debug_wb_pc = 0x1c071084
        [4562000 ns] Test is running, debug_wb_pc = 0x1c071084
        [4572000 ns] Test is running, debug_wb_pc = 0x1c008000
        [4582000 ns] Test is running, debug_wb_pc = 0x1c071134
        [4592000 ns] Test is running, debug_wb_pc = 0x1c071134
        [4602000 ns] Test is running, debug_wb_pc = 0x1c071134
        [4612000 ns] Test is running, debug_wb_pc = 0x1c071140
        [4622000 ns] Test is running, debug_wb_pc = 0x1c071140
        [4632000 ns] Test is running, debug_wb_pc = 0x1c071140
        [4642000 ns] Test is running, debug_wb_pc = 0x1c071140
        [4652000 ns] Test is running, debug_wb_pc = 0x1c0711e8
        [4662000 ns] Test is running, debug_wb_pc = 0x1c0711e8
        [4672000 ns] Test is running, debug_wb_pc = 0x1c0711e8
        [4682000 ns] Test is running, debug_wb_pc = 0x1c0711e8
        [4692000 ns] Test is running, debug_wb_pc = 0x1c0711f4
        [4702000 ns] Test is running, debug_wb_pc = 0x1c0711f4
        [4712000 ns] Test is running, debug_wb_pc = 0x1c0711f4
        [4722000 ns] Test is running, debug_wb_pc = 0x1c0711f4
        [4732000 ns] Test is running, debug_wb_pc = 0x1c071274
        [4742000 ns] Test is running, debug_wb_pc = 0x1c071274
        [4752000 ns] Test is running, debug_wb_pc = 0x1c071274
        [4762000 ns] Test is running, debug_wb_pc = 0x1c071274
        [4772000 ns] Test is running, debug_wb_pc = 0x1c071280
        [4782000 ns] Test is running, debug_wb_pc = 0x1c071280
        [4792000 ns] Test is running, debug_wb_pc = 0x1c071280
        [4802000 ns] Test is running, debug_wb_pc = 0x1c0712dc
        [4812000 ns] Test is running, debug_wb_pc = 0x1c071318
        [4822000 ns] Test is running, debug_wb_pc = 0x1c071318
        [4832000 ns] Test is running, debug_wb_pc = 0x1c071318
        [4842000 ns] Test is running, debug_wb_pc = 0x1c071324
        [4852000 ns] Test is running, debug_wb_pc = 0x1c071324
        [4862000 ns] Test is running, debug_wb_pc = 0x1c071324
        [4872000 ns] Test is running, debug_wb_pc = 0x1c071324
        [4882000 ns] Test is running, debug_wb_pc = 0x1c0713a4
        [4892000 ns] Test is running, debug_wb_pc = 0x1c0713a4
        [4902000 ns] Test is running, debug_wb_pc = 0x1c0713a4
        [4912000 ns] Test is running, debug_wb_pc = 0x1c0713a4
        [4922000 ns] Test is running, debug_wb_pc = 0x1c0713b0
        [4932000 ns] Test is running, debug_wb_pc = 0x1c0713b0
        [4942000 ns] Test is running, debug_wb_pc = 0x1c0713b0
        [4952000 ns] Test is running, debug_wb_pc = 0x1c0713b0
        [4962000 ns] Test is running, debug_wb_pc = 0x1c071438
        [4972000 ns] Test is running, debug_wb_pc = 0x1c071438
        [4982000 ns] Test is running, debug_wb_pc = 0x1c071438
        [4992000 ns] Test is running, debug_wb_pc = 0x1c071438
        [5002000 ns] Test is running, debug_wb_pc = 0x1c071444
        [5012000 ns] Test is running, debug_wb_pc = 0x1c071444
        [5022000 ns] Test is running, debug_wb_pc = 0x1c071444
        [5032000 ns] Test is running, debug_wb_pc = 0x1c071494
        [5042000 ns] Test is running, debug_wb_pc = 0x1c073b94
        [5052000 ns] Test is running, debug_wb_pc = 0x1c0081b4
        [5062000 ns] Test is running, debug_wb_pc = 0x1c00801c
        [5072000 ns] Test is running, debug_wb_pc = 0x1c008024
        [5082000 ns] Test is running, debug_wb_pc = 0x1c00800c
        [5092000 ns] Test is running, debug_wb_pc = 0x1c00801c
        [5102000 ns] Test is running, debug_wb_pc = 0x1c008000
        [5112000 ns] Test is running, debug_wb_pc = 0x1c008000
        [5122000 ns] Test is running, debug_wb_pc = 0x1c00800c
        [5132000 ns] Test is running, debug_wb_pc = 0x1c00801c
        [5142000 ns] Test is running, debug_wb_pc = 0x1c00802c
        [5152000 ns] Test is running, debug_wb_pc = 0x1c0081e4
        [5162000 ns] Test is running, debug_wb_pc = 0x1c00f060
        [5172000 ns] Test is running, debug_wb_pc = 0x1c00800c
        [5182000 ns] Test is running, debug_wb_pc = 0x1c00801c
        [5192000 ns] Test is running, debug_wb_pc = 0x1c00802c
        [5202000 ns] Test is running, debug_wb_pc = 0x1c0081e4
        [5212000 ns] Test is running, debug_wb_pc = 0x1c00f060
        [5222000 ns] Test is running, debug_wb_pc = 0x1c00f06c
        [5232000 ns] Test is running, debug_wb_pc = 0x1c00f078
        [5242000 ns] Test is running, debug_wb_pc = 0x827f9ae3
        [5252000 ns] Test is running, debug_wb_pc = 0x1c008000
        [5262000 ns] Test is running, debug_wb_pc = 0x1c008000
        [5272000 ns] Test is running, debug_wb_pc = 0x1c00800c
        [5282000 ns] Test is running, debug_wb_pc = 0x1c00801c
        [5292000 ns] Test is running, debug_wb_pc = 0x1c00802c
        [5302000 ns] Test is running, debug_wb_pc = 0x1c0081e4
        [5312000 ns] Test is running, debug_wb_pc = 0x1c00f060
        [5322000 ns] Test is running, debug_wb_pc = 0x1c00f06c
        [5332000 ns] Test is running, debug_wb_pc = 0x1c00f078
        [5342000 ns] Test is running, debug_wb_pc = 0xa0000518
        [5352000 ns] Test is running, debug_wb_pc = 0x1c008000
        [5362000 ns] Test is running, debug_wb_pc = 0x1c008000
        [5372000 ns] Test is running, debug_wb_pc = 0x1c00800c
        [5382000 ns] Test is running, debug_wb_pc = 0x1c00801c
        [5392000 ns] Test is running, debug_wb_pc = 0x1c00802c
        [5402000 ns] Test is running, debug_wb_pc = 0x1c0081e4
        [5412000 ns] Test is running, debug_wb_pc = 0x1c00f060
        [5422000 ns] Test is running, debug_wb_pc = 0x1c00f06c
        [5432000 ns] Test is running, debug_wb_pc = 0x1c00f078
        [5442000 ns] Test is running, debug_wb_pc = 0x827f9ea7
        [5452000 ns] Test is running, debug_wb_pc = 0x1c008000
        [5462000 ns] Test is running, debug_wb_pc = 0x1c008000
        [5472000 ns] Test is running, debug_wb_pc = 0x1c00800c
        [5482000 ns] Test is running, debug_wb_pc = 0x1c00801c
        [5492000 ns] Test is running, debug_wb_pc = 0x1c00802c
        [5502000 ns] Test is running, debug_wb_pc = 0x1c0081e4
        [5512000 ns] Test is running, debug_wb_pc = 0x1c00f060
        [5522000 ns] Test is running, debug_wb_pc = 0x1c00f06c
        [5532000 ns] Test is running, debug_wb_pc = 0x1c00f078
        [5542000 ns] Test is running, debug_wb_pc = 0xa00008dc
        [5552000 ns] Test is running, debug_wb_pc = 0x1c008000
        [5562000 ns] Test is running, debug_wb_pc = 0x1c008000
        [5572000 ns] Test is running, debug_wb_pc = 0x1c00800c
        [5582000 ns] Test is running, debug_wb_pc = 0x1c00801c
        [5592000 ns] Test is running, debug_wb_pc = 0x1c00802c
        [5602000 ns] Test is running, debug_wb_pc = 0x1c0081e4
        [5612000 ns] Test is running, debug_wb_pc = 0x1c00f060
        [5622000 ns] Test is running, debug_wb_pc = 0x1c00f06c
        [5632000 ns] Test is running, debug_wb_pc = 0x1c00f078
        [5642000 ns] Test is running, debug_wb_pc = 0x827fa26b
        [5652000 ns] Test is running, debug_wb_pc = 0x1c008000
        [5662000 ns] Test is running, debug_wb_pc = 0x1c008000
        [5672000 ns] Test is running, debug_wb_pc = 0x1c00800c
        [5682000 ns] Test is running, debug_wb_pc = 0x1c00801c
        [5692000 ns] Test is running, debug_wb_pc = 0x1c00802c
        [5702000 ns] Test is running, debug_wb_pc = 0x1c0081e4
        [5712000 ns] Test is running, debug_wb_pc = 0x1c00f060
        [5722000 ns] Test is running, debug_wb_pc = 0x1c00f06c
        [5732000 ns] Test is running, debug_wb_pc = 0x1c00f078
        [5742000 ns] Test is running, debug_wb_pc = 0xa0000ca0
        [5752000 ns] Test is running, debug_wb_pc = 0x1c008000
        [5762000 ns] Test is running, debug_wb_pc = 0x1c008000
        [5772000 ns] Test is running, debug_wb_pc = 0x1c00800c
        [5782000 ns] Test is running, debug_wb_pc = 0x1c00801c
        [5792000 ns] Test is running, debug_wb_pc = 0x1c00802c
        [5802000 ns] Test is running, debug_wb_pc = 0x1c0081e4
        [5812000 ns] Test is running, debug_wb_pc = 0x1c00f060
        [5822000 ns] Test is running, debug_wb_pc = 0x1c00f06c
        [5832000 ns] Test is running, debug_wb_pc = 0x1c00f078
        [5842000 ns] Test is running, debug_wb_pc = 0x827fa62f
        [5852000 ns] Test is running, debug_wb_pc = 0x1c008000
        [5862000 ns] Test is running, debug_wb_pc = 0x1c008000
        [5872000 ns] Test is running, debug_wb_pc = 0x1c00800c
        [5882000 ns] Test is running, debug_wb_pc = 0x1c00801c
        [5892000 ns] Test is running, debug_wb_pc = 0x1c00802c
        [5902000 ns] Test is running, debug_wb_pc = 0x1c0081e4
        [5912000 ns] Test is running, debug_wb_pc = 0x1c00f060
        [5922000 ns] Test is running, debug_wb_pc = 0x1c00f06c
        [5932000 ns] Test is running, debug_wb_pc = 0x1c008024
        [5942000 ns] Test is running, debug_wb_pc = 0x1c0081e0
        [5952000 ns] Test is running, debug_wb_pc = 0x1c008000
        [5962000 ns] Test is running, debug_wb_pc = 0x1c008000
        [5972000 ns] Test is running, debug_wb_pc = 0x1c008010
        [5982000 ns] Test is running, debug_wb_pc = 0x1c008020
        [5992000 ns] Test is running, debug_wb_pc = 0x1c00802c
        [6002000 ns] Test is running, debug_wb_pc = 0x1c0081e8
        [6012000 ns] Test is running, debug_wb_pc = 0x1c00f060
        [6022000 ns] Test is running, debug_wb_pc = 0x1c0081e4
        [6032000 ns] Test is running, debug_wb_pc = 0x1c00f05c
        [6042000 ns] Test is running, debug_wb_pc = 0x1c00f068
        [6052000 ns] Test is running, debug_wb_pc = 0x1c00f078
        [6062000 ns] Test is running, debug_wb_pc = 0x827faa4f
        [6072000 ns] Test is running, debug_wb_pc = 0x1c008000
        [6082000 ns] Test is running, debug_wb_pc = 0x1c008000
        [6092000 ns] Test is running, debug_wb_pc = 0x1c008008
        [6102000 ns] Test is running, debug_wb_pc = 0x1c008018
        [6112000 ns] Test is running, debug_wb_pc = 0x1c008028
        [6122000 ns] Test is running, debug_wb_pc = 0x1c0081e4
        [6132000 ns] Test is running, debug_wb_pc = 0x1c00f05c
        [6142000 ns] Test is running, debug_wb_pc = 0x1c00f068
        [6152000 ns] Test is running, debug_wb_pc = 0x1c00f078
        [6162000 ns] Test is running, debug_wb_pc = 0xa0001484
        [6172000 ns] Test is running, debug_wb_pc = 0xa00014b4
        [6182000 ns] Test is running, debug_wb_pc = 0xa00014e4
        [6192000 ns] Test is running, debug_wb_pc = 0xa0001514
        [6202000 ns] Test is running, debug_wb_pc = 0x1c008000
        [6212000 ns] Test is running, debug_wb_pc = 0x1c008000
        [6222000 ns] Test is running, debug_wb_pc = 0x1c008008
        [6232000 ns] Test is running, debug_wb_pc = 0x1c008018
        [6242000 ns] Test is running, debug_wb_pc = 0x1c008028
        [6252000 ns] Test is running, debug_wb_pc = 0x1c0081e4
        [6262000 ns] Test is running, debug_wb_pc = 0x1c00f05c
        [6272000 ns] Test is running, debug_wb_pc = 0x1c00f068
        [6282000 ns] Test is running, debug_wb_pc = 0x1c00f078
        [6292000 ns] Test is running, debug_wb_pc = 0x827faea3
        [6302000 ns] Test is running, debug_wb_pc = 0x1c008000
        [6312000 ns] Test is running, debug_wb_pc = 0x1c008000
        [6322000 ns] Test is running, debug_wb_pc = 0x1c008008
        [6332000 ns] Test is running, debug_wb_pc = 0x1c008018
        [6342000 ns] Test is running, debug_wb_pc = 0x1c008028
        [6352000 ns] Test is running, debug_wb_pc = 0x1c0081e4
        [6362000 ns] Test is running, debug_wb_pc = 0x1c00f05c
        [6372000 ns] Test is running, debug_wb_pc = 0x1c00f068
        [6382000 ns] Test is running, debug_wb_pc = 0x1c00f078
        [6392000 ns] Test is running, debug_wb_pc = 0xa00018d8
        [6402000 ns] Test is running, debug_wb_pc = 0x1c008000
        [6412000 ns] Test is running, debug_wb_pc = 0x1c008000
        [6422000 ns] Test is running, debug_wb_pc = 0x1c008008
        [6432000 ns] Test is running, debug_wb_pc = 0x1c008018
        [6442000 ns] Test is running, debug_wb_pc = 0x1c008028
        [6452000 ns] Test is running, debug_wb_pc = 0x1c0081e4
        [6462000 ns] Test is running, debug_wb_pc = 0x1c00f05c
        [6472000 ns] Test is running, debug_wb_pc = 0x1c00f068
        [6482000 ns] Test is running, debug_wb_pc = 0x1c00f078
        [6492000 ns] Test is running, debug_wb_pc = 0x827fb267
        [6502000 ns] Test is running, debug_wb_pc = 0x1c008000
        [6512000 ns] Test is running, debug_wb_pc = 0x1c008000
        [6522000 ns] Test is running, debug_wb_pc = 0x1c008008
        [6532000 ns] Test is running, debug_wb_pc = 0x1c008018
        [6542000 ns] Test is running, debug_wb_pc = 0x1c008028
        [6552000 ns] Test is running, debug_wb_pc = 0x1c0081e4
        [6562000 ns] Test is running, debug_wb_pc = 0x1c00f05c
        [6572000 ns] Test is running, debug_wb_pc = 0x1c00f068
        [6582000 ns] Test is running, debug_wb_pc = 0x1c00f078
        [6592000 ns] Test is running, debug_wb_pc = 0xa0001c9c
        [6602000 ns] Test is running, debug_wb_pc = 0x1c008000
        [6612000 ns] Test is running, debug_wb_pc = 0x1c008000
        [6622000 ns] Test is running, debug_wb_pc = 0x1c008008
        [6632000 ns] Test is running, debug_wb_pc = 0x1c008018
        [6642000 ns] Test is running, debug_wb_pc = 0x1c008028
        [6652000 ns] Test is running, debug_wb_pc = 0x1c0081e4
        [6662000 ns] Test is running, debug_wb_pc = 0x1c00f05c
        [6672000 ns] Test is running, debug_wb_pc = 0x1c00f068
        [6682000 ns] Test is running, debug_wb_pc = 0x1c00f078
        [6692000 ns] Test is running, debug_wb_pc = 0x827fb62b
        [6702000 ns] Test is running, debug_wb_pc = 0x1c008000
        [6712000 ns] Test is running, debug_wb_pc = 0x1c008000
        [6722000 ns] Test is running, debug_wb_pc = 0x1c008008
        [6732000 ns] Test is running, debug_wb_pc = 0x1c008018
        [6742000 ns] Test is running, debug_wb_pc = 0x1c008028
        [6752000 ns] Test is running, debug_wb_pc = 0x1c0081e4
        [6762000 ns] Test is running, debug_wb_pc = 0x1c00f05c
        [6772000 ns] Test is running, debug_wb_pc = 0x1c00802c
        [6782000 ns] Test is running, debug_wb_pc = 0x1c0081e8
        [6792000 ns] Test is running, debug_wb_pc = 0x1c008028
        [6802000 ns] Test is running, debug_wb_pc = 0x827fb83b
        [6812000 ns] Test is running, debug_wb_pc = 0x1c008000
        [6822000 ns] Test is running, debug_wb_pc = 0x1c008004
        [6832000 ns] Test is running, debug_wb_pc = 0x1c008014
        [6842000 ns] Test is running, debug_wb_pc = 0x1c008024
        [6852000 ns] Test is running, debug_wb_pc = 0x1c0081e0
        [6862000 ns] Test is running, debug_wb_pc = 0x1c0081e8
        [6872000 ns] Test is running, debug_wb_pc = 0x827fb98b
        [6882000 ns] Test is running, debug_wb_pc = 0x1c008000
        [6892000 ns] Test is running, debug_wb_pc = 0x1c008000
        [6902000 ns] Test is running, debug_wb_pc = 0x1c008008
        [6912000 ns] Test is running, debug_wb_pc = 0x1c008018
        [6922000 ns] Test is running, debug_wb_pc = 0x1c008028
        [6932000 ns] Test is running, debug_wb_pc = 0x1c0081e4
        [6942000 ns] Test is running, debug_wb_pc = 0x1c00f05c
        [6952000 ns] Test is running, debug_wb_pc = 0x1c00f068
        [6962000 ns] Test is running, debug_wb_pc = 0x1c00f078
        [6972000 ns] Test is running, debug_wb_pc = 0xa00023c0
        [6982000 ns] Test is running, debug_wb_pc = 0x1c008000
        [6992000 ns] Test is running, debug_wb_pc = 0x1c008000
        [7002000 ns] Test is running, debug_wb_pc = 0x1c008008
        [7012000 ns] Test is running, debug_wb_pc = 0x1c008018
        [7022000 ns] Test is running, debug_wb_pc = 0x1c008028
        [7032000 ns] Test is running, debug_wb_pc = 0x1c0081e4
        [7042000 ns] Test is running, debug_wb_pc = 0x1c00f05c
        [7052000 ns] Test is running, debug_wb_pc = 0x1c00f068
        [7062000 ns] Test is running, debug_wb_pc = 0x1c00f078
        [7072000 ns] Test is running, debug_wb_pc = 0x827fbd4f
        [7082000 ns] Test is running, debug_wb_pc = 0x1c008000
        [7092000 ns] Test is running, debug_wb_pc = 0x1c008000
        [7102000 ns] Test is running, debug_wb_pc = 0x1c008008
        [7112000 ns] Test is running, debug_wb_pc = 0x1c008018
        [7122000 ns] Test is running, debug_wb_pc = 0x1c008028
        [7132000 ns] Test is running, debug_wb_pc = 0x1c0081e4
        [7142000 ns] Test is running, debug_wb_pc = 0x1c00f05c
        [7152000 ns] Test is running, debug_wb_pc = 0x1c00f068
        [7162000 ns] Test is running, debug_wb_pc = 0x1c00f078
        [7172000 ns] Test is running, debug_wb_pc = 0xa0002784
        [7182000 ns] Test is running, debug_wb_pc = 0xa00027b4
        [7192000 ns] Test is running, debug_wb_pc = 0xa00027e4
        [7202000 ns] Test is running, debug_wb_pc = 0xa0002814
        [7212000 ns] Test is running, debug_wb_pc = 0x1c008000
        [7222000 ns] Test is running, debug_wb_pc = 0x1c008000
        [7232000 ns] Test is running, debug_wb_pc = 0x1c008008
        [7242000 ns] Test is running, debug_wb_pc = 0x1c008018
        [7252000 ns] Test is running, debug_wb_pc = 0x1c008028
        [7262000 ns] Test is running, debug_wb_pc = 0x1c0081e4
        [7272000 ns] Test is running, debug_wb_pc = 0x1c00f05c
        [7282000 ns] Test is running, debug_wb_pc = 0x1c00f068
        [7292000 ns] Test is running, debug_wb_pc = 0x1c00f078
        [7302000 ns] Test is running, debug_wb_pc = 0x827fc1a3
        [7312000 ns] Test is running, debug_wb_pc = 0x1c008000
        [7322000 ns] Test is running, debug_wb_pc = 0x1c008000
        [7332000 ns] Test is running, debug_wb_pc = 0x1c008008
        [7342000 ns] Test is running, debug_wb_pc = 0x1c008018
        [7352000 ns] Test is running, debug_wb_pc = 0x1c008028
        [7362000 ns] Test is running, debug_wb_pc = 0x1c0081e4
        [7372000 ns] Test is running, debug_wb_pc = 0x1c00f05c
        [7382000 ns] Test is running, debug_wb_pc = 0x1c00f068
        [7392000 ns] Test is running, debug_wb_pc = 0x1c00f078
        [7402000 ns] Test is running, debug_wb_pc = 0xa0002bd8
        [7412000 ns] Test is running, debug_wb_pc = 0x1c008000
        [7422000 ns] Test is running, debug_wb_pc = 0x1c008000
        [7432000 ns] Test is running, debug_wb_pc = 0x1c008008
        [7442000 ns] Test is running, debug_wb_pc = 0x1c008018
        [7452000 ns] Test is running, debug_wb_pc = 0x1c008028
        [7462000 ns] Test is running, debug_wb_pc = 0x1c0081e4
        [7472000 ns] Test is running, debug_wb_pc = 0x1c00f05c
        [7482000 ns] Test is running, debug_wb_pc = 0x1c00f068
        [7492000 ns] Test is running, debug_wb_pc = 0x1c00f078
        [7502000 ns] Test is running, debug_wb_pc = 0x827fc567
        [7512000 ns] Test is running, debug_wb_pc = 0x1c008000
        [7522000 ns] Test is running, debug_wb_pc = 0x1c008000
        [7532000 ns] Test is running, debug_wb_pc = 0x1c008008
        [7542000 ns] Test is running, debug_wb_pc = 0x1c008018
        [7552000 ns] Test is running, debug_wb_pc = 0x1c008028
        [7562000 ns] Test is running, debug_wb_pc = 0x1c0081e4
        [7572000 ns] Test is running, debug_wb_pc = 0x1c00f05c
        [7582000 ns] Test is running, debug_wb_pc = 0x1c00f068
        [7592000 ns] Test is running, debug_wb_pc = 0x1c00f078
        [7602000 ns] Test is running, debug_wb_pc = 0xa0002f9c
        [7612000 ns] Test is running, debug_wb_pc = 0x1c008000
        [7622000 ns] Test is running, debug_wb_pc = 0x1c008000
        [7632000 ns] Test is running, debug_wb_pc = 0xa000302c
        [7642000 ns] Test is running, debug_wb_pc = 0x1c008018
        [7652000 ns] Test is running, debug_wb_pc = 0x1c0081e4
        [7662000 ns] Test is running, debug_wb_pc = 0x1c00f05c
        [7672000 ns] Test is running, debug_wb_pc = 0x1c00f068
        [7682000 ns] Test is running, debug_wb_pc = 0x1c00f078
        [7692000 ns] Test is running, debug_wb_pc = 0x827fc8f7
        [7702000 ns] Test is running, debug_wb_pc = 0x1c008000
        [7712000 ns] Test is running, debug_wb_pc = 0x1c008000
        [7722000 ns] Test is running, debug_wb_pc = 0x1c008008
        [7732000 ns] Test is running, debug_wb_pc = 0x1c008018
        [7742000 ns] Test is running, debug_wb_pc = 0x1c008028
        [7752000 ns] Test is running, debug_wb_pc = 0x1c0081e4
        [7762000 ns] Test is running, debug_wb_pc = 0x1c00f05c
        [7772000 ns] Test is running, debug_wb_pc = 0x1c00f068
        [7782000 ns] Test is running, debug_wb_pc = 0x1c00f078
        [7792000 ns] Test is running, debug_wb_pc = 0xa000332c
        [7802000 ns] Test is running, debug_wb_pc = 0x1c008000
        [7812000 ns] Test is running, debug_wb_pc = 0x1c008000
        [7822000 ns] Test is running, debug_wb_pc = 0x1c008008
        [7832000 ns] Test is running, debug_wb_pc = 0x1c008018
        [7842000 ns] Test is running, debug_wb_pc = 0x1c008028
        [7852000 ns] Test is running, debug_wb_pc = 0x1c0081e4
        [7862000 ns] Test is running, debug_wb_pc = 0x1c00f05c
        [7872000 ns] Test is running, debug_wb_pc = 0x1c00f068
        [7882000 ns] Test is running, debug_wb_pc = 0x1c00f078
        [7892000 ns] Test is running, debug_wb_pc = 0x827fccbb
        [7902000 ns] Test is running, debug_wb_pc = 0x1c008000
        [7912000 ns] Test is running, debug_wb_pc = 0x1c008000
        [7922000 ns] Test is running, debug_wb_pc = 0x1c008008
        [7932000 ns] Test is running, debug_wb_pc = 0x1c008018
        [7942000 ns] Test is running, debug_wb_pc = 0x1c008028
        [7952000 ns] Test is running, debug_wb_pc = 0x1c0081e4
        [7962000 ns] Test is running, debug_wb_pc = 0x1c00f05c
        [7972000 ns] Test is running, debug_wb_pc = 0x1c00f068
        [7982000 ns] Test is running, debug_wb_pc = 0x1c00f078
        [7992000 ns] Test is running, debug_wb_pc = 0xa00036f0
        [8002000 ns] Test is running, debug_wb_pc = 0x1c008000
        [8012000 ns] Test is running, debug_wb_pc = 0x1c008000
        [8022000 ns] Test is running, debug_wb_pc = 0x1c008008
        [8032000 ns] Test is running, debug_wb_pc = 0x1c008018
        [8042000 ns] Test is running, debug_wb_pc = 0x1c008028
        [8052000 ns] Test is running, debug_wb_pc = 0x1c0081e4
        [8062000 ns] Test is running, debug_wb_pc = 0x1c00f05c
        [8072000 ns] Test is running, debug_wb_pc = 0x1c00f068
        [8082000 ns] Test is running, debug_wb_pc = 0x1c00f078
        [8092000 ns] Test is running, debug_wb_pc = 0x827fd07f
        [8102000 ns] Test is running, debug_wb_pc = 0x1c008000
        [8112000 ns] Test is running, debug_wb_pc = 0x1c008000
        [8122000 ns] Test is running, debug_wb_pc = 0x1c008008
        [8132000 ns] Test is running, debug_wb_pc = 0x1c008018
        [8142000 ns] Test is running, debug_wb_pc = 0x1c008028
        [8152000 ns] Test is running, debug_wb_pc = 0x1c0081e4
        [8162000 ns] Test is running, debug_wb_pc = 0x1c00f05c
        [8172000 ns] Test is running, debug_wb_pc = 0x1c00f068
        [8182000 ns] Test is running, debug_wb_pc = 0x1c00f078
        [8192000 ns] Test is running, debug_wb_pc = 0xa0003ab4
        [8202000 ns] Test is running, debug_wb_pc = 0xa0003ae4
        [8212000 ns] Test is running, debug_wb_pc = 0xa0003b14
        [8222000 ns] Test is running, debug_wb_pc = 0xa0003b44
        [8232000 ns] Test is running, debug_wb_pc = 0x1c008000
        [8242000 ns] Test is running, debug_wb_pc = 0x1c008000
        [8252000 ns] Test is running, debug_wb_pc = 0x1c008008
        [8262000 ns] Test is running, debug_wb_pc = 0x1c008018
        [8272000 ns] Test is running, debug_wb_pc = 0x1c008028
        [8282000 ns] Test is running, debug_wb_pc = 0x1c0081e4
        [8292000 ns] Test is running, debug_wb_pc = 0x1c00f05c
        [8302000 ns] Test is running, debug_wb_pc = 0x1c00f068
        [8312000 ns] Test is running, debug_wb_pc = 0x1c00f078
        [8322000 ns] Test is running, debug_wb_pc = 0x827fd4d3
        [8332000 ns] Test is running, debug_wb_pc = 0x1c008000
        [8342000 ns] Test is running, debug_wb_pc = 0x1c008000
        [8352000 ns] Test is running, debug_wb_pc = 0x1c008008
        [8362000 ns] Test is running, debug_wb_pc = 0x1c008018
        [8372000 ns] Test is running, debug_wb_pc = 0x1c008028
        [8382000 ns] Test is running, debug_wb_pc = 0x1c0081e4
        [8392000 ns] Test is running, debug_wb_pc = 0x1c00f05c
        [8402000 ns] Test is running, debug_wb_pc = 0x1c00f068
        [8412000 ns] Test is running, debug_wb_pc = 0x1c00f078
        [8422000 ns] Test is running, debug_wb_pc = 0xa0003f08
        [8432000 ns] Test is running, debug_wb_pc = 0x1c008000
        [8442000 ns] Test is running, debug_wb_pc = 0x1c008000
INFO: xsimkernel Simulation Memory Usage: 34544 KB (Peak: 34544 KB), Simulation CPU Usage: 149890 ms
