Copyright 1986-2022 Xilinx, Inc. All Rights Reserved. Copyright 2022-2023 Advanced Micro Devices, Inc. All Rights Reserved.
---------------------------------------------------------------------------------------------------------------------------------------------
| Tool Version : Vivado v.2023.1 (lin64) Build 3865809 Sun May  7 15:04:56 MDT 2023
| Date         : Sat Dec 16 23:25:58 2023
| Host         : ysxAshore-Ubuntu running 64-bit Ubuntu 22.04.3 LTS
| Command      : report_control_sets -verbose -file show_sw_control_sets_placed.rpt
| Design       : show_sw
| Device       : xc7a200t
---------------------------------------------------------------------------------------------------------------------------------------------

Control Set Information

Table of Contents
-----------------
1. Summary
2. Histogram
3. Flip-Flop Distribution
4. Detailed Control Set Information

1. Summary
----------

+----------------------------------------------------------+-------+
|                          Status                          | Count |
+----------------------------------------------------------+-------+
| Total control sets                                       |     6 |
|    Minimum number of control sets                        |     6 |
|    Addition due to synthesis replication                 |     0 |
|    Addition due to physical synthesis replication        |     0 |
| Unused register locations in slices containing registers |    29 |
+----------------------------------------------------------+-------+
* Control sets can be merged at opt_design using control_set_merge or merge_equivalent_drivers
** Run report_qor_suggestions for automated merging and remapping suggestions


2. Histogram
------------

+--------------------+-------+
|       Fanout       | Count |
+--------------------+-------+
| Total control sets |     6 |
| >= 0 to < 4        |     2 |
| >= 4 to < 6        |     4 |
| >= 6 to < 8        |     0 |
| >= 8 to < 10       |     0 |
| >= 10 to < 12      |     0 |
| >= 12 to < 14      |     0 |
| >= 14 to < 16      |     0 |
| >= 16              |     0 |
+--------------------+-------+
* Control sets can be remapped at either synth_design or opt_design


3. Flip-Flop Distribution
-------------------------

+--------------+-----------------------+------------------------+-----------------+--------------+
| Clock Enable | Synchronous Set/Reset | Asynchronous Set/Reset | Total Registers | Total Slices |
+--------------+-----------------------+------------------------+-----------------+--------------+
| No           | No                    | No                     |               0 |            0 |
| No           | No                    | Yes                    |               0 |            0 |
| No           | Yes                   | No                     |               4 |            1 |
| Yes          | No                    | No                     |               4 |            2 |
| Yes          | No                    | Yes                    |               0 |            0 |
| Yes          | Yes                   | No                     |              11 |            4 |
+--------------+-----------------------+------------------------+-----------------+--------------+


4. Detailed Control Set Information
-----------------------------------

+----------------+-------------------------+----------------------------------+------------------+----------------+--------------+
|  Clock Signal  |      Enable Signal      |         Set/Reset Signal         | Slice Load Count | Bel Load Count | Bels / Slice |
+----------------+-------------------------+----------------------------------+------------------+----------------+--------------+
|  clk_IBUF_BUFG | show_num_init/p_0_in[5] | show_num_init/num_a_g[5]_i_1_n_0 |                1 |              1 |         1.00 |
|  clk_IBUF_BUFG | show_num_init/p_0_in[4] | show_num_init/num_a_g[4]_i_1_n_0 |                1 |              2 |         2.00 |
|  clk_IBUF_BUFG |                         | show_data[3]_i_1_n_0             |                1 |              4 |         4.00 |
|  clk_IBUF_BUFG | resetn_IBUF             |                                  |                2 |              4 |         2.00 |
|  clk_IBUF_BUFG | show_num_init/p_0_in[6] | show_num_init/num_a_g[6]_i_1_n_0 |                1 |              4 |         4.00 |
|  clk_IBUF_BUFG | prev_data[3]_i_1_n_0    | show_data[3]_i_1_n_0             |                1 |              4 |         4.00 |
+----------------+-------------------------+----------------------------------+------------------+----------------+--------------+


