
*** Running vivado
    with args -log clk_pll_33.vds -m64 -product Vivado -mode batch -messageDb vivado.pb -notrace -source clk_pll_33.tcl


ECHO 处于关闭状态。
ECHO 处于关闭状态。

****** Vivado v2023.1 (64-bit)
  **** SW Build 3865809 on Sun May  7 15:05:29 MDT 2023
  **** IP Build 3864474 on Sun May  7 20:36:21 MDT 2023
  **** SharedData Build 3865790 on Sun May 07 13:33:03 MDT 2023
    ** Copyright 1986-2022 Xilinx, Inc. All Rights Reserved.
    ** Copyright 2022-2023 Advanced Micro Devices, Inc. All Rights Reserved.

source clk_pll_33.tcl -notrace
create_project: Time (s): cpu = 00:00:03 ; elapsed = 00:00:06 . Memory (MB): peak = 430.766 ; gain = 159.914
INFO: [IP_Flow 19-6924] IPCACHE: Running cache check for IP inst: clk_pll_33
Command: synth_design -top clk_pll_33 -part xc7a200tfbg676-2 -incremental_mode off -mode out_of_context
Starting synth_design
Attempting to get a license for feature 'Synthesis' and/or device 'xc7a200t'
INFO: [Common 17-349] Got license for feature 'Synthesis' and/or device 'xc7a200t'
INFO: [Device 21-403] Loading part xc7a200tfbg676-2
INFO: [Synth 8-7079] Multithreading enabled for synth_design using a maximum of 2 processes.
INFO: [Synth 8-7078] Launching helper process for spawning children vivado processes
INFO: [Synth 8-7075] Helper process launched with PID 19884
---------------------------------------------------------------------------------
Starting RTL Elaboration : Time (s): cpu = 00:00:04 ; elapsed = 00:00:06 . Memory (MB): peak = 1311.539 ; gain = 408.832
---------------------------------------------------------------------------------
INFO: [Synth 8-6157] synthesizing module 'clk_pll_33' [e:/Projects/Studying/LA/LA32R_GD/chiplab/IP/xilinx_ip/2019.2/clk_pll_33/clk_pll_33.v:69]
INFO: [Synth 8-6157] synthesizing module 'clk_pll_33_clk_wiz' [e:/Projects/Studying/LA/LA32R_GD/chiplab/IP/xilinx_ip/2019.2/clk_pll_33/clk_pll_33_clk_wiz.v:69]
INFO: [Synth 8-6157] synthesizing module 'BUFG' [E:/Softwares/Vitis/Vivado/2023.1/scripts/rt/data/unisim_comp.v:1519]
INFO: [Synth 8-6155] done synthesizing module 'BUFG' (0#1) [E:/Softwares/Vitis/Vivado/2023.1/scripts/rt/data/unisim_comp.v:1519]
INFO: [Synth 8-6157] synthesizing module 'PLLE2_ADV' [E:/Softwares/Vitis/Vivado/2023.1/scripts/rt/data/unisim_comp.v:109413]
	Parameter BANDWIDTH bound to: OPTIMIZED - type: string 
	Parameter CLKFBOUT_MULT bound to: 33 - type: integer 
	Parameter CLKFBOUT_PHASE bound to: 0.000000 - type: double 
	Parameter CLKIN1_PERIOD bound to: 10.000000 - type: double 
	Parameter CLKOUT0_DIVIDE bound to: 33 - type: integer 
	Parameter CLKOUT0_DUTY_CYCLE bound to: 0.500000 - type: double 
	Parameter CLKOUT0_PHASE bound to: 0.000000 - type: double 
	Parameter CLKOUT1_DIVIDE bound to: 50 - type: integer 
	Parameter CLKOUT1_DUTY_CYCLE bound to: 0.500000 - type: double 
	Parameter CLKOUT1_PHASE bound to: 0.000000 - type: double 
	Parameter COMPENSATION bound to: ZHOLD - type: string 
	Parameter DIVCLK_DIVIDE bound to: 2 - type: integer 
	Parameter STARTUP_WAIT bound to: FALSE - type: string 
INFO: [Synth 8-6155] done synthesizing module 'PLLE2_ADV' (0#1) [E:/Softwares/Vitis/Vivado/2023.1/scripts/rt/data/unisim_comp.v:109413]
INFO: [Synth 8-6155] done synthesizing module 'clk_pll_33_clk_wiz' (0#1) [e:/Projects/Studying/LA/LA32R_GD/chiplab/IP/xilinx_ip/2019.2/clk_pll_33/clk_pll_33_clk_wiz.v:69]
INFO: [Synth 8-6155] done synthesizing module 'clk_pll_33' (0#1) [e:/Projects/Studying/LA/LA32R_GD/chiplab/IP/xilinx_ip/2019.2/clk_pll_33/clk_pll_33.v:69]
---------------------------------------------------------------------------------
Finished RTL Elaboration : Time (s): cpu = 00:00:04 ; elapsed = 00:00:07 . Memory (MB): peak = 1404.727 ; gain = 502.020
---------------------------------------------------------------------------------
---------------------------------------------------------------------------------
Start Handling Custom Attributes
---------------------------------------------------------------------------------
---------------------------------------------------------------------------------
Finished Handling Custom Attributes : Time (s): cpu = 00:00:05 ; elapsed = 00:00:07 . Memory (MB): peak = 1404.727 ; gain = 502.020
---------------------------------------------------------------------------------
---------------------------------------------------------------------------------
Finished RTL Optimization Phase 1 : Time (s): cpu = 00:00:05 ; elapsed = 00:00:07 . Memory (MB): peak = 1404.727 ; gain = 502.020
---------------------------------------------------------------------------------
Netlist sorting complete. Time (s): cpu = 00:00:00 ; elapsed = 00:00:00 . Memory (MB): peak = 1404.727 ; gain = 0.000
INFO: [Netlist 29-17] Analyzing 1 Unisim elements for replacement
INFO: [Netlist 29-28] Unisim Transformation completed in 0 CPU seconds
INFO: [Project 1-570] Preparing netlist for logic optimization

Processing XDC Constraints
Initializing timing engine
Parsing XDC File [e:/Projects/Studying/LA/LA32R_GD/chiplab/IP/xilinx_ip/2019.2/clk_pll_33/clk_pll_33_ooc.xdc] for cell 'inst'
Finished Parsing XDC File [e:/Projects/Studying/LA/LA32R_GD/chiplab/IP/xilinx_ip/2019.2/clk_pll_33/clk_pll_33_ooc.xdc] for cell 'inst'
Parsing XDC File [e:/Projects/Studying/LA/LA32R_GD/chiplab/IP/xilinx_ip/2019.2/clk_pll_33/clk_pll_33_board.xdc] for cell 'inst'
Finished Parsing XDC File [e:/Projects/Studying/LA/LA32R_GD/chiplab/IP/xilinx_ip/2019.2/clk_pll_33/clk_pll_33_board.xdc] for cell 'inst'
Parsing XDC File [e:/Projects/Studying/LA/LA32R_GD/chiplab/IP/xilinx_ip/2019.2/clk_pll_33/clk_pll_33.xdc] for cell 'inst'
Finished Parsing XDC File [e:/Projects/Studying/LA/LA32R_GD/chiplab/IP/xilinx_ip/2019.2/clk_pll_33/clk_pll_33.xdc] for cell 'inst'
Parsing XDC File [E:/Projects/Studying/LA/LA32R_GD/chiplab/fpga/loongson/2019.2/system_run.runs/clk_pll_33_synth_1/dont_touch.xdc]
Finished Parsing XDC File [E:/Projects/Studying/LA/LA32R_GD/chiplab/fpga/loongson/2019.2/system_run.runs/clk_pll_33_synth_1/dont_touch.xdc]
Completed Processing XDC Constraints

Netlist sorting complete. Time (s): cpu = 00:00:00 ; elapsed = 00:00:00 . Memory (MB): peak = 1404.727 ; gain = 0.000
INFO: [Project 1-111] Unisim Transformation Summary:
No Unisim elements were transformed.

INFO: [Timing 38-2] Deriving generated clocks
Constraint Validation Runtime : Time (s): cpu = 00:00:00 ; elapsed = 00:00:00.044 . Memory (MB): peak = 1404.727 ; gain = 0.000
INFO: [Designutils 20-5008] Incremental synthesis strategy off
---------------------------------------------------------------------------------
Finished Constraint Validation : Time (s): cpu = 00:00:09 ; elapsed = 00:00:16 . Memory (MB): peak = 1404.727 ; gain = 502.020
---------------------------------------------------------------------------------
---------------------------------------------------------------------------------
Start Loading Part and Timing Information
---------------------------------------------------------------------------------
Loading part: xc7a200tfbg676-2
---------------------------------------------------------------------------------
Finished Loading Part and Timing Information : Time (s): cpu = 00:00:09 ; elapsed = 00:00:16 . Memory (MB): peak = 1404.727 ; gain = 502.020
---------------------------------------------------------------------------------
---------------------------------------------------------------------------------
Start Applying 'set_property' XDC Constraints
---------------------------------------------------------------------------------
Applied set_property KEEP_HIERARCHY = SOFT for inst. (constraint file  E:/Projects/Studying/LA/LA32R_GD/chiplab/fpga/loongson/2019.2/system_run.runs/clk_pll_33_synth_1/dont_touch.xdc, line 9).
---------------------------------------------------------------------------------
Finished applying 'set_property' XDC Constraints : Time (s): cpu = 00:00:09 ; elapsed = 00:00:16 . Memory (MB): peak = 1404.727 ; gain = 502.020
---------------------------------------------------------------------------------
---------------------------------------------------------------------------------
Finished RTL Optimization Phase 2 : Time (s): cpu = 00:00:09 ; elapsed = 00:00:16 . Memory (MB): peak = 1404.727 ; gain = 502.020
---------------------------------------------------------------------------------
---------------------------------------------------------------------------------
Start RTL Component Statistics 
---------------------------------------------------------------------------------
Detailed RTL Component Info : 
---------------------------------------------------------------------------------
Finished RTL Component Statistics 
---------------------------------------------------------------------------------
---------------------------------------------------------------------------------
Start Part Resource Summary
---------------------------------------------------------------------------------
Part Resources:
DSPs: 740 (col length:100)
BRAMs: 730 (col length: RAMB18 100 RAMB36 50)
---------------------------------------------------------------------------------
Finished Part Resource Summary
---------------------------------------------------------------------------------
---------------------------------------------------------------------------------
Start Cross Boundary and Area Optimization
---------------------------------------------------------------------------------
WARNING: [Synth 8-7080] Parallel synthesis criteria is not met
---------------------------------------------------------------------------------
Finished Cross Boundary and Area Optimization : Time (s): cpu = 00:00:10 ; elapsed = 00:00:18 . Memory (MB): peak = 1404.727 ; gain = 502.020
---------------------------------------------------------------------------------
---------------------------------------------------------------------------------
Start Applying XDC Timing Constraints
---------------------------------------------------------------------------------
---------------------------------------------------------------------------------
Finished Applying XDC Timing Constraints : Time (s): cpu = 00:00:14 ; elapsed = 00:00:25 . Memory (MB): peak = 1404.727 ; gain = 502.020
---------------------------------------------------------------------------------
---------------------------------------------------------------------------------
Start Timing Optimization
---------------------------------------------------------------------------------
---------------------------------------------------------------------------------
Finished Timing Optimization : Time (s): cpu = 00:00:14 ; elapsed = 00:00:25 . Memory (MB): peak = 1404.727 ; gain = 502.020
---------------------------------------------------------------------------------
---------------------------------------------------------------------------------
Start Technology Mapping
---------------------------------------------------------------------------------
---------------------------------------------------------------------------------
Finished Technology Mapping : Time (s): cpu = 00:00:14 ; elapsed = 00:00:25 . Memory (MB): peak = 1404.727 ; gain = 502.020
---------------------------------------------------------------------------------
---------------------------------------------------------------------------------
Start IO Insertion
---------------------------------------------------------------------------------
---------------------------------------------------------------------------------
Start Flattening Before IO Insertion
---------------------------------------------------------------------------------
---------------------------------------------------------------------------------
Finished Flattening Before IO Insertion
---------------------------------------------------------------------------------
---------------------------------------------------------------------------------
Start Final Netlist Cleanup
---------------------------------------------------------------------------------
---------------------------------------------------------------------------------
Finished Final Netlist Cleanup
---------------------------------------------------------------------------------
---------------------------------------------------------------------------------
Finished IO Insertion : Time (s): cpu = 00:00:16 ; elapsed = 00:00:30 . Memory (MB): peak = 1404.727 ; gain = 502.020
---------------------------------------------------------------------------------
---------------------------------------------------------------------------------
Start Renaming Generated Instances
---------------------------------------------------------------------------------
---------------------------------------------------------------------------------
Finished Renaming Generated Instances : Time (s): cpu = 00:00:16 ; elapsed = 00:00:30 . Memory (MB): peak = 1404.727 ; gain = 502.020
---------------------------------------------------------------------------------
---------------------------------------------------------------------------------
Start Rebuilding User Hierarchy
---------------------------------------------------------------------------------
---------------------------------------------------------------------------------
Finished Rebuilding User Hierarchy : Time (s): cpu = 00:00:16 ; elapsed = 00:00:30 . Memory (MB): peak = 1404.727 ; gain = 502.020
---------------------------------------------------------------------------------
---------------------------------------------------------------------------------
Start Renaming Generated Ports
---------------------------------------------------------------------------------
---------------------------------------------------------------------------------
Finished Renaming Generated Ports : Time (s): cpu = 00:00:16 ; elapsed = 00:00:30 . Memory (MB): peak = 1404.727 ; gain = 502.020
---------------------------------------------------------------------------------
---------------------------------------------------------------------------------
Start Handling Custom Attributes
---------------------------------------------------------------------------------
---------------------------------------------------------------------------------
Finished Handling Custom Attributes : Time (s): cpu = 00:00:16 ; elapsed = 00:00:30 . Memory (MB): peak = 1404.727 ; gain = 502.020
---------------------------------------------------------------------------------
---------------------------------------------------------------------------------
Start Renaming Generated Nets
---------------------------------------------------------------------------------
---------------------------------------------------------------------------------
Finished Renaming Generated Nets : Time (s): cpu = 00:00:16 ; elapsed = 00:00:30 . Memory (MB): peak = 1404.727 ; gain = 502.020
---------------------------------------------------------------------------------
---------------------------------------------------------------------------------
Start Writing Synthesis Report
---------------------------------------------------------------------------------

Report BlackBoxes: 
+-+--------------+----------+
| |BlackBox name |Instances |
+-+--------------+----------+
+-+--------------+----------+

Report Cell Usage: 
+------+----------+------+
|      |Cell      |Count |
+------+----------+------+
|1     |BUFG      |     4|
|2     |PLLE2_ADV |     1|
+------+----------+------+
---------------------------------------------------------------------------------
Finished Writing Synthesis Report : Time (s): cpu = 00:00:16 ; elapsed = 00:00:30 . Memory (MB): peak = 1404.727 ; gain = 502.020
---------------------------------------------------------------------------------
Synthesis finished with 0 errors, 0 critical warnings and 1 warnings.
Synthesis Optimization Runtime : Time (s): cpu = 00:00:10 ; elapsed = 00:00:28 . Memory (MB): peak = 1404.727 ; gain = 502.020
Synthesis Optimization Complete : Time (s): cpu = 00:00:16 ; elapsed = 00:00:30 . Memory (MB): peak = 1404.727 ; gain = 502.020
INFO: [Project 1-571] Translating synthesized netlist
Netlist sorting complete. Time (s): cpu = 00:00:00 ; elapsed = 00:00:00 . Memory (MB): peak = 1404.727 ; gain = 0.000
INFO: [Netlist 29-17] Analyzing 1 Unisim elements for replacement
INFO: [Netlist 29-28] Unisim Transformation completed in 0 CPU seconds
INFO: [Project 1-570] Preparing netlist for logic optimization
INFO: [Opt 31-138] Pushed 0 inverter(s) to 0 load pin(s).
Netlist sorting complete. Time (s): cpu = 00:00:00 ; elapsed = 00:00:00 . Memory (MB): peak = 1418.387 ; gain = 0.000
INFO: [Project 1-111] Unisim Transformation Summary:
No Unisim elements were transformed.

Synth Design complete | Checksum: ea1f4a6
INFO: [Common 17-83] Releasing license: Synthesis
27 Infos, 1 Warnings, 0 Critical Warnings and 0 Errors encountered.
synth_design completed successfully
synth_design: Time (s): cpu = 00:00:19 ; elapsed = 00:00:35 . Memory (MB): peak = 1418.387 ; gain = 952.918
INFO: [Common 17-1381] The checkpoint 'E:/Projects/Studying/LA/LA32R_GD/chiplab/fpga/loongson/2019.2/system_run.runs/clk_pll_33_synth_1/clk_pll_33.dcp' has been generated.
INFO: [Coretcl 2-1648] Added synthesis output to IP cache for IP clk_pll_33, cache-ID = b736b1fee9076322
INFO: [Common 17-1381] The checkpoint 'E:/Projects/Studying/LA/LA32R_GD/chiplab/fpga/loongson/2019.2/system_run.runs/clk_pll_33_synth_1/clk_pll_33.dcp' has been generated.
INFO: [runtcl-4] Executing : report_utilization -file clk_pll_33_utilization_synth.rpt -pb clk_pll_33_utilization_synth.pb
INFO: [Common 17-206] Exiting Vivado at Thu May 16 20:56:01 2024...
