Copyright 1986-2022 Xilinx, Inc. All Rights Reserved. Copyright 2022-2023 Advanced Micro Devices, Inc. All Rights Reserved.
---------------------------------------------------------------------------------------------------------------------------------------------
| Tool Version : Vivado v.2023.1 (lin64) Build 3865809 Sun May  7 15:04:56 MDT 2023
| Date         : Sun Dec 17 16:49:09 2023
| Host         : ysxAshore-Ubuntu running 64-bit Ubuntu 22.04.3 LTS
| Command      : report_control_sets -verbose -file soc_mini_top_control_sets_placed.rpt
| Design       : soc_mini_top
| Device       : xc7a200t
---------------------------------------------------------------------------------------------------------------------------------------------

Control Set Information

Table of Contents
-----------------
1. Summary
2. Histogram
3. Flip-Flop Distribution
4. Detailed Control Set Information

1. Summary
----------

+----------------------------------------------------------+-------+
|                          Status                          | Count |
+----------------------------------------------------------+-------+
| Total control sets                                       |     4 |
|    Minimum number of control sets                        |     4 |
|    Addition due to synthesis replication                 |     0 |
|    Addition due to physical synthesis replication        |     0 |
| Unused register locations in slices containing registers |     9 |
+----------------------------------------------------------+-------+
* Control sets can be merged at opt_design using control_set_merge or merge_equivalent_drivers
** Run report_qor_suggestions for automated merging and remapping suggestions


2. Histogram
------------

+--------------------+-------+
|       Fanout       | Count |
+--------------------+-------+
| Total control sets |     4 |
| >= 0 to < 4        |     0 |
| >= 4 to < 6        |     1 |
| >= 6 to < 8        |     0 |
| >= 8 to < 10       |     0 |
| >= 10 to < 12      |     0 |
| >= 12 to < 14      |     0 |
| >= 14 to < 16      |     0 |
| >= 16              |     3 |
+--------------------+-------+
* Control sets can be remapped at either synth_design or opt_design


3. Flip-Flop Distribution
-------------------------

+--------------+-----------------------+------------------------+-----------------+--------------+
| Clock Enable | Synchronous Set/Reset | Asynchronous Set/Reset | Total Registers | Total Slices |
+--------------+-----------------------+------------------------+-----------------+--------------+
| No           | No                    | No                     |               2 |            1 |
| No           | No                    | Yes                    |               0 |            0 |
| No           | Yes                   | No                     |               5 |            2 |
| Yes          | No                    | No                     |               0 |            0 |
| Yes          | No                    | Yes                    |               0 |            0 |
| Yes          | Yes                   | No                     |              16 |            6 |
+--------------+-----------------------+------------------------+-----------------+--------------+


4. Detailed Control Set Information
-----------------------------------

+---------------------------+---------------------+------------------+------------------+----------------+--------------+
|        Clock Signal       |    Enable Signal    | Set/Reset Signal | Slice Load Count | Bel Load Count | Bels / Slice |
+---------------------------+---------------------+------------------+------------------+----------------+--------------+
|  pll.clk_pll/inst/cpu_clk |                     | u_confreg/SR[0]  |                2 |              5 |         2.50 |
|  pll.clk_pll/inst/cpu_clk | cpu/E[0]            | u_confreg/SR[0]  |                6 |             16 |         2.67 |
|  pll.clk_pll/inst/cpu_clk |                     |                  |                9 |             34 |         3.78 |
|  pll.clk_pll/inst/cpu_clk | cpu/u_regfile/gr_we |                  |               11 |             88 |         8.00 |
+---------------------------+---------------------+------------------+------------------+----------------+--------------+


