INFO: [VRFC 10-2263] Analyzing Verilog file "/home/ysxashore/Data_DISK/Projects/Studying/LoongArch-Learn/CPU_design/cdp_ede_local/mycpu_env/soc_verify/soc_dram/rtl/xilinx_ip/clk_pll/clk_pll_clk_wiz.v" into library xil_defaultlib
INFO: [VRFC 10-311] analyzing module clk_pll_clk_wiz
INFO: [VRFC 10-2263] Analyzing Verilog file "/home/ysxashore/Data_DISK/Projects/Studying/LoongArch-Learn/CPU_design/cdp_ede_local/mycpu_env/soc_verify/soc_dram/rtl/xilinx_ip/clk_pll/clk_pll.v" into library xil_defaultlib
INFO: [VRFC 10-311] analyzing module clk_pll
INFO: [VRFC 10-2263] Analyzing Verilog file "/home/ysxashore/Data_DISK/Projects/Studying/LoongArch-Learn/CPU_design/cdp_ede_local/mycpu_env/soc_verify/soc_dram/rtl/xilinx_ip/data_ram/sim/data_ram.v" into library xil_defaultlib
INFO: [VRFC 10-311] analyzing module data_ram
INFO: [VRFC 10-2263] Analyzing Verilog file "/home/ysxashore/Data_DISK/Projects/Studying/LoongArch-Learn/CPU_design/cdp_ede_local/mycpu_env/soc_verify/soc_dram/run_vivado/project/loongson.gen/sources_1/ip/instRom_1/sim/instRom.v" into library xil_defaultlib
INFO: [VRFC 10-311] analyzing module instRom
INFO: [VRFC 10-2263] Analyzing Verilog file "/home/ysxashore/Data_DISK/Projects/Studying/LoongArch-Learn/CPU_design/cdp_ede_local/mycpu_env/myCPU/alu.v" into library xil_defaultlib
INFO: [VRFC 10-311] analyzing module alu
INFO: [VRFC 10-2263] Analyzing Verilog file "/home/ysxashore/Data_DISK/Projects/Studying/LoongArch-Learn/CPU_design/cdp_ede_local/mycpu_env/soc_verify/soc_dram/rtl/BRIDGE/bridge_1x2.v" into library xil_defaultlib
INFO: [VRFC 10-311] analyzing module bridge_1x2
INFO: [VRFC 10-2263] Analyzing Verilog file "/home/ysxashore/Data_DISK/Projects/Studying/LoongArch-Learn/CPU_design/cdp_ede_local/mycpu_env/soc_verify/soc_dram/rtl/CONFREG/confreg.v" into library xil_defaultlib
INFO: [VRFC 10-311] analyzing module confreg
INFO: [VRFC 10-2263] Analyzing Verilog file "/home/ysxashore/Data_DISK/Projects/Studying/LoongArch-Learn/CPU_design/cdp_ede_local/mycpu_env/soc_verify/soc_dram/run_vivado/project/loongson.srcs/sources_1/new/div.v" into library xil_defaultlib
INFO: [VRFC 10-311] analyzing module div
INFO: [VRFC 10-2263] Analyzing Verilog file "/home/ysxashore/Data_DISK/Projects/Studying/LoongArch-Learn/CPU_design/cdp_ede_local/mycpu_env/soc_verify/soc_dram/run_vivado/project/loongson.srcs/sources_1/new/mul.v" into library xil_defaultlib
INFO: [VRFC 10-311] analyzing module YDecoder
INFO: [VRFC 10-311] analyzing module BoothBase
INFO: [VRFC 10-311] analyzing module BoothInterBase
INFO: [VRFC 10-311] analyzing module add64
INFO: [VRFC 10-311] analyzing module mul
INFO: [VRFC 10-2263] Analyzing Verilog file "/home/ysxashore/Data_DISK/Projects/Studying/LoongArch-Learn/CPU_design/cdp_ede_local/mycpu_env/myCPU/mycpu_top.v" into library xil_defaultlib
INFO: [VRFC 10-311] analyzing module mycpu_top
INFO: [VRFC 10-2263] Analyzing Verilog file "/home/ysxashore/Data_DISK/Projects/Studying/LoongArch-Learn/CPU_design/cdp_ede_local/mycpu_env/myCPU/regfile.v" into library xil_defaultlib
INFO: [VRFC 10-311] analyzing module regfile
INFO: [VRFC 10-2263] Analyzing Verilog file "/home/ysxashore/Data_DISK/Projects/Studying/LoongArch-Learn/CPU_design/cdp_ede_local/mycpu_env/soc_verify/soc_dram/rtl/soc_lite_top.v" into library xil_defaultlib
INFO: [VRFC 10-311] analyzing module soc_lite_top
INFO: [VRFC 10-2263] Analyzing Verilog file "/home/ysxashore/Data_DISK/Projects/Studying/LoongArch-Learn/CPU_design/cdp_ede_local/mycpu_env/myCPU/tools.v" into library xil_defaultlib
INFO: [VRFC 10-311] analyzing module decoder_2_4
INFO: [VRFC 10-311] analyzing module decoder_4_16
INFO: [VRFC 10-311] analyzing module decoder_5_32
INFO: [VRFC 10-311] analyzing module decoder_6_64
INFO: [VRFC 10-2263] Analyzing Verilog file "/home/ysxashore/Data_DISK/Projects/Studying/LoongArch-Learn/CPU_design/cdp_ede_local/mycpu_env/soc_verify/soc_dram/testbench/mycpu_tb.v" into library xil_defaultlib
INFO: [VRFC 10-311] analyzing module tb_top_my
WARNING: [VRFC 10-2096] empty statement in sequential block [/home/ysxashore/Data_DISK/Projects/Studying/LoongArch-Learn/CPU_design/cdp_ede_local/mycpu_env/soc_verify/soc_dram/testbench/mycpu_tb.v:234]
