Time resolution is 1 ps
==============================================================
Test begin!
        [  22000 ns] Test is running, debug_wb_pc = 0x1c04c178
        [  32000 ns] Test is running, debug_wb_pc = 0x1c04d118
        [  42000 ns] Test is running, debug_wb_pc = 0x1c061b04
        [  52000 ns] Test is running, debug_wb_pc = 0x1c062aa4
        [  62000 ns] Test is running, debug_wb_pc = 0x1c072748
        [  72000 ns] Test is running, debug_wb_pc = 0x1c0736e8
        [  82000 ns] Test is running, debug_wb_pc = 0x1c074624
        [  92000 ns] Test is running, debug_wb_pc = 0x1c0755c4
        [ 102000 ns] Test is running, debug_wb_pc = 0x1c076564
        [ 112000 ns] Test is running, debug_wb_pc = 0x1c0774a0
        [ 122000 ns] Test is running, debug_wb_pc = 0x1c078440
        [ 132000 ns] Test is running, debug_wb_pc = 0x1c07937c
        [ 142000 ns] Test is running, debug_wb_pc = 0x1c07a31c
        [ 152000 ns] Test is running, debug_wb_pc = 0x1c07b2bc
        [ 162000 ns] Test is running, debug_wb_pc = 0x1c07c1f8
        [ 172000 ns] Test is running, debug_wb_pc = 0x1c07d198
        [ 182000 ns] Test is running, debug_wb_pc = 0x1c07e0d4
        [ 192000 ns] Test is running, debug_wb_pc = 0x1c07f074
        [ 202000 ns] Test is running, debug_wb_pc = 0x1c0107c0
        [ 212000 ns] Test is running, debug_wb_pc = 0x1c011760
        [ 222000 ns] Test is running, debug_wb_pc = 0x1c012700
        [ 232000 ns] Test is running, debug_wb_pc = 0x1c01363c
        [ 242000 ns] Test is running, debug_wb_pc = 0x1c0145dc
        [ 252000 ns] Test is running, debug_wb_pc = 0x1c015518
        [ 262000 ns] Test is running, debug_wb_pc = 0x1c0164b8
        [ 272000 ns] Test is running, debug_wb_pc = 0x1c0173f4
        [ 282000 ns] Test is running, debug_wb_pc = 0x1c010238
        [ 292000 ns] Test is running, debug_wb_pc = 0x1c01b5b8
        [ 302000 ns] Test is running, debug_wb_pc = 0x1c01c850
        [ 312000 ns] Test is running, debug_wb_pc = 0x1c01d7c8
        [ 322000 ns] Test is running, debug_wb_pc = 0x1c01e6dc
        [ 332000 ns] Test is running, debug_wb_pc = 0x1c01f6cc
        [ 342000 ns] Test is running, debug_wb_pc = 0x1c020970
        [ 352000 ns] Test is running, debug_wb_pc = 0x1c021aec
        [ 362000 ns] Test is running, debug_wb_pc = 0x1c022a10
        [ 372000 ns] Test is running, debug_wb_pc = 0x1c0238fc
        [ 382000 ns] Test is running, debug_wb_pc = 0x1c0249fc
        [ 392000 ns] Test is running, debug_wb_pc = 0x1c025c98
        [ 402000 ns] Test is running, debug_wb_pc = 0x1c026dac
        [ 412000 ns] Test is running, debug_wb_pc = 0x1c027c94
        [ 422000 ns] Test is running, debug_wb_pc = 0x1c028bb8
        [ 432000 ns] Test is running, debug_wb_pc = 0x1c029a74
        [ 442000 ns] Test is running, debug_wb_pc = 0x1c02a998
        [ 452000 ns] Test is running, debug_wb_pc = 0x1c02b8a0
        [ 462000 ns] Test is running, debug_wb_pc = 0x1c02c7c4
        [ 472000 ns] Test is running, debug_wb_pc = 0x1c02d6e8
        [ 482000 ns] Test is running, debug_wb_pc = 0x1c02e5f0
        [ 492000 ns] Test is running, debug_wb_pc = 0x1c02f41c
        [ 502000 ns] Test is running, debug_wb_pc = 0x1c0302a0
        [ 512000 ns] Test is running, debug_wb_pc = 0x1c031120
        [ 522000 ns] Test is running, debug_wb_pc = 0x1c031fac
        [ 532000 ns] Test is running, debug_wb_pc = 0x1c032e28
        [ 542000 ns] Test is running, debug_wb_pc = 0x1c034bc4
        [ 552000 ns] Test is running, debug_wb_pc = 0x1c035ab0
        [ 562000 ns] Test is running, debug_wb_pc = 0x1c03698c
        [ 572000 ns] Test is running, debug_wb_pc = 0x1c037884
        [ 582000 ns] Test is running, debug_wb_pc = 0x1c038764
        [ 592000 ns] Test is running, debug_wb_pc = 0x1c03c08c
        [ 602000 ns] Test is running, debug_wb_pc = 0x1c010100
        [ 612000 ns] Test is running, debug_wb_pc = 0x1c03df68
        [ 622000 ns] Test is running, debug_wb_pc = 0x1c03eea4
        [ 632000 ns] Test is running, debug_wb_pc = 0x1c03fe44
        [ 642000 ns] Test is running, debug_wb_pc = 0x1c040d80
        [ 652000 ns] Test is running, debug_wb_pc = 0x1c041d20
        [ 662000 ns] Test is running, debug_wb_pc = 0x1c042c5c
        [ 672000 ns] Test is running, debug_wb_pc = 0x1c043bfc
        [ 682000 ns] Test is running, debug_wb_pc = 0x1c044b38
        [ 692000 ns] Test is running, debug_wb_pc = 0x1c045ad8
        [ 702000 ns] Test is running, debug_wb_pc = 0x1c046a14
        [ 712000 ns] Test is running, debug_wb_pc = 0x1c0479b4
        [ 722000 ns] Test is running, debug_wb_pc = 0x1c048954
        [ 732000 ns] Test is running, debug_wb_pc = 0x1c049890
        [ 742000 ns] Test is running, debug_wb_pc = 0x1c04a830
        [ 752000 ns] Test is running, debug_wb_pc = 0x1c04d908
        [ 762000 ns] Test is running, debug_wb_pc = 0x1c04dbc4
        [ 772000 ns] Test is running, debug_wb_pc = 0x1c04de64
        [ 782000 ns] Test is running, debug_wb_pc = 0x1c04e104
        [ 792000 ns] Test is running, debug_wb_pc = 0x1c04e3bc
        [ 802000 ns] Test is running, debug_wb_pc = 0x1c04e660
        [ 812000 ns] Test is running, debug_wb_pc = 0x1c04e910
        [ 822000 ns] Test is running, debug_wb_pc = 0x1c04ebb0
        [ 832000 ns] Test is running, debug_wb_pc = 0x1c04ee68
        [ 842000 ns] Test is running, debug_wb_pc = 0x1c04f104
        [ 852000 ns] Test is running, debug_wb_pc = 0x1c04f3b0
        [ 862000 ns] Test is running, debug_wb_pc = 0x1c04f660
        [ 872000 ns] Test is running, debug_wb_pc = 0x1c04f8e8
        [ 882000 ns] Test is running, debug_wb_pc = 0x1c050828
        [ 892000 ns] Test is running, debug_wb_pc = 0x1c051764
        [ 902000 ns] Test is running, debug_wb_pc = 0x1c0526a0
        [ 912000 ns] Test is running, debug_wb_pc = 0x1c0531d4
        [ 922000 ns] Test is running, debug_wb_pc = 0x1c0534d4
        [ 932000 ns] Test is running, debug_wb_pc = 0x1c0537d4
        [ 942000 ns] Test is running, debug_wb_pc = 0x1c053ac4
        [ 952000 ns] Test is running, debug_wb_pc = 0x1c053db0
        [ 962000 ns] Test is running, debug_wb_pc = 0x1c0540ac
        [ 972000 ns] Test is running, debug_wb_pc = 0x1c05439c
        [ 982000 ns] Test is running, debug_wb_pc = 0x1c05469c
        [ 992000 ns] Test is running, debug_wb_pc = 0x1c054998
        [1002000 ns] Test is running, debug_wb_pc = 0x1c054c90
        [1012000 ns] Test is running, debug_wb_pc = 0x1c054f90
        [1022000 ns] Test is running, debug_wb_pc = 0x1c055274
        [1032000 ns] Test is running, debug_wb_pc = 0x1c055570
        [1042000 ns] Test is running, debug_wb_pc = 0x1c05dd20
        [1052000 ns] Test is running, debug_wb_pc = 0x1c05ee10
        [1062000 ns] Test is running, debug_wb_pc = 0x1c05feb0
        [1072000 ns] Test is running, debug_wb_pc = 0x1c060f5c
        [1082000 ns] Test is running, debug_wb_pc = 0x1c063c38
        [1092000 ns] Test is running, debug_wb_pc = 0x1c064d1c
        [1102000 ns] Test is running, debug_wb_pc = 0x1c065e50
        [1112000 ns] Test is running, debug_wb_pc = 0x1c068b90
==============================================================
Test end!
----PASS!!!
$finish called at time : 1114595 ns : File "/home/ysxashore/Data_DISK/Projects/Studying/LoongArch-Learn/CPU_design/cdp_ede_local_LA_readygo/mycpu_env/soc_verify/soc_bram/testbench/mycpu_tb.v" Line 270
INFO: xsimkernel Simulation Memory Usage: 118424 KB (Peak: 167944 KB), Simulation CPU Usage: 519170 ms
