Vivado Simulator v2023.1
Copyright 1986-2022 Xilinx, Inc. All Rights Reserved.
Copyright 2022-2023 Advanced Micro Devices, Inc. All Rights Reserved.
Running: E:/Softwares/Vitis/Vivado/2023.1/bin/unwrapped/win64.o/xelab.exe --incr --debug typical --relax --mt 2 -L xil_defaultlib -L uvm -L unisims_ver -L unimacro_ver -L secureip --snapshot tb_top_behav xil_defaultlib.tb_top xil_defaultlib.glbl -log elaborate.log 
Using 2 slave threads.
Starting static elaboration
Pass Through NonSizing Optimizer
WARNING: [VRFC 10-3597] non-void function 'randomize' called as a task without void casting [../../../../../../../../../../Download/XS-Verilog-Library-main/XS-Verilog-Library-main/int_div_radix_4_v1/tb/tb_stim_unsigned.svh:171]
WARNING: [VRFC 10-3597] non-void function 'randomize' called as a task without void casting [../../../../../../../../../../Download/XS-Verilog-Library-main/XS-Verilog-Library-main/int_div_radix_4_v1/tb/tb_stim_unsigned.svh:174]
WARNING: [VRFC 10-3597] non-void function 'randomize' called as a task without void casting [../../../../../../../../../../Download/XS-Verilog-Library-main/XS-Verilog-Library-main/int_div_radix_4_v1/tb/tb_stim_unsigned.svh:178]
WARNING: [VRFC 10-3597] non-void function 'randomize' called as a task without void casting [../../../../../../../../../../Download/XS-Verilog-Library-main/XS-Verilog-Library-main/int_div_radix_4_v1/tb/tb_stim_unsigned.svh:181]
WARNING: [VRFC 10-3597] non-void function 'randomize' called as a task without void casting [../../../../../../../../../../Download/XS-Verilog-Library-main/XS-Verilog-Library-main/int_div_radix_4_v1/tb/tb_stim_unsigned.svh:185]
WARNING: [VRFC 10-3597] non-void function 'randomize' called as a task without void casting [../../../../../../../../../../Download/XS-Verilog-Library-main/XS-Verilog-Library-main/int_div_radix_4_v1/tb/tb_stim_unsigned.svh:188]
WARNING: [VRFC 10-3597] non-void function 'randomize' called as a task without void casting [../../../../../../../../../../Download/XS-Verilog-Library-main/XS-Verilog-Library-main/int_div_radix_4_v1/tb/tb_stim_signed.svh:115]
WARNING: [VRFC 10-3597] non-void function 'randomize' called as a task without void casting [../../../../../../../../../../Download/XS-Verilog-Library-main/XS-Verilog-Library-main/int_div_radix_4_v1/tb/tb_stim_signed.svh:118]
WARNING: [VRFC 10-3597] non-void function 'randomize' called as a task without void casting [../../../../../../../../../../Download/XS-Verilog-Library-main/XS-Verilog-Library-main/int_div_radix_4_v1/tb/tb_stim_signed.svh:122]
WARNING: [VRFC 10-3597] non-void function 'randomize' called as a task without void casting [../../../../../../../../../../Download/XS-Verilog-Library-main/XS-Verilog-Library-main/int_div_radix_4_v1/tb/tb_stim_signed.svh:125]
WARNING: [VRFC 10-3597] non-void function 'randomize' called as a task without void casting [../../../../../../../../../../Download/XS-Verilog-Library-main/XS-Verilog-Library-main/int_div_radix_4_v1/tb/tb_stim_signed.svh:129]
WARNING: [VRFC 10-3597] non-void function 'randomize' called as a task without void casting [../../../../../../../../../../Download/XS-Verilog-Library-main/XS-Verilog-Library-main/int_div_radix_4_v1/tb/tb_stim_signed.svh:132]
Completed static elaboration
Starting simulation data flow analysis
WARNING: [XSIM 43-4099] "E:/Download/XS-Verilog-Library-main/XS-Verilog-Library-main/int_div_radix_4_v1/rtl/int_div_radix_4_v1.sv" Line 45. Module int_div_radix_4_v1_default doesn't have a timescale but at least one module in design has a timescale.
WARNING: [XSIM 43-4099] "E:/Download/XS-Verilog-Library-main/XS-Verilog-Library-main/int_div_radix_4_v1/rtl/lzc.sv" Line 25. Module lzc(WIDTH=32'b0100000) doesn't have a timescale but at least one module in design has a timescale.
WARNING: [XSIM 43-4099] "E:/Download/XS-Verilog-Library-main/XS-Verilog-Library-main/int_div_radix_4_v1/rtl/lzc.sv" Line 25. Module lzc(WIDTH=32'b0100000) doesn't have a timescale but at least one module in design has a timescale.
WARNING: [XSIM 43-4099] "E:/Download/XS-Verilog-Library-main/XS-Verilog-Library-main/int_div_radix_4_v1/rtl/radix_4_qds_v1.sv" Line 43. Module radix_4_qds_v1_default doesn't have a timescale but at least one module in design has a timescale.
WARNING: [XSIM 43-4099] "E:/Download/XS-Verilog-Library-main/XS-Verilog-Library-main/int_div_radix_4_v1/rtl/radix_4_sign_detector.sv" Line 43. Module radix_4_sign_detector doesn't have a timescale but at least one module in design has a timescale.
WARNING: [XSIM 43-4099] "E:/Download/XS-Verilog-Library-main/XS-Verilog-Library-main/int_div_radix_4_v1/rtl/radix_4_sign_detector.sv" Line 43. Module radix_4_sign_detector doesn't have a timescale but at least one module in design has a timescale.
WARNING: [XSIM 43-4099] "E:/Download/XS-Verilog-Library-main/XS-Verilog-Library-main/int_div_radix_4_v1/rtl/radix_4_sign_detector.sv" Line 43. Module radix_4_sign_detector doesn't have a timescale but at least one module in design has a timescale.
WARNING: [XSIM 43-4099] "E:/Download/XS-Verilog-Library-main/XS-Verilog-Library-main/int_div_radix_4_v1/rtl/radix_4_sign_detector.sv" Line 43. Module radix_4_sign_detector doesn't have a timescale but at least one module in design has a timescale.
WARNING: [XSIM 43-4099] "E:/Download/XS-Verilog-Library-main/XS-Verilog-Library-main/int_div_radix_4_v1/rtl/radix_4_sign_coder.sv" Line 43. Module radix_4_sign_coder doesn't have a timescale but at least one module in design has a timescale.
WARNING: [XSIM 43-4099] "E:/Download/XS-Verilog-Library-main/XS-Verilog-Library-main/int_div_radix_4_v1/rtl/compressor_3_2.sv" Line 43. Module compressor_3_2(WIDTH=36) doesn't have a timescale but at least one module in design has a timescale.
WARNING: [XSIM 43-4099] "E:/Download/XS-Verilog-Library-main/XS-Verilog-Library-main/int_div_radix_4_v1/rtl/int_div_radix_4_v1.sv" Line 45. Module int_div_radix_4_v1_default doesn't have a timescale but at least one module in design has a timescale.
WARNING: [XSIM 43-4099] "E:/Download/XS-Verilog-Library-main/XS-Verilog-Library-main/int_div_radix_4_v1/rtl/lzc.sv" Line 25. Module lzc(WIDTH=32'b0100000) doesn't have a timescale but at least one module in design has a timescale.
WARNING: [XSIM 43-4099] "E:/Download/XS-Verilog-Library-main/XS-Verilog-Library-main/int_div_radix_4_v1/rtl/lzc.sv" Line 25. Module lzc(WIDTH=32'b0100000) doesn't have a timescale but at least one module in design has a timescale.
WARNING: [XSIM 43-4099] "E:/Download/XS-Verilog-Library-main/XS-Verilog-Library-main/int_div_radix_4_v1/rtl/radix_4_qds_v1.sv" Line 43. Module radix_4_qds_v1_default doesn't have a timescale but at least one module in design has a timescale.
WARNING: [XSIM 43-4099] "E:/Download/XS-Verilog-Library-main/XS-Verilog-Library-main/int_div_radix_4_v1/rtl/radix_4_sign_detector.sv" Line 43. Module radix_4_sign_detector doesn't have a timescale but at least one module in design has a timescale.
WARNING: [XSIM 43-4099] "E:/Download/XS-Verilog-Library-main/XS-Verilog-Library-main/int_div_radix_4_v1/rtl/radix_4_sign_detector.sv" Line 43. Module radix_4_sign_detector doesn't have a timescale but at least one module in design has a timescale.
WARNING: [XSIM 43-4099] "E:/Download/XS-Verilog-Library-main/XS-Verilog-Library-main/int_div_radix_4_v1/rtl/radix_4_sign_detector.sv" Line 43. Module radix_4_sign_detector doesn't have a timescale but at least one module in design has a timescale.
WARNING: [XSIM 43-4099] "E:/Download/XS-Verilog-Library-main/XS-Verilog-Library-main/int_div_radix_4_v1/rtl/radix_4_sign_detector.sv" Line 43. Module radix_4_sign_detector doesn't have a timescale but at least one module in design has a timescale.
WARNING: [XSIM 43-4099] "E:/Download/XS-Verilog-Library-main/XS-Verilog-Library-main/int_div_radix_4_v1/rtl/radix_4_sign_coder.sv" Line 43. Module radix_4_sign_coder doesn't have a timescale but at least one module in design has a timescale.
WARNING: [XSIM 43-4099] "E:/Download/XS-Verilog-Library-main/XS-Verilog-Library-main/int_div_radix_4_v1/rtl/compressor_3_2.sv" Line 43. Module compressor_3_2(WIDTH=36) doesn't have a timescale but at least one module in design has a timescale.
Completed simulation data flow analysis
Time Resolution for simulation is 1ps
Compiling package std.std
Compiling module xil_defaultlib.lzc(WIDTH=32'b0100000)
Compiling module xil_defaultlib.radix_4_sign_detector
Compiling module xil_defaultlib.radix_4_sign_coder
Compiling module xil_defaultlib.radix_4_qds_v1_default
Compiling module xil_defaultlib.compressor_3_2(WIDTH=36)
Compiling module xil_defaultlib.int_div_radix_4_v1_default
Compiling module xil_defaultlib.tb_top
Compiling module xil_defaultlib.glbl
Built simulation snapshot tb_top_behav
