Vivado Simulator v2023.1
Copyright 1986-2022 Xilinx, Inc. All Rights Reserved.
Copyright 2022-2023 Advanced Micro Devices, Inc. All Rights Reserved.
Running: /home/ysxashore/App/Xilinx/Vivado/2023.1/bin/unwrapped/lnx64.o/xelab --incr --debug typical --relax --mt 8 -L xil_defaultlib -L dist_mem_gen_v8_0_13 -L blk_mem_gen_v8_4_6 -L unisims_ver -L unimacro_ver -L secureip -L xpm --snapshot tb_top_my_behav xil_defaultlib.tb_top_my xil_defaultlib.glbl -log elaborate.log 
Using 8 slave threads.
Starting static elaboration
Pass Through NonSizing Optimizer
WARNING: [VRFC 10-3091] actual bit length 18 differs from formal bit length 10 for port 'a' [/home/ysxashore/Data_DISK/Projects/Studying/LoongArch-Learn/CPU_design/cdp_ede_local/mycpu_env/soc_verify/soc_dram/rtl/soc_lite_top.v:196]
Completed static elaboration
Starting simulation data flow analysis
Completed simulation data flow analysis
Time Resolution for simulation is 1ps
Compiling module xil_defaultlib.decoder_6_64
Compiling module xil_defaultlib.decoder_4_16
Compiling module xil_defaultlib.decoder_2_4
Compiling module xil_defaultlib.decoder_5_32
Compiling module xil_defaultlib.regfile
Compiling module xil_defaultlib.YDecoder
Compiling module xil_defaultlib.BoothBase
Compiling module xil_defaultlib.BoothInterBase_default
Compiling module xil_defaultlib.add64
Compiling module xil_defaultlib.mul_default
Compiling module xil_defaultlib.div
Compiling module xil_defaultlib.alu
Compiling module xil_defaultlib.mycpu_top
Compiling module blk_mem_gen_v8_4_6.blk_mem_gen_v8_4_6_output_stage(...
Compiling module blk_mem_gen_v8_4_6.blk_mem_gen_v8_4_6_softecc_outpu...
Compiling module blk_mem_gen_v8_4_6.blk_mem_gen_v8_4_6_mem_module(C_...
Compiling module blk_mem_gen_v8_4_6.blk_mem_gen_v8_4_6(C_FAMILY="art...
Compiling module xil_defaultlib.instRom
Compiling module xil_defaultlib.bridge_1x2
Compiling module dist_mem_gen_v8_0_13.dist_mem_gen_v8_0_13(C_FAMILY="a...
Compiling module xil_defaultlib.data_ram
Compiling module xil_defaultlib.confreg(SIMULATION=1'b1)
Compiling module xil_defaultlib.soc_lite_top(SIMULATION=1'b1)
Compiling module xil_defaultlib.tb_top_my
Compiling module xil_defaultlib.glbl
Built simulation snapshot tb_top_my_behav
