
*** Running vivado
    with args -log axi_ram.vds -m64 -product Vivado -mode batch -messageDb vivado.pb -notrace -source axi_ram.tcl


ECHO 뇹黨밑균榴檄。
ECHO 뇹黨밑균榴檄。

****** Vivado v2023.1 (64-bit)
  **** SW Build 3865809 on Sun May  7 15:05:29 MDT 2023
  **** IP Build 3864474 on Sun May  7 20:36:21 MDT 2023
  **** SharedData Build 3865790 on Sun May 07 13:33:03 MDT 2023
    ** Copyright 1986-2022 Xilinx, Inc. All Rights Reserved.
    ** Copyright 2022-2023 Advanced Micro Devices, Inc. All Rights Reserved.

source axi_ram.tcl -notrace
create_project: Time (s): cpu = 00:00:05 ; elapsed = 00:00:05 . Memory (MB): peak = 430.980 ; gain = 162.566
INFO: [IP_Flow 19-6924] IPCACHE: Running cache check for IP inst: axi_ram
INFO: [IP_Flow 19-6922] IPCACHE: Exporting cached entry 2d7d54b57f056705 to dir: E:/Projects/Studying/LoongArch-Learn/CPU_design/cdp_ede_local_LA_readygo/mycpu_env/soc_verify/soc_axi/run_vivado/project/loongson.runs/axi_ram_synth_1
INFO: [IP_Flow 19-6928] IPCACHE: copied cached file e:/Projects/Studying/LoongArch-Learn/CPU_design/cdp_ede_local_LA_readygo/mycpu_env/soc_verify/soc_axi/run_vivado/project/loongson.cache/ip/2023.1/2/d/2d7d54b57f056705/axi_ram.dcp to E:/Projects/Studying/LoongArch-Learn/CPU_design/cdp_ede_local_LA_readygo/mycpu_env/soc_verify/soc_axi/run_vivado/project/loongson.runs/axi_ram_synth_1/axi_ram.dcp.
INFO: [IP_Flow 19-6928] IPCACHE: copied cached file e:/Projects/Studying/LoongArch-Learn/CPU_design/cdp_ede_local_LA_readygo/mycpu_env/soc_verify/soc_axi/run_vivado/project/loongson.cache/ip/2023.1/2/d/2d7d54b57f056705/axi_ram_sim_netlist.v to E:/Projects/Studying/LoongArch-Learn/CPU_design/cdp_ede_local_LA_readygo/mycpu_env/soc_verify/soc_axi/run_vivado/project/loongson.runs/axi_ram_synth_1/axi_ram_sim_netlist.v.
INFO: [IP_Flow 19-6928] IPCACHE: copied cached file e:/Projects/Studying/LoongArch-Learn/CPU_design/cdp_ede_local_LA_readygo/mycpu_env/soc_verify/soc_axi/run_vivado/project/loongson.cache/ip/2023.1/2/d/2d7d54b57f056705/axi_ram_sim_netlist.vhdl to E:/Projects/Studying/LoongArch-Learn/CPU_design/cdp_ede_local_LA_readygo/mycpu_env/soc_verify/soc_axi/run_vivado/project/loongson.runs/axi_ram_synth_1/axi_ram_sim_netlist.vhdl.
INFO: [IP_Flow 19-6928] IPCACHE: copied cached file e:/Projects/Studying/LoongArch-Learn/CPU_design/cdp_ede_local_LA_readygo/mycpu_env/soc_verify/soc_axi/run_vivado/project/loongson.cache/ip/2023.1/2/d/2d7d54b57f056705/axi_ram_stub.v to E:/Projects/Studying/LoongArch-Learn/CPU_design/cdp_ede_local_LA_readygo/mycpu_env/soc_verify/soc_axi/run_vivado/project/loongson.runs/axi_ram_synth_1/axi_ram_stub.v.
INFO: [IP_Flow 19-6928] IPCACHE: copied cached file e:/Projects/Studying/LoongArch-Learn/CPU_design/cdp_ede_local_LA_readygo/mycpu_env/soc_verify/soc_axi/run_vivado/project/loongson.cache/ip/2023.1/2/d/2d7d54b57f056705/axi_ram_stub.vhdl to E:/Projects/Studying/LoongArch-Learn/CPU_design/cdp_ede_local_LA_readygo/mycpu_env/soc_verify/soc_axi/run_vivado/project/loongson.runs/axi_ram_synth_1/axi_ram_stub.vhdl.
INFO: [IP_Flow 19-4838] Using cached IP synthesis design for IP axi_ram, cache-ID = 2d7d54b57f056705.
INFO: [Common 17-206] Exiting Vivado at Fri Mar 15 09:26:38 2024...
