Time resolution is 1 ps
 Block Memory Generator module loading initial data...
 Block Memory Generator data initialization complete.
Block Memory Generator module tb_top.soc_lite.inst_ram.inst.\native_mem_module.blk_mem_gen_v8_4_6_inst  is using a behavioral model for simulation which will not precisely model memory collision behavior.
Block Memory Generator module tb_top.soc_lite.data_ram.inst.\native_mem_module.blk_mem_gen_v8_4_6_inst  is using a behavioral model for simulation which will not precisely model memory collision behavior.
==============================================================
Test begin!
        [  22000 ns] Test is running, debug_wb_pc = 0x1c021990
        [  32000 ns] Test is running, debug_wb_pc = 0x1c021990
        [  42000 ns] Test is running, debug_wb_pc = 0x1c021990
        [  52000 ns] Test is running, debug_wb_pc = 0x1c021990
        [  62000 ns] Test is running, debug_wb_pc = 0x1c021990
        [  72000 ns] Test is running, debug_wb_pc = 0x1c021990
        [  82000 ns] Test is running, debug_wb_pc = 0x1c021990
        [  92000 ns] Test is running, debug_wb_pc = 0x1c021990
        [ 102000 ns] Test is running, debug_wb_pc = 0x1c021990
        [ 112000 ns] Test is running, debug_wb_pc = 0x1c021990
        [ 122000 ns] Test is running, debug_wb_pc = 0x1c021990
        [ 132000 ns] Test is running, debug_wb_pc = 0x1c021990
        [ 142000 ns] Test is running, debug_wb_pc = 0x1c021990
        [ 152000 ns] Test is running, debug_wb_pc = 0x1c021990
        [ 162000 ns] Test is running, debug_wb_pc = 0x1c021990
        [ 172000 ns] Test is running, debug_wb_pc = 0x1c021990
        [ 182000 ns] Test is running, debug_wb_pc = 0x1c021990
        [ 192000 ns] Test is running, debug_wb_pc = 0x1c021990
        [ 202000 ns] Test is running, debug_wb_pc = 0x1c021990
        [ 212000 ns] Test is running, debug_wb_pc = 0x1c021990
        [ 222000 ns] Test is running, debug_wb_pc = 0x1c021990
        [ 232000 ns] Test is running, debug_wb_pc = 0x1c021990
        [ 242000 ns] Test is running, debug_wb_pc = 0x1c021990
        [ 252000 ns] Test is running, debug_wb_pc = 0x1c021990
        [ 262000 ns] Test is running, debug_wb_pc = 0x1c021990
        [ 272000 ns] Test is running, debug_wb_pc = 0x1c021990
        [ 282000 ns] Test is running, debug_wb_pc = 0x1c021990
        [ 292000 ns] Test is running, debug_wb_pc = 0x1c021990
        [ 302000 ns] Test is running, debug_wb_pc = 0x1c021990
        [ 312000 ns] Test is running, debug_wb_pc = 0x1c021990
        [ 322000 ns] Test is running, debug_wb_pc = 0x1c021990
        [ 332000 ns] Test is running, debug_wb_pc = 0x1c021990
        [ 342000 ns] Test is running, debug_wb_pc = 0x1c021990
        [ 352000 ns] Test is running, debug_wb_pc = 0x1c021990
        [ 362000 ns] Test is running, debug_wb_pc = 0x1c021990
        [ 372000 ns] Test is running, debug_wb_pc = 0x1c021990
        [ 382000 ns] Test is running, debug_wb_pc = 0x1c021990
        [ 392000 ns] Test is running, debug_wb_pc = 0x1c021990
        [ 402000 ns] Test is running, debug_wb_pc = 0x1c021990
        [ 412000 ns] Test is running, debug_wb_pc = 0x1c021990
        [ 422000 ns] Test is running, debug_wb_pc = 0x1c021990
        [ 432000 ns] Test is running, debug_wb_pc = 0x1c021990
        [ 442000 ns] Test is running, debug_wb_pc = 0x1c021990
        [ 452000 ns] Test is running, debug_wb_pc = 0x1c021990
        [ 462000 ns] Test is running, debug_wb_pc = 0x1c021990
        [ 472000 ns] Test is running, debug_wb_pc = 0x1c021990
        [ 482000 ns] Test is running, debug_wb_pc = 0x1c021990
        [ 492000 ns] Test is running, debug_wb_pc = 0x1c021990
        [ 502000 ns] Test is running, debug_wb_pc = 0x1c021990
        [ 512000 ns] Test is running, debug_wb_pc = 0x1c021990
        [ 522000 ns] Test is running, debug_wb_pc = 0x1c021990
        [ 532000 ns] Test is running, debug_wb_pc = 0x1c021990
        [ 542000 ns] Test is running, debug_wb_pc = 0x1c021990
        [ 552000 ns] Test is running, debug_wb_pc = 0x1c021990
        [ 562000 ns] Test is running, debug_wb_pc = 0x1c021990
        [ 572000 ns] Test is running, debug_wb_pc = 0x1c021990
        [ 582000 ns] Test is running, debug_wb_pc = 0x1c021990
        [ 592000 ns] Test is running, debug_wb_pc = 0x1c021990
        [ 602000 ns] Test is running, debug_wb_pc = 0x1c021990
        [ 612000 ns] Test is running, debug_wb_pc = 0x1c021990
        [ 622000 ns] Test is running, debug_wb_pc = 0x1c021990
        [ 632000 ns] Test is running, debug_wb_pc = 0x1c021990
        [ 642000 ns] Test is running, debug_wb_pc = 0x1c021990
        [ 652000 ns] Test is running, debug_wb_pc = 0x1c021990
        [ 662000 ns] Test is running, debug_wb_pc = 0x1c021990
        [ 672000 ns] Test is running, debug_wb_pc = 0x1c021990
        [ 682000 ns] Test is running, debug_wb_pc = 0x1c021990
        [ 692000 ns] Test is running, debug_wb_pc = 0x1c021990
        [ 702000 ns] Test is running, debug_wb_pc = 0x1c021990
        [ 712000 ns] Test is running, debug_wb_pc = 0x1c021990
        [ 722000 ns] Test is running, debug_wb_pc = 0x1c021990
        [ 732000 ns] Test is running, debug_wb_pc = 0x1c021990
        [ 742000 ns] Test is running, debug_wb_pc = 0x1c021990
        [ 752000 ns] Test is running, debug_wb_pc = 0x1c021990
        [ 762000 ns] Test is running, debug_wb_pc = 0x1c021990
        [ 772000 ns] Test is running, debug_wb_pc = 0x1c021990
        [ 782000 ns] Test is running, debug_wb_pc = 0x1c021990
        [ 792000 ns] Test is running, debug_wb_pc = 0x1c021990
        [ 802000 ns] Test is running, debug_wb_pc = 0x1c021990
        [ 812000 ns] Test is running, debug_wb_pc = 0x1c021990
        [ 822000 ns] Test is running, debug_wb_pc = 0x1c021990
        [ 832000 ns] Test is running, debug_wb_pc = 0x1c021990
        [ 842000 ns] Test is running, debug_wb_pc = 0x1c021990
        [ 852000 ns] Test is running, debug_wb_pc = 0x1c021990
        [ 862000 ns] Test is running, debug_wb_pc = 0x1c021990
        [ 872000 ns] Test is running, debug_wb_pc = 0x1c021990
        [ 882000 ns] Test is running, debug_wb_pc = 0x1c021990
        [ 892000 ns] Test is running, debug_wb_pc = 0x1c021990
        [ 902000 ns] Test is running, debug_wb_pc = 0x1c021990
        [ 912000 ns] Test is running, debug_wb_pc = 0x1c021990
        [ 922000 ns] Test is running, debug_wb_pc = 0x1c021990
        [ 932000 ns] Test is running, debug_wb_pc = 0x1c021990
        [ 942000 ns] Test is running, debug_wb_pc = 0x1c021990
        [ 952000 ns] Test is running, debug_wb_pc = 0x1c021990
        [ 962000 ns] Test is running, debug_wb_pc = 0x1c021990
        [ 972000 ns] Test is running, debug_wb_pc = 0x1c021990
        [ 982000 ns] Test is running, debug_wb_pc = 0x1c021990
        [ 992000 ns] Test is running, debug_wb_pc = 0x1c021990
        [1002000 ns] Test is running, debug_wb_pc = 0x1c021990
        [1012000 ns] Test is running, debug_wb_pc = 0x1c021990
        [1022000 ns] Test is running, debug_wb_pc = 0x1c021990
        [1032000 ns] Test is running, debug_wb_pc = 0x1c021990
        [1042000 ns] Test is running, debug_wb_pc = 0x1c021990
        [1052000 ns] Test is running, debug_wb_pc = 0x1c021990
        [1062000 ns] Test is running, debug_wb_pc = 0x1c021990
        [1072000 ns] Test is running, debug_wb_pc = 0x1c021990
        [1082000 ns] Test is running, debug_wb_pc = 0x1c021990
        [1092000 ns] Test is running, debug_wb_pc = 0x1c021990
        [1102000 ns] Test is running, debug_wb_pc = 0x1c021990
        [1112000 ns] Test is running, debug_wb_pc = 0x1c021990
        [1122000 ns] Test is running, debug_wb_pc = 0x1c021990
        [1132000 ns] Test is running, debug_wb_pc = 0x1c021990
        [1142000 ns] Test is running, debug_wb_pc = 0x1c021990
        [1152000 ns] Test is running, debug_wb_pc = 0x1c021990
        [1162000 ns] Test is running, debug_wb_pc = 0x1c021990
        [1172000 ns] Test is running, debug_wb_pc = 0x1c021990
        [1182000 ns] Test is running, debug_wb_pc = 0x1c021990
        [1192000 ns] Test is running, debug_wb_pc = 0x1c021990
        [1202000 ns] Test is running, debug_wb_pc = 0x1c021990
        [1212000 ns] Test is running, debug_wb_pc = 0x1c021990
        [1222000 ns] Test is running, debug_wb_pc = 0x1c021990
