Copyright 1986-2022 Xilinx, Inc. All Rights Reserved. Copyright 2022-2023 Advanced Micro Devices, Inc. All Rights Reserved.
----------------------------------------------------------------------------------------------------------------------------------------------------------
| Tool Version     : Vivado v.2023.1 (win64) Build 3865809 Sun May  7 15:05:29 MDT 2023
| Date             : Thu Mar 21 18:11:42 2024
| Host             : ysxAshore running 64-bit major release  (build 9200)
| Command          : report_power -file soc_lite_top_power_routed.rpt -pb soc_lite_top_power_summary_routed.pb -rpx soc_lite_top_power_routed.rpx
| Design           : soc_lite_top
| Device           : xc7a200tfbg676-1
| Design State     : routed
| Grade            : commercial
| Process          : typical
| Characterization : Production
----------------------------------------------------------------------------------------------------------------------------------------------------------

Power Report

Table of Contents
-----------------
1. Summary
1.1 On-Chip Components
1.2 Power Supply Summary
1.3 Confidence Level
2. Settings
2.1 Environment
2.2 Clock Constraints
3. Detailed Reports
3.1 By Hierarchy

1. Summary
----------

+--------------------------+--------------+
| Total On-Chip Power (W)  | 0.298        |
| Design Power Budget (W)  | Unspecified* |
| Power Budget Margin (W)  | NA           |
| Dynamic (W)              | 0.144        |
| Device Static (W)        | 0.153        |
| Effective TJA (C/W)      | 1.9          |
| Max Ambient (C)          | 84.4         |
| Junction Temperature (C) | 25.6         |
| Confidence Level         | Low          |
| Setting File             | ---          |
| Simulation Activity File | ---          |
| Design Nets Matched      | NA           |
+--------------------------+--------------+
* Specify Design Power Budget using, set_operating_conditions -design_power_budget <value in Watts>


1.1 On-Chip Components
----------------------

+--------------------------+-----------+----------+-----------+-----------------+
| On-Chip                  | Power (W) | Used     | Available | Utilization (%) |
+--------------------------+-----------+----------+-----------+-----------------+
| Clocks                   |     0.010 |        6 |       --- |             --- |
| Slice Logic              |     0.005 |    10120 |       --- |             --- |
|   LUT as Logic           |     0.004 |     4985 |    133800 |            3.73 |
|   CARRY4                 |    <0.001 |      362 |     33450 |            1.08 |
|   F7/F8 Muxes            |    <0.001 |      489 |    133800 |            0.37 |
|   Register               |    <0.001 |     2876 |    269200 |            1.07 |
|   LUT as Distributed RAM |    <0.001 |       44 |     46200 |            0.10 |
|   Others                 |     0.000 |      730 |       --- |             --- |
|   BUFG                   |     0.000 |        1 |        32 |            3.13 |
| Signals                  |     0.023 |     9664 |       --- |             --- |
| Block RAM                |     0.003 |      320 |       365 |           87.67 |
| PLL                      |     0.100 |        1 |        10 |           10.00 |
| I/O                      |     0.002 |       87 |       400 |           21.75 |
| Static Power             |     0.153 |          |           |                 |
| Total                    |     0.298 |          |           |                 |
+--------------------------+-----------+----------+-----------+-----------------+


1.2 Power Supply Summary
------------------------

+-----------+-------------+-----------+-------------+------------+-------------+-------------+------------+
| Source    | Voltage (V) | Total (A) | Dynamic (A) | Static (A) | Powerup (A) | Budget (A)  | Margin (A) |
+-----------+-------------+-----------+-------------+------------+-------------+-------------+------------+
| Vccint    |       1.000 |     0.087 |       0.050 |      0.038 |       NA    | Unspecified | NA         |
| Vccaux    |       1.800 |     0.082 |       0.051 |      0.031 |       NA    | Unspecified | NA         |
| Vcco33    |       3.300 |     0.006 |       0.001 |      0.005 |       NA    | Unspecified | NA         |
| Vcco25    |       2.500 |     0.000 |       0.000 |      0.000 |       NA    | Unspecified | NA         |
| Vcco18    |       1.800 |     0.000 |       0.000 |      0.000 |       NA    | Unspecified | NA         |
| Vcco15    |       1.500 |     0.000 |       0.000 |      0.000 |       NA    | Unspecified | NA         |
| Vcco135   |       1.350 |     0.000 |       0.000 |      0.000 |       NA    | Unspecified | NA         |
| Vcco12    |       1.200 |     0.000 |       0.000 |      0.000 |       NA    | Unspecified | NA         |
| Vccaux_io |       1.800 |     0.000 |       0.000 |      0.000 |       NA    | Unspecified | NA         |
| Vccbram   |       1.000 |     0.009 |       0.000 |      0.008 |       NA    | Unspecified | NA         |
| MGTAVcc   |       1.000 |     0.000 |       0.000 |      0.000 |       NA    | Unspecified | NA         |
| MGTAVtt   |       1.200 |     0.000 |       0.000 |      0.000 |       NA    | Unspecified | NA         |
| Vccadc    |       1.800 |     0.020 |       0.000 |      0.020 |       NA    | Unspecified | NA         |
+-----------+-------------+-----------+-------------+------------+-------------+-------------+------------+


1.3 Confidence Level
--------------------

+-----------------------------+------------+--------------------------------------------------------+--------------------------------------------------------------------------------------------------------------------+
| User Input Data             | Confidence | Details                                                | Action                                                                                                             |
+-----------------------------+------------+--------------------------------------------------------+--------------------------------------------------------------------------------------------------------------------+
| Design implementation state | High       | Design is routed                                       |                                                                                                                    |
| Clock nodes activity        | Medium     | More than 5% of clocks are missing user specification  | Provide missing clock activity with a constraint file, simulation results or by editing the "By Clock Domain" view |
| I/O nodes activity          | Low        | More than 75% of inputs are missing user specification | Provide missing input activity with simulation results or by editing the "By Resource Type -> I/Os" view           |
| Internal nodes activity     | Medium     | User specified less than 25% of internal nodes         | Provide missing internal nodes activity with simulation results or by editing the "By Resource Type" views         |
| Device models               | High       | Device models are Production                           |                                                                                                                    |
|                             |            |                                                        |                                                                                                                    |
| Overall confidence level    | Low        |                                                        |                                                                                                                    |
+-----------------------------+------------+--------------------------------------------------------+--------------------------------------------------------------------------------------------------------------------+


2. Settings
-----------

2.1 Environment
---------------

+-----------------------+--------------------------+
| Ambient Temp (C)      | 25.0                     |
| ThetaJA (C/W)         | 1.9                      |
| Airflow (LFM)         | 250                      |
| Heat Sink             | medium (Medium Profile)  |
| ThetaSA (C/W)         | 3.4                      |
| Board Selection       | medium (10"x10")         |
| # of Board Layers     | 12to15 (12 to 15 Layers) |
| Board Temperature (C) | 25.0                     |
+-----------------------+--------------------------+


2.2 Clock Constraints
---------------------

+-------------------+------------------------------------+-----------------+
| Clock             | Domain                             | Constraint (ns) |
+-------------------+------------------------------------+-----------------+
| clk               | clk                                |            10.0 |
| clkfbout_clk_pll  | pll.clk_pll/inst/clkfbout_clk_pll  |            10.0 |
| cpu_clk_clk_pll   | pll.clk_pll/inst/cpu_clk_clk_pll   |            20.0 |
| timer_clk_clk_pll | pll.clk_pll/inst/timer_clk_clk_pll |            10.0 |
+-------------------+------------------------------------+-----------------+


3. Detailed Reports
-------------------

3.1 By Hierarchy
----------------

+------------------------+-----------+
| Name                   | Power (W) |
+------------------------+-----------+
| soc_lite_top           |     0.144 |
|   cpu                  |     0.026 |
|     u_csr              |     0.003 |
|     u_exe_stage        |     0.003 |
|     u_id_stage         |     0.004 |
|     u_mem_stage        |     0.016 |
|   inst_ram             |     0.010 |
|     U0                 |     0.010 |
|       inst_blk_mem_gen |     0.010 |
|   pll.clk_pll          |     0.101 |
|     inst               |     0.101 |
|   u_confreg            |     0.004 |
+------------------------+-----------+


