Copyright 1986-2022 Xilinx, Inc. All Rights Reserved. Copyright 2022-2023 Advanced Micro Devices, Inc. All Rights Reserved.
---------------------------------------------------------------------------------------------------------------------------------------------
| Tool Version : Vivado v.2023.1 (win64) Build 3865809 Sun May  7 15:05:29 MDT 2023
| Date         : Sun May  5 21:03:19 2024
| Host         : ysxAshore running 64-bit major release  (build 9200)
| Command      : upgrade_ip
| Device       : xc7a200tfbg676-2
---------------------------------------------------------------------------------------------------------------------------------------------

Upgrade Log for IP 'sram_32x52bit'

1. Summary
----------

SUCCESS in the upgrade of sram_32x52bit (xilinx.com:ip:blk_mem_gen:8.4) from (Rev. 4) to (Rev. 6)






Copyright 1986-2022 Xilinx, Inc. All Rights Reserved. Copyright 2022-2023 Advanced Micro Devices, Inc. All Rights Reserved.
---------------------------------------------------------------------------------------------------------------------------------------------
| Tool Version : Vivado v.2023.1 (win64) Build 3865809 Sun May  7 15:05:29 MDT 2023
| Date         : Sun May  5 21:03:18 2024
| Host         : ysxAshore running 64-bit major release  (build 9200)
| Command      : upgrade_ip
| Device       : xc7a200tfbg676-2
---------------------------------------------------------------------------------------------------------------------------------------------

Upgrade Log for IP 'sram_128x64'

1. Summary
----------

SUCCESS in the upgrade of sram_128x64 (xilinx.com:ip:blk_mem_gen:8.4) from (Rev. 4) to (Rev. 6)






Copyright 1986-2022 Xilinx, Inc. All Rights Reserved. Copyright 2022-2023 Advanced Micro Devices, Inc. All Rights Reserved.
---------------------------------------------------------------------------------------------------------------------------------------------
| Tool Version : Vivado v.2023.1 (win64) Build 3865809 Sun May  7 15:05:29 MDT 2023
| Date         : Sun May  5 21:03:17 2024
| Host         : ysxAshore running 64-bit major release  (build 9200)
| Command      : upgrade_ip
| Device       : xc7a200tfbg676-2
---------------------------------------------------------------------------------------------------------------------------------------------

Upgrade Log for IP 'sram_128x32'

1. Summary
----------

SUCCESS in the upgrade of sram_128x32 (xilinx.com:ip:blk_mem_gen:8.4) from (Rev. 4) to (Rev. 6)






Copyright 1986-2022 Xilinx, Inc. All Rights Reserved. Copyright 2022-2023 Advanced Micro Devices, Inc. All Rights Reserved.
---------------------------------------------------------------------------------------------------------------------------------------------
| Tool Version : Vivado v.2023.1 (win64) Build 3865809 Sun May  7 15:05:29 MDT 2023
| Date         : Sun May  5 21:03:17 2024
| Host         : ysxAshore running 64-bit major release  (build 9200)
| Command      : upgrade_ip
| Device       : xc7a200tfbg676-2
---------------------------------------------------------------------------------------------------------------------------------------------

Upgrade Log for IP 'sram_128x22'

1. Summary
----------

SUCCESS in the upgrade of sram_128x22 (xilinx.com:ip:blk_mem_gen:8.4) from (Rev. 4) to (Rev. 6)






Copyright 1986-2022 Xilinx, Inc. All Rights Reserved. Copyright 2022-2023 Advanced Micro Devices, Inc. All Rights Reserved.
---------------------------------------------------------------------------------------------------------------------------------------------
| Tool Version : Vivado v.2023.1 (win64) Build 3865809 Sun May  7 15:05:29 MDT 2023
| Date         : Sun May  5 21:03:16 2024
| Host         : ysxAshore running 64-bit major release  (build 9200)
| Command      : upgrade_ip
| Device       : xc7a200tfbg676-2
---------------------------------------------------------------------------------------------------------------------------------------------

Upgrade Log for IP 'dpram_512x32'

1. Summary
----------

SUCCESS in the upgrade of dpram_512x32 (xilinx.com:ip:blk_mem_gen:8.4) from (Rev. 4) to (Rev. 6)






Copyright 1986-2022 Xilinx, Inc. All Rights Reserved. Copyright 2022-2023 Advanced Micro Devices, Inc. All Rights Reserved.
---------------------------------------------------------------------------------------------------------------------------------------------
| Tool Version : Vivado v.2023.1 (win64) Build 3865809 Sun May  7 15:05:29 MDT 2023
| Date         : Sun May  5 21:03:15 2024
| Host         : ysxAshore running 64-bit major release  (build 9200)
| Command      : upgrade_ip
| Device       : xc7a200tfbg676-2
---------------------------------------------------------------------------------------------------------------------------------------------

Upgrade Log for IP 'clk_wiz_0'

1. Summary
----------

SUCCESS in the upgrade of clk_wiz_0 (xilinx.com:ip:clk_wiz:6.0) from (Rev. 4) to (Rev. 12)






Copyright 1986-2022 Xilinx, Inc. All Rights Reserved. Copyright 2022-2023 Advanced Micro Devices, Inc. All Rights Reserved.
---------------------------------------------------------------------------------------------------------------------------------------------
| Tool Version : Vivado v.2023.1 (win64) Build 3865809 Sun May  7 15:05:29 MDT 2023
| Date         : Sun May  5 21:03:14 2024
| Host         : ysxAshore running 64-bit major release  (build 9200)
| Command      : upgrade_ip
| Device       : xc7a200tfbg676-2
---------------------------------------------------------------------------------------------------------------------------------------------

Upgrade Log for IP 'clk_pll_33'

1. Summary
----------

SUCCESS in the upgrade of clk_pll_33 (xilinx.com:ip:clk_wiz:6.0) from (Rev. 4) to (Rev. 12)






Copyright 1986-2022 Xilinx, Inc. All Rights Reserved. Copyright 2022-2023 Advanced Micro Devices, Inc. All Rights Reserved.
---------------------------------------------------------------------------------------------------------------------------------------------
| Tool Version : Vivado v.2023.1 (win64) Build 3865809 Sun May  7 15:05:29 MDT 2023
| Date         : Sun May  5 21:03:14 2024
| Host         : ysxAshore running 64-bit major release  (build 9200)
| Command      : upgrade_ip
| Device       : xc7a200tfbg676-2
---------------------------------------------------------------------------------------------------------------------------------------------

Upgrade Log for IP 'axi_interconnect_0'

1. Summary
----------

SUCCESS in the upgrade of axi_interconnect_0 (xilinx.com:ip:axi_interconnect:1.7) from (Rev. 17) to (Rev. 21)






Copyright 1986-2022 Xilinx, Inc. All Rights Reserved. Copyright 2022-2023 Advanced Micro Devices, Inc. All Rights Reserved.
---------------------------------------------------------------------------------------------------------------------------------------------
| Tool Version : Vivado v.2023.1 (win64) Build 3865809 Sun May  7 15:05:29 MDT 2023
| Date         : Sun May  5 21:03:13 2024
| Host         : ysxAshore running 64-bit major release  (build 9200)
| Command      : upgrade_ip
| Device       : xc7a200tfbg676-2
---------------------------------------------------------------------------------------------------------------------------------------------

Upgrade Log for IP 'axi_clock_converter_0'

1. Summary
----------

SUCCESS in the upgrade of axi_clock_converter_0 (xilinx.com:ip:axi_clock_converter:2.1) from (Rev. 19) to (Rev. 27)






Copyright 1986-2022 Xilinx, Inc. All Rights Reserved. Copyright 2022-2023 Advanced Micro Devices, Inc. All Rights Reserved.
---------------------------------------------------------------------------------------------------------------------------------------------
| Tool Version : Vivado v.2023.1 (win64) Build 3865809 Sun May  7 15:05:29 MDT 2023
| Date         : Sun May  5 21:03:13 2024
| Host         : ysxAshore running 64-bit major release  (build 9200)
| Command      : upgrade_ip
| Device       : xc7a200tfbg676-2
---------------------------------------------------------------------------------------------------------------------------------------------

Upgrade Log for IP 'axi_2x1_mux'

1. Summary
----------

SUCCESS in the upgrade of axi_2x1_mux (xilinx.com:ip:axi_interconnect:1.7) from (Rev. 17) to (Rev. 21)

